Afghanistan,1974,12321541
Albania,1974,2350124
Algeria,1974,16247113
American Samoa,1974,29488
Andorra,1974,29520
Angola,1974,7474338
Antigua and Barbuda,1974,70878
Argentina,1974,25644506
Armenia,1974,2773747
Aruba,1974,60528
Australia,1974,13723000
Austria,1974,7599038
Azerbaijan,1974,5579077
Bahrain,1974,251911
Bangladesh,1974,69884420
Barbados,1974,244539
Belarus,1974,9317584
Belgium,1974,9772419
Belize,1974,131307
Benin,1974,3187412
Bermuda,1974,53400
Bhutan,1974,338943
Bolivia,1974,4902168
Bosnia and Herzegovina,1974,3942223
Botswana,1974,796095
Brazil,1974,105069367
British Virgin Islands,1974,10379
Brunei Darussalam,1974,155109
Bulgaria,1974,8678745
Burkina Faso,1974,6040041
Burundi,1974,3618585
Cabo Verde,1974,272292
Cambodia,1974,7531424
Cameroon,1974,7254468
Canada,1974,22774087
Cayman Islands,1974,11498
Central African Republic,1974,1975521
Chad,1974,3999512
Channel Islands,1974,125682
Chile,1974,10267056
China,1974,900350000
Colombia,1974,24208021
Comoros,1974,250104
Costa Rica,1974,2045580
Cote d'Ivoire,1974,6305287
Croatia,1974,4497000
Cuba,1974,9315373
Curacao,1974,148351
Cyprus,1974,642339
Czech Republic,1974,9988459
Denmark,1974,5045297
Djibouti,1974,205181
Dominica,1974,71807
Dominican Republic,1974,5019473
Ecuador,1974,6798206
El Salvador,1974,4053713
Equatorial Guinea,1974,269426
Eritrea,1974,2019717
Estonia,1974,1418169
Ethiopia,1974,31851708
Faroe Islands,1974,40955
Fiji,1974,565388
Finland,1974,4690574
France,1974,53882416
French Polynesia,1974,126486
Gabon,1974,636696
Georgia,1974,4279500
Germany,1974,78967433
Ghana,1974,9604276
Gibraltar,1974,29427
Greece,1974,8962022
Greenland,1974,49500
Grenada,1974,93152
Guam,1974,91377
Guatemala,1974,6268707
Guinea,1974,4345545
Guinea-Bissau,1974,768945
Guyana,1974,737847
Haiti,1974,5047944
Honduras,1974,3059254
Hungary,1974,10478720
Iceland,1974,215209
India,1974,607050255
Indonesia,1974,127465231
Iraq,1974,11312305
Ireland,1974,3137500
Isle of Man,1974,58655
Israel,1974,3377000
Italy,1974,55110868
Jamaica,1974,1998034
Japan,1974,110162000
Jordan,1974,2004833
Kazakhstan,1974,13577049
Kenya,1974,12997595
Kiribati,1974,54380
Kosovo,1974,1339000
Kuwait,1974,964834
Kyrgyz Republic,1974,3223900
Lao PDR,1974,2990965
Latvia,1974,2437186
Lebanon,1974,2535497
Lesotho,1974,1123855
Liberia,1974,1578952
Libya,1974,2536888
Liechtenstein,1974,22981
Lithuania,1974,3273894
Luxembourg,1974,355050
Madagascar,1974,7345780
Malawi,1974,5141202
Malaysia,1974,11871233
Maldives,1974,132195
Mali,1974,6368348
Malta,1974,301996
Marshall Islands,1974,24531
Mauritania,1974,1290790
Mauritius,1974,878042
Mexico,1974,59088193
Moldova,1974,3215000
Monaco,1974,24835
Mongolia,1974,1438425
Montenegro,1974,538902
Morocco,1974,17416964
Mozambique,1974,10076172
Myanmar,1974,29027734
Namibia,1974,880785
Nauru,1974,6972
Nepal,1974,13040404
Netherlands,1974,13545056
New Caledonia,1974,131000
New Zealand,1974,3023700
Nicaragua,1974,2711848
Niger,1974,5040656
Nigeria,1974,61673559
Northern Mariana Islands,1974,14859
Norway,1974,3985258
Oman,1974,841948
Pakistan,1974,64870833
Palau,1974,12197
Panama,1974,1699113
Papua New Guinea,1974,2802243
Paraguay,1974,2723523
Peru,1974,14832841
Philippines,1974,40149961
Poland,1974,33678899
Portugal,1974,8754365
Puerto Rico,1974,2939299
Qatar,1974,153704
Romania,1974,21029429
Russian Federation,1974,133432000
Rwanda,1974,4226799
Samoa,1974,150221
San Marino,1974,19562
Sao Tome and Principe,1974,80670
Saudi Arabia,1974,7059334
Senegal,1974,4802348
Seychelles,1974,57937
Sierra Leone,1974,2927468
Singapore,1974,2229800
Slovak Republic,1974,4689623
Slovenia,1974,1776132
Solomon Islands,1974,186332
Somalia,1974,3627504
South Africa,1974,25040940
South Sudan,1974,4017075
Spain,1974,35373335
Sri Lanka,1974,13284000
St. Kitts and Nevis,1974,44331
St. Lucia,1974,108532
St. Martin (French part),1974,6078
St. Vincent and the Grenadines,1974,94568
Sudan,1974,11732958
Suriname,1974,365099
Swaziland,1974,501512
Sweden,1974,8159955
Switzerland,1974,6341405
Syrian Arab Republic,1974,7283177
Tajikistan,1974,3296095
Tanzania,1974,15477294
Thailand,1974,41259536
Timor-Leste,1974,664223
Togo,1974,2356622
Tonga,1974,87609
Trinidad and Tobago,1974,997053
Tunisia,1974,5526764
Turkey,1974,38370241
Turkmenistan,1974,2457382
Turks and Caicos Islands,1974,6346
Tuvalu,1974,7616
Uganda,1974,10533716
Ukraine,1974,48455122
United Arab Emirates,1974,471364
United Kingdom,1974,56229974
United States,1974,213854000
Uruguay,1974,2824069
Uzbekistan,1974,13525094
Vanuatu,1974,96796
Vietnam,1974,46918000
Virgin Islands (U.S.),1974,90000
Zambia,1974,4794754
Zimbabwe,1974,5920943
