Afghanistan,2011,29708599
Albania,2011,2905195
Algeria,2011,36819558
American Samoa,2011,55320
Andorra,2011,83751
Angola,2011,24218565
Antigua and Barbuda,2011,95719
Argentina,2011,41656879
Armenia,2011,2875581
Aruba,2011,102053
Australia,2011,22340024
Austria,2011,8391643
Azerbaijan,2011,9173082
Bahrain,2011,1278269
Bangladesh,2011,153911916
Barbados,2011,280601
Belarus,2011,9473172
Belgium,2011,11047744
Belize,2011,329192
Benin,2011,9460802
Bermuda,2011,64564
Bhutan,2011,740510
Bolivia,2011,10078343
Bosnia and Herzegovina,2011,3688865
Botswana,2011,2051339
Brazil,2011,198686688
British Virgin Islands,2011,27901
Brunei Darussalam,2011,394013
Bulgaria,2011,7348328
Burkina Faso,2011,16081904
Burundi,2011,9043508
Cabo Verde,2011,508067
Cambodia,2011,14537886
Cameroon,2011,20520447
Canada,2011,34342780
Cayman Islands,2011,56579
Central African Republic,2011,4476153
Chad,2011,12288651
Channel Islands,2011,160497
Chile,2011,17153357
China,2011,1344130000
Colombia,2011,46406646
Comoros,2011,706569
Costa Rica,2011,4600474
Cote d'Ivoire,2011,20895311
Croatia,2011,4280622
Cuba,2011,11354651
Curacao,2011,150831
Cyprus,2011,1124835
Czech Republic,2011,10496088
Denmark,2011,5570572
Djibouti,2011,865937
Dominica,2011,71718
Dominican Republic,2011,10027095
Ecuador,2011,15177355
El Salvador,2011,6192560
Equatorial Guinea,2011,994290
Eritrea,2011,4474690
Estonia,2011,1327439
Ethiopia,2011,90046756
Faroe Islands,2011,48608
Fiji,2011,867086
Finland,2011,5388272
France,2011,65342776
French Polynesia,2011,269843
Gabon,2011,1697101
Georgia,2011,3875000
Germany,2011,80274983
Ghana,2011,25121796
Gibraltar,2011,33405
Greece,2011,11104899
Greenland,2011,56890
Grenada,2011,105075
Guam,2011,159678
Guatemala,2011,14948919
Guinea,2011,11035170
Guinea-Bissau,2011,1596154
Guyana,2011,749100
Haiti,2011,10145054
Honduras,2011,8351600
Hungary,2011,9971727
Iceland,2011,319014
India,2011,1247236029
Indonesia,2011,245707511
Iraq,2011,31727053
Ireland,2011,4576794
Isle of Man,2011,80759
Israel,2011,7765800
Italy,2011,59379449
Jamaica,2011,2829493
Japan,2011,127833000
Jordan,2011,7574943
Kazakhstan,2011,16556600
Kenya,2011,42486839
Kiribati,2011,104656
Kosovo,2011,1791000
Kuwait,2011,3191051
Kyrgyz Republic,2011,5514600
Lao PDR,2011,6333487
Latvia,2011,2059709
Lebanon,2011,4588368
Lesotho,2011,2064166
Liberia,2011,4070167
Libya,2011,6193501
Liechtenstein,2011,36264
Lithuania,2011,3028115
Luxembourg,2011,518347
Madagascar,2011,21743949
Malawi,2011,15627618
Malaysia,2011,28635128
Maldives,2011,377000
Mali,2011,15540989
Malta,2011,416268
Marshall Islands,2011,52542
Mauritania,2011,3717672
Mauritius,2011,1252404
Mexico,2011,119090017
Moldova,2011,3559986
Monaco,2011,37497
Mongolia,2011,2761516
Montenegro,2011,620079
Morocco,2011,32858823
Mozambique,2011,24939005
Myanmar,2011,50553031
Namibia,2011,2215621
Nauru,2011,10057
Nepal,2011,27327147
Netherlands,2011,16693074
New Caledonia,2011,254000
New Zealand,2011,4384000
Nicaragua,2011,5807820
Niger,2011,17064636
Nigeria,2011,162877076
Northern Mariana Islands,2011,53786
Norway,2011,4953088
Oman,2011,3237268
Pakistan,2011,174184265
Palau,2011,20599
Panama,2011,3707782
Papua New Guinea,2011,7269348
Paraguay,2011,6293783
Peru,2011,29759989
Philippines,2011,95277940
Poland,2011,38063255
Portugal,2011,10557560
Puerto Rico,2011,3678732
Qatar,2011,1952054
Romania,2011,20147528
Russian Federation,2011,142960868
Rwanda,2011,10516071
Samoa,2011,187665
San Marino,2011,31504
Sao Tome and Principe,2011,178800
Saudi Arabia,2011,28238020
Senegal,2011,13300910
Serbia,2011,7234099
Seychelles,2011,87441
Sierra Leone,2011,6611692
Singapore,2011,5183688
Sint Maarten (Dutch part),2011,33435
Slovak Republic,2011,5398384
Slovenia,2011,2052843
Solomon Islands,2011,539614
Somalia,2011,12404725
South Africa,2011,51729345.3578159
South Sudan,2011,10448857
Spain,2011,46742697
Sri Lanka,2011,20271000
St. Kitts and Nevis,2011,52006
St. Lucia,2011,173832
St. Martin (French part),2011,30615
St. Vincent and the Grenadines,2011,109341
Sudan,2011,35167314
Suriname,2011,531589
Swaziland,2011,1225258
Sweden,2011,9449213
Switzerland,2011,7912398
Syrian Arab Republic,2011,20863993
Tajikistan,2011,7815949
Tanzania,2011,47570902
Thailand,2011,67530130
Timor-Leste,2011,1131523
Togo,2011,6679282
Tonga,2011,104577
Trinidad and Tobago,2011,1334788
Tunisia,2011,10761467
Turkey,2011,73409455
Turkmenistan,2011,5174061
Turks and Caicos Islands,2011,31731
Tuvalu,2011,10628
Uganda,2011,35093648
Ukraine,2011,45706100
United Arab Emirates,2011,8672475
United Kingdom,2011,63258918
United States,2011,311663358
Uruguay,2011,3385624
Uzbekistan,2011,29339400
Vanuatu,2011,241871
Vietnam,2011,87860300
Virgin Islands (U.S.),2011,105784
West Bank and Gaza,2011,3927051
Zambia,2011,14264756
Zimbabwe,2011,14386649
