Afghanistan,1982,12749645
Albania,1982,2784278
Algeria,1982,20575701
American Samoa,1982,34738
Andorra,1982,39114
Angola,1982,9582156
Antigua and Barbuda,1982,72448
Argentina,1982,28993987
Armenia,1982,3193686
Aruba,1982,61345
Australia,1982,15178000
Austria,1982,7574140
Azerbaijan,1982,6349558
Bahrain,1982,385950
Bangladesh,1982,86007331
Barbados,1982,253841
Belarus,1982,9776000
Belgium,1982,9856303
Belize,1982,151500
Benin,1982,3927714
Bermuda,1982,55449
Bhutan,1982,431050
Bolivia,1982,5835182
Bosnia and Herzegovina,1982,4265310
Botswana,1982,1075889
Brazil,1982,126947365
British Virgin Islands,1982,11712
Brunei Darussalam,1982,206128
Bulgaria,1982,8917457
Burkina Faso,1982,7158255
Burundi,1982,4333386
Cabo Verde,1982,297285
Cambodia,1982,6918101
Cameroon,1982,9158566
Canada,1982,25202000
Cayman Islands,1982,17356
Central African Republic,1982,2418844
Chad,1982,4715197
Channel Islands,1982,129979
Chile,1982,11615836
China,1982,1008630000
Colombia,1982,29027162
Comoros,1982,326946
Costa Rica,1982,2521168
Cote d'Ivoire,1982,9044473
Croatia,1982,4635000
Cuba,1982,9925623
Curacao,1982,150101
Cyprus,1982,691702
Czech Republic,1982,10314826
Denmark,1982,5117810
Djibouti,1982,385271
Dominica,1982,75170
Dominican Republic,1982,6078820
Ecuador,1982,8392940
El Salvador,1982,4725720
Equatorial Guinea,1982,290617
Eritrea,1982,2525521
Estonia,1982,1498414
Ethiopia,1982,37136848
Faroe Islands,1982,44307
Fiji,1982,668198
Finland,1982,4826933
France,1982,55858727
French Polynesia,1982,160888
Gabon,1982,766855
Georgia,1982,4542800
Germany,1982,78333366
Ghana,1982,11488106
Gibraltar,1982,30381
Greece,1982,9789513
Greenland,1982,51500
Grenada,1982,93091
Guam,1982,108906
Guatemala,1982,7654819
Guinea,1982,4690605
Guinea-Bissau,1982,832668
Guyana,1982,781246
Haiti,1982,5955267
Honduras,1982,3910657
Hungary,1982,10705535
Iceland,1982,233860
India,1982,729868013
Indonesia,1982,154506265
Iraq,1982,14438309
Ireland,1982,3485800
Isle of Man,1982,63191
Israel,1982,4031000
Italy,1982,56543548
Jamaica,1982,2235327
Japan,1982,118449000
Jordan,1982,2559718
Kazakhstan,1982,14853993
Kenya,1982,17559430
Kiribati,1982,60920
Kosovo,1982,1582000
Kuwait,1982,1511314
Kyrgyz Republic,1982,3759300
Lao PDR,1982,3401242
Latvia,1982,2531080
Lebanon,1982,2632276
Lesotho,1982,1377346
Liberia,1982,2031850
Libya,1982,3480454
Liechtenstein,1982,26515
Lithuania,1982,3457179
Luxembourg,1982,365525
Madagascar,1982,9234129
Malawi,1982,6484452
Malaysia,1982,14470633
Maldives,1982,169960
Mali,1982,7387656
Malta,1982,325898
Marshall Islands,1982,33330
Mauritania,1982,1625124
Mauritius,1982,992521
Mexico,1982,72602533
Moldova,1982,3464000
Monaco,1982,27624
Mongolia,1982,1777727
Montenegro,1982,587001
Morocco,1982,21016818
Mozambique,1982,12409243
Myanmar,1982,34917895
Namibia,1982,1056366
Nauru,1982,7719
Nepal,1982,15607236
Netherlands,1982,14312690
New Caledonia,1982,145700
New Zealand,1982,3156100
Nicaragua,1982,3435525
Niger,1982,6344382
Nigeria,1982,77472907
Northern Mariana Islands,1982,20856
Norway,1982,4114787
Oman,1982,1290111
Pakistan,1982,83445863
Palau,1982,12663
Panama,1982,2073844
Papua New Guinea,1982,3495199
Paraguay,1982,3366719
Peru,1982,18225730
Philippines,1982,50068493
Poland,1982,36230481
Portugal,1982,9911771
Puerto Rico,1982,3277453
Qatar,1982,277396
Romania,1982,22515389
Russian Federation,1982,140823000
Rwanda,1982,5489322
Samoa,1982,157403
San Marino,1982,21943
Sao Tome and Principe,1982,98706
Saudi Arabia,1982,11048080
Senegal,1982,5920059
Seychelles,1982,64413
Sierra Leone,1982,3525399
Singapore,1982,2646466
Slovak Republic,1982,5055099
Slovenia,1982,1910334
Solomon Islands,1982,246493
Somalia,1982,6716448
South Africa,1982,30611206
South Sudan,1982,5011726
Spain,1982,37986012
Sri Lanka,1982,15096000
St. Kitts and Nevis,1982,42762
St. Lucia,1982,121154
St. Martin (French part),1982,8670
St. Vincent and the Grenadines,1982,102204
Sudan,1982,15562194
Suriname,1982,364032
Swaziland,1982,639237
Sweden,1982,8325263
Switzerland,1982,6391309
Syrian Arab Republic,1982,9590227
Tajikistan,1982,4140258
Tanzania,1982,19891548
Thailand,1982,49267560
Timor-Leste,1982,604430
Togo,1982,2915066
Tonga,1982,93681
Trinidad and Tobago,1982,1120611
Tunisia,1982,6733961
Turkey,1982,46025357
Turkmenistan,1982,3019066
Turks and Caicos Islands,1982,8244
Tuvalu,1982,8284
Uganda,1982,13323332
Ukraine,1982,50384000
United Arab Emirates,1982,1189545
United Kingdom,1982,56313641
United States,1982,231664000
Uruguay,1982,2954282
Uzbekistan,1982,16790069
Vanuatu,1982,121435
Vietnam,1982,55687000
Virgin Islands (U.S.),1982,102000
Zambia,1982,6305709
Zimbabwe,1982,7721536
