Afghanistan,1963,9533954
Albania,1963,1762621
Algeria,1963,11985136
American Samoa,1963,21882
Andorra,1963,16412
Angola,1963,5980417
Antigua and Barbuda,1963,58294
Argentina,1963,21621840
Armenia,1963,2077575
Aruba,1963,56695
Australia,1963,10950000
Austria,1963,7175811
Azerbaijan,1963,4315128
Bahrain,1963,178140
Bangladesh,1963,52532417
Barbados,1963,233587
Belarus,1963,8437232
Belgium,1963,9289770
Belize,1963,100164
Benin,1963,2542859
Bermuda,1963,47700
Bhutan,1963,240778
Bolivia,1963,3913395
Bosnia and Herzegovina,1963,3417574
Botswana,1963,565353
Brazil,1963,78854019
British Virgin Islands,1963,8452
Brunei Darussalam,1963,93576
Bulgaria,1963,8078145
Burkina Faso,1963,5027821
Burundi,1963,2949926
Cabo Verde,1963,216908
Cambodia,1963,6183747
Cameroon,1963,5520332
Canada,1963,18964000
Cayman Islands,1963,8227
Central African Republic,1963,1585763
Chad,1963,3183551
Channel Islands,1963,112595
Chile,1963,8247415
China,1963,682335000
Colombia,1963,18033550
Comoros,1963,200372
Costa Rica,1963,1484510
Cote d'Ivoire,1963,3996941
Croatia,1963,4231408
Cuba,1963,7618354
Curacao,1963,130860
Cyprus,1963,577913
Czech Republic,1963,9670685
Denmark,1963,4684483
Djibouti,1963,100628
Dominica,1963,62918
Dominican Republic,1963,3638628
Ecuador,1963,4953733
El Salvador,1963,3015887
Equatorial Guinea,1963,266598
Eritrea,1963,1508273
Estonia,1963,1258857
Ethiopia,1963,23798429
Faroe Islands,1963,36014
Fiji,1963,436208
Finland,1963,4523309
France,1963,48803680
French Polynesia,1963,86837
Gabon,1963,516265
Georgia,1963,3816100
Germany,1963,74714353
Ghana,1963,7303432
Gibraltar,1963,24848
Greece,1963,8479625
Greenland,1963,36400
Grenada,1963,93350
Guam,1963,71286
Guatemala,1963,4595510
Guinea,1963,3749505
Guinea-Bissau,1963,636586
Guyana,1963,622575
Haiti,1963,4103730
Honduras,1963,2216707
Hungary,1963,10087947
Iceland,1963,185653
India,1963,477527970
Indonesia,1963,95055665
Iraq,1963,7888914
Ireland,1963,2852650
Isle of Man,1963,48800
Israel,1963,2379000
Italy,1963,51252000
Jamaica,1963,1703395
Japan,1963,96812000
Jordan,1963,1049302
Kazakhstan,1963,10913552
Kenya,1963,8908422
Kiribati,1963,44363
Kosovo,1963,1022000
Kuwait,1963,379891
Kyrgyz Republic,1963,2413700
Lao PDR,1963,2273349
Latvia,1963,2210919
Lebanon,1963,1984980
Lesotho,1963,898647
Liberia,1963,1196890
Libya,1963,1607171
Liechtenstein,1963,17718
Lithuania,1963,2898950
Luxembourg,1963,324100
Madagascar,1963,5486319
Malawi,1963,3872118
Malaysia,1963,8974084
Maldives,1963,97584
Mali,1963,5441613
Malta,1963,322550
Marshall Islands,1963,16114
Mauritania,1963,936016
Mauritius,1963,718861
Mexico,1963,41939880
Moldova,1963,2721000
Monaco,1963,23168
Mongolia,1963,1042383
Montenegro,1963,513409
Morocco,1963,13478232
Mozambique,1963,7862072
Myanmar,1963,22371902
Namibia,1963,648661
Nauru,1963,5231
Nepal,1963,10552267
Netherlands,1963,11965966
New Caledonia,1963,85700
New Zealand,1963,2531800
Nicaragua,1963,1943590
Niger,1963,3693866
Nigeria,1963,48032246
Northern Mariana Islands,1963,10667
Norway,1963,3666537
Oman,1963,593501
Pakistan,1963,48309315
Palau,1963,10378
Panama,1963,1238823
Papua New Guinea,1963,2139303
Paraguay,1963,2058915
Peru,1963,10961540
Philippines,1963,29016771
Poland,1963,30712000
Portugal,1963,9030355
Puerto Rico,1963,2504530
Qatar,1963,61717
Romania,1963,18797850
Russian Federation,1963,123960000
Rwanda,1963,3102972
Samoa,1963,119561
San Marino,1963,16621
Sao Tome and Principe,1963,64177
Saudi Arabia,1963,4516659
Senegal,1963,3481745
Seychelles,1963,45176
Sierra Leone,1963,2398414
Singapore,1963,1795000
Slovak Republic,1963,4282017
Slovenia,1963,1616971
Solomon Islands,1963,128866
Somalia,1963,2936443
South Africa,1963,18809939
South Sudan,1963,3131557
Spain,1963,31296651
Sri Lanka,1963,10582000
St. Kitts and Nevis,1963,50525
St. Lucia,1963,93399
St. Martin (French part),1963,4656
St. Vincent and the Grenadines,1963,84167
Sudan,1963,8248812
Suriname,1963,314528
Swaziland,1963,373897
Sweden,1963,7604328
Switzerland,1963,5694247
Syrian Arab Republic,1963,5034646
Tajikistan,1963,2318234
Tanzania,1963,11005905
Thailand,1963,29967041
Timor-Leste,1963,527749
Togo,1963,1631764
Tonga,1963,69005
Trinidad and Tobago,1963,892569
Tunisia,1963,4377637
Turkey,1963,29531342
Turkmenistan,1963,1773853
Turks and Caicos Islands,1963,5740
Tuvalu,1963,6538
Uganda,1963,7487429
Ukraine,1963,44285899
United Arab Emirates,1963,125566
United Kingdom,1963,53650000
United States,1963,189242000
Uruguay,1963,2635129
Uzbekistan,1963,9454250
Vanuatu,1963,69964
Vietnam,1963,36836000
Virgin Islands (U.S.),1963,38700
Zambia,1963,3345145
Zimbabwe,1963,4132756
