Afghanistan,1993,15095099
Albania,1993,3227287
Algeria,1993,27786259
American Samoa,1993,50720
Andorra,1993,60971
Angola,1993,13403734
Antigua and Barbuda,1993,69938
Argentina,1993,34110917
Armenia,1993,3363098
Aruba,1993,72504
Australia,1993,17667000
Austria,1993,7905633
Azerbaijan,1993,7495000
Bahrain,1993,536213
Bangladesh,1993,113695139
Barbados,1993,263089
Belarus,1993,10239000
Belgium,1993,10084475
Belize,1993,197616
Benin,1993,5521763
Bermuda,1993,58910
Bhutan,1993,523117
Bolivia,1993,7273825
Bosnia and Herzegovina,1993,4087999
Botswana,1993,1494693
Brazil,1993,157132682
British Virgin Islands,1993,17703
Brunei Darussalam,1993,281751
Bulgaria,1993,8472313
Burkina Faso,1993,9552476
Burundi,1993,5771398
Cabo Verde,1993,369014
Cambodia,1993,9968275
Cameroon,1993,12758881
Canada,1993,28833410
Cayman Islands,1993,28646
Central African Republic,1993,3181222
Chad,1993,6555603
Channel Islands,1993,142819
Chile,1993,13882668
China,1993,1178440000
Colombia,1993,36195168
Comoros,1993,449274
Costa Rica,1993,3341004
Cote d'Ivoire,1993,13622731
Croatia,1993,4640000
Cuba,1993,10794135
Curacao,1993,144299
Cyprus,1993,818751
Czech Republic,1993,10329855
Denmark,1993,5188628
Djibouti,1993,618495
Dominica,1993,71210
Dominican Republic,1993,7611465
Ecuador,1993,10951202
El Salvador,1993,5474000
Equatorial Guinea,1993,470610
Eritrea,1993,3099047
Estonia,1993,1494128
Ethiopia,1993,53532956
Faroe Islands,1993,46640
Fiji,1993,755026
Finland,1993,5066447
France,1993,59106766
French Polynesia,1993,208345
Gabon,1993,1031504
Georgia,1993,4911100
Germany,1993,81156363
Ghana,1993,15896432
Gibraltar,1993,29623
Greece,1993,10460415
Greenland,1993,55200
Grenada,1993,98305
Guam,1993,139818
Guatemala,1993,9938692
Guinea,1993,7163236
Guinea-Bissau,1993,1088569
Guyana,1993,753484
Haiti,1993,7530705
Honduras,1993,5398805
Hungary,1993,10357523
Iceland,1993,263725
India,1993,924057817
Indonesia,1993,190879523
Iraq,1993,19011917
Ireland,1993,3576261
Isle of Man,1993,69656
Israel,1993,5261000
Italy,1993,56831821
Jamaica,1993,2488782
Japan,1993,124536000
Jordan,1993,4189431
Kazakhstan,1993,16330419
Kenya,1993,25754114
Kiribati,1993,75719
Kosovo,1993,1965000
Kyrgyz Republic,1993,4516700
Lao PDR,1993,4623280
Latvia,1993,2563290
Lebanon,1993,2900854
Lesotho,1993,1700362
Liberia,1993,2000248
Libya,1993,4755289
Liechtenstein,1993,29919
Lithuania,1993,3682613
Luxembourg,1993,397475
Madagascar,1993,12675460
Malawi,1993,9755857
Malaysia,1993,19494967
Maldives,1993,242000
Mali,1993,9105472
Malta,1993,371308
Marshall Islands,1993,50048
Mauritania,1993,2199791
Mauritius,1993,1097374
Mexico,1993,90600453
Moldova,1993,3701000
Monaco,1993,30138
Mongolia,1993,2263200
Montenegro,1993,610170
Morocco,1993,26237417
Mozambique,1993,14636995
Myanmar,1993,42209778
Namibia,1993,1559983
Nauru,1993,9719
Nepal,1993,20321175
Netherlands,1993,15290368
New Caledonia,1993,184496
New Zealand,1993,3572200
Nicaragua,1993,4426580
Niger,1993,8842415
Nigeria,1993,102761737
Northern Mariana Islands,1993,50602
Norway,1993,4311991
Oman,1993,2072111
Pakistan,1993,116749560
Palau,1993,16342
Panama,1993,2629644
Papua New Guinea,1993,4651169
Paraguay,1993,4541902
Peru,1993,23184228
Philippines,1993,66650247
Poland,1993,38461408
Portugal,1993,9964675
Puerto Rico,1993,3615497
Qatar,1993,501566
Romania,1993,22763280
Russian Federation,1993,148520000
Rwanda,1993,6299909
Samoa,1993,167207
San Marino,1993,25141
Sao Tome and Principe,1993,121407
Saudi Arabia,1993,17859750
Senegal,1993,8272170
Serbia,1993,7699307
Seychelles,1993,72253
Sierra Leone,1993,4307299
Singapore,1993,3313471
Slovak Republic,1993,5325305
Slovenia,1993,1991746
Solomon Islands,1993,339456
Somalia,1993,7519811
South Africa,1993,39619539
South Sudan,1993,5490915
Spain,1993,39361262
Sri Lanka,1993,17728000
St. Kitts and Nevis,1993,41846
St. Lucia,1993,143565
St. Martin (French part),1993,33238
St. Vincent and the Grenadines,1993,108092
Sudan,1993,22535937
Suriname,1993,430039
Swaziland,1993,924025
Sweden,1993,8718561
Switzerland,1993,6938265
Syrian Arab Republic,1993,13564167
Tajikistan,1993,5594114
Tanzania,1993,28149328
Thailand,1993,58364891
Timor-Leste,1993,833611
Togo,1993,4064926
Tonga,1993,95644
Trinidad and Tobago,1993,1244407
Tunisia,1993,8784888
Turkey,1993,56653729
Turkmenistan,1993,4010789
Turks and Caicos Islands,1993,13789
Tuvalu,1993,9156
Uganda,1993,19275422
Ukraine,1993,52179210
United Arab Emirates,1993,2207405
United Kingdom,1993,57718614
United States,1993,259919000
Uruguay,1993,3178155
Uzbekistan,1993,21942000
Vanuatu,1993,159814
Vietnam,1993,69644500
Virgin Islands (U.S.),1993,106577
West Bank and Gaza,1993,2262676
Zambia,1993,8669168
Zimbabwe,1993,10905756
