Afghanistan,2003,23064851
Albania,2003,3039616
Algeria,2003,32403514
American Samoa,2003,59117
Andorra,2003,73182
Angola,2003,18203369
Antigua and Barbuda,2003,87293
Argentina,2003,38309379
Armenia,2003,3017806
Aruba,2003,97017
Australia,2003,19895400
Austria,2003,8121423
Azerbaijan,2003,8234100
Bahrain,2003,778711
Bangladesh,2003,139019001
Barbados,2003,272258
Belarus,2003,9796749
Belgium,2003,10376133
Belize,2003,269130
Benin,2003,7520555
Bermuda,2003,63325
Bhutan,2003,623434
Bolivia,2003,8810420
Bosnia and Herzegovina,2003,3779247
Botswana,2003,1804339
Brazil,2003,182482149
British Virgin Islands,2003,22000
Brunei Darussalam,2003,353389
Bulgaria,2003,7775327
Burkina Faso,2003,12654621
Burundi,2003,6953113
Cabo Verde,2003,460147
Cambodia,2003,12853124
Cameroon,2003,16513822
Canada,2003,31676000
Cayman Islands,2003,46028
Central African Republic,2003,3981665
Chad,2003,9353201
Channel Islands,2003,152038
Chile,2003,15799542
China,2003,1288400000
Colombia,2003,42152151
Comoros,2003,583211
Costa Rica,2003,4125971
Cote d'Ivoire,2003,17679355
Croatia,2003,4440000
Cuba,2003,11244885
Curacao,2003,131897
Cyprus,2003,993563
Czech Republic,2003,10193998
Denmark,2003,5390574
Djibouti,2003,758615
Dominica,2003,70093
Dominican Republic,2003,8967760
Ecuador,2003,13289601
El Salvador,2003,5971535
Equatorial Guinea,2003,694611
Eritrea,2003,3738265
Estonia,2003,1370720
Ethiopia,2003,72545144
Faroe Islands,2003,47974
Fiji,2003,816628
Finland,2003,5213014
France,2003,62244884
French Polynesia,2003,248499
Gabon,2003,1328146
Georgia,2003,4301000
Germany,2003,82534176
Ghana,2003,20446782
Gibraltar,2003,31720
Greece,2003,10928070
Greenland,2003,56765
Grenada,2003,102375
Guam,2003,157714
Guatemala,2003,12500478
Guinea,2003,9309848
Guinea-Bissau,2003,1321202
Guyana,2003,751857
Haiti,2003,8976552
Honduras,2003,7033821
Hungary,2003,10129552
Iceland,2003,289521
India,2003,1108027848
Indonesia,2003,220545214
Iraq,2003,25627626
Ireland,2003,3996521
Isle of Man,2003,74587
Israel,2003,6689700
Italy,2003,57313203
Jamaica,2003,2712511
Japan,2003,127718000
Jordan,2003,5396774
Kazakhstan,2003,14909018
Kenya,2003,34130852
Kiribati,2003,88895
Kosovo,2003,1703466
Kuwait,2003,2169118
Kyrgyz Republic,2003,5043300
Lao PDR,2003,5579656
Latvia,2003,2287955
Lebanon,2003,3701464
Lesotho,2003,1918097
Liberia,2003,3116233
Libya,2003,5615952
Liechtenstein,2003,34321
Lithuania,2003,3415213
Luxembourg,2003,451630
Madagascar,2003,17279141
Malawi,2003,12336687
Malaysia,2003,24688703
Maldives,2003,304000
Mali,2003,12005128
Malta,2003,398582
Marshall Islands,2003,52116
Mauritania,2003,2957117
Mauritius,2003,1213370
Mexico,2003,105640453
Moldova,2003,3612874
Monaco,2003,32933
Mongolia,2003,2469286
Montenegro,2003,612267
Morocco,2003,29843937
Mozambique,2003,19716598
Myanmar,2003,47624894
Namibia,2003,1986535
Nauru,2003,10096
Nepal,2003,24950623
Netherlands,2003,16225302
New Caledonia,2003,225000
New Zealand,2003,4027200
Nicaragua,2003,5240879
Niger,2003,12656870
Nigeria,2003,131972533
Northern Mariana Islands,2003,67422
Norway,2003,4564855
Oman,2003,2385255
Pakistan,2003,147703401
Palau,2003,19700
Panama,2003,3209174
Papua New Guinea,2003,6010724
Paraguay,2003,5607950
Peru,2003,26937738
Philippines,2003,83031954
Poland,2003,38204570
Portugal,2003,10458821
Puerto Rico,2003,3826095
Qatar,2003,688586
Romania,2003,21574326
Russian Federation,2003,144648257
Rwanda,2003,8680346
Samoa,2003,177662
San Marino,2003,28494
Sao Tome and Principe,2003,148372
Saudi Arabia,2003,22556425
Senegal,2003,10670990
Serbia,2003,7480591
Seychelles,2003,82781
Sierra Leone,2003,5199549
Singapore,2003,4114826
Sint Maarten (Dutch part),2003,33790
Slovak Republic,2003,5373374
Slovenia,2003,1995733
Solomon Islands,2003,446769
Somalia,2003,9836397
South Africa,2003,46418193.8989267
South Sudan,2003,7501642
Spain,2003,42187645
Sri Lanka,2003,19083000
St. Kitts and Nevis,2003,47306
St. Lucia,2003,160973
St. Martin (French part),2003,27363
St. Vincent and the Grenadines,2003,108350
Sudan,2003,29435944
Suriname,2003,488332
Swaziland,2003,1087392
Sweden,2003,8958229
Switzerland,2003,7339001
Syrian Arab Republic,2003,17415266
Tajikistan,2003,6576877
Tanzania,2003,37149072
Thailand,2003,64554952
Timor-Leste,2003,960852
Togo,2003,5391401
Tonga,2003,99789
Trinidad and Tobago,2003,1284052
Tunisia,2003,9939678
Turkey,2003,66085803
Turkmenistan,2003,4655741
Turks and Caicos Islands,2003,23410
Tuvalu,2003,9767
Uganda,2003,26624820
Ukraine,2003,47812950
United Arab Emirates,2003,3741932
United Kingdom,2003,59647577
United States,2003,290107933
Uruguay,2003,3325637
Uzbekistan,2003,25567650
Vanuatu,2003,198964
Vietnam,2003,80467400
Virgin Islands (U.S.),2003,108085
West Bank and Gaza,2003,3154969
Zambia,2003,11421984
Zimbabwe,2003,12633897
