Afghanistan,1988,11540888
Albania,1988,3142336
Algeria,1988,24591492
American Samoa,1988,44047
Andorra,1988,50434
Angola,1988,11513968
Antigua and Barbuda,1988,67058
Argentina,1988,31795517
Armenia,1988,3504651
Aruba,1988,61079
Australia,1988,16532200
Austria,1988,7585317
Azerbaijan,1988,7010036
Bahrain,1988,465202
Bangladesh,1988,100975321
Barbados,1988,258527
Belarus,1988,10140000
Belgium,1988,9901664
Belize,1988,179028
Benin,1988,4672852
Bermuda,1988,58347
Bhutan,1988,517273
Bolivia,1988,6592787
Bosnia and Herzegovina,1988,4508056
Botswana,1988,1301818
Brazil,1988,144001542
British Virgin Islands,1988,15266
Brunei Darussalam,1988,244458
Bulgaria,1988,8981446
Burkina Faso,1988,8356305
Burundi,1988,5135956
Cabo Verde,1988,329671
Cambodia,1988,8433798
Cameroon,1988,11031817
Canada,1988,26895000
Cayman Islands,1988,22538
Central African Republic,1988,2812244
Chad,1988,5584339
Channel Islands,1988,138187
Chile,1988,12809025
China,1988,1101630000
Colombia,1988,32975535
Comoros,1988,387963
Costa Rica,1988,2944557
Cote d'Ivoire,1988,11424260
Croatia,1988,4757000
Cuba,1988,10379548
Curacao,1988,149254
Cyprus,1988,736479
Czech Republic,1988,10355276
Denmark,1988,5129516
Djibouti,1988,528999
Dominica,1988,71742
Dominican Republic,1988,6903316
Ecuador,1988,9739176
El Salvador,1988,5119035
Equatorial Guinea,1988,402326
Eritrea,1988,3006361
Estonia,1988,1561900
Ethiopia,1988,44932064
Faroe Islands,1988,47117
Fiji,1988,722917
Finland,1988,4946481
France,1988,57836486
French Polynesia,1988,189738
Gabon,1988,901458
Georgia,1988,4790700
Germany,1988,78144619
Ghana,1988,13854214
Gibraltar,1988,29469
Greece,1988,10036983
Greenland,1988,54800
Grenada,1988,98062
Guam,1988,124673
Guatemala,1988,8842575
Guinea,1988,5554882
Guinea-Bissau,1988,965742
Guyana,1988,750731
Haiti,1988,6813348
Honduras,1988,4676361
Hungary,1988,10596487
Iceland,1988,249740
India,1988,834489322
Indonesia,1988,175000916
Iraq,1988,16651807
Ireland,1988,3524949
Isle of Man,1988,66047
Israel,1988,4442000
Italy,1988,56629288
Jamaica,1988,2393534
Japan,1988,122613000
Jordan,1988,3252672
Kazakhstan,1988,15982510
Kenya,1988,21871442
Kiribati,1988,69098
Kosovo,1988,1791000
Kuwait,1988,2038885
Kyrgyz Republic,1988,4218400
Lao PDR,1988,4020295
Latvia,1988,2653434
Lebanon,1988,2668585
Lesotho,1988,1550262
Liberia,1988,2165090
Libya,1988,4220418
Liechtenstein,1988,28095
Lithuania,1988,3655049
Luxembourg,1988,373450
Madagascar,1988,10952395
Malawi,1988,8636935
Malaysia,1988,17027588
Maldives,1988,209885
Mali,1988,8180728
Malta,1988,347325
Marshall Islands,1988,44063
Mauritania,1988,1923002
Mauritius,1988,1043239
Mexico,1988,82083919
Moldova,1988,3660000
Monaco,1988,29235
Mongolia,1988,2089714
Montenegro,1988,607413
Morocco,1988,23961820
Mozambique,1988,13002553
Myanmar,1988,39362142
Namibia,1988,1302741
Nauru,1988,8752
Nepal,1988,17873667
Netherlands,1988,14760094
New Caledonia,1988,163650
New Zealand,1988,3283400
Nicaragua,1988,3968454
Niger,1988,7540253
Nigeria,1988,90450281
Northern Mariana Islands,1988,37134
Norway,1988,4209488
Oman,1988,1678116
Pakistan,1988,101474835
Palau,1988,14490
Panama,1988,2368618
Papua New Guinea,1988,4100729
Paraguay,1988,3994331
Peru,1988,20909895
Philippines,1988,58845205
Poland,1988,37824487
Portugal,1988,10019610
Puerto Rico,1988,3473898
Qatar,1988,443794
Romania,1988,23057662
Russian Federation,1988,146857000
Rwanda,1988,7030179
Samoa,1988,161421
San Marino,1988,23466
Sao Tome and Principe,1988,109470
Saudi Arabia,1988,15155223
Senegal,1988,7107976
Seychelles,1988,68755
Sierra Leone,1988,4152984
Singapore,1988,2846108
Slovak Republic,1988,5250596
Slovenia,1988,1995196
Solomon Islands,1988,294964
Somalia,1988,7165295
South Africa,1988,35195598
South Sudan,1988,5741235
Spain,1988,38766939
Sri Lanka,1988,16593000
St. Kitts and Nevis,1988,41047
St. Lucia,1988,133533
St. Martin (French part),1988,24873
St. Vincent and the Grenadines,1988,106536
Sudan,1988,18866319
Suriname,1988,391391
Swaziland,1988,800456
Sweden,1988,8436489
Switzerland,1988,6593386
Syrian Arab Republic,1988,11719071
Tajikistan,1988,5001110
Tanzania,1988,23909954
Thailand,1988,54912334
Timor-Leste,1988,714474
Togo,1988,3581928
Tonga,1988,94667
Trinidad and Tobago,1988,1204893
Tunisia,1988,7871459
Turkey,1988,52053704
Turkmenistan,1988,3493894
Turks and Caicos Islands,1988,10582
Tuvalu,1988,8883
Uganda,1988,16262533
Ukraine,1988,51521000
United Arab Emirates,1988,1655849
United Kingdom,1988,56928327
United States,1988,244499000
Uruguay,1988,3069099
Uzbekistan,1988,19501225
Vanuatu,1988,139366
Vietnam,1988,63263000
Virgin Islands (U.S.),1988,104500
Zambia,1988,7600072
Zimbabwe,1988,9604302
