Afghanistan,1970,11126123
Albania,1970,2135479
Algeria,1970,14550034
American Samoa,1970,27292
Andorra,1970,24276
Angola,1970,6776381
Antigua and Barbuda,1970,67098
Argentina,1970,23973058
Armenia,1970,2525065
Aruba,1970,59063
Australia,1970,12507000
Austria,1970,7467086
Azerbaijan,1970,5180025
Bahrain,1970,212605
Bangladesh,1970,65047770
Barbados,1970,238848
Belarus,1970,9040000
Belgium,1970,9655549
Belize,1970,122182
Benin,1970,2912340
Bermuda,1970,55000
Bhutan,1970,298301
Bolivia,1970,4505778
Bosnia and Herzegovina,1970,3760527
Botswana,1970,695597
Brazil,1970,95326793
British Virgin Islands,1970,9803
Brunei Darussalam,1970,129583
Bulgaria,1970,8489574
Burkina Faso,1970,5624600
Burundi,1970,3455606
Cabo Verde,1970,270198
Cambodia,1970,6994848
Cameroon,1970,6527635
Canada,1970,21324000
Cayman Islands,1970,9144
Central African Republic,1970,1828709
Chad,1970,3643549
Channel Islands,1970,121197
Chile,1970,9563865
China,1970,818315000
Colombia,1970,22061215
Comoros,1970,230054
Costa Rica,1970,1848866
Cote d'Ivoire,1970,5242395
Croatia,1970,4411000
Cuba,1970,8715123
Curacao,1970,144739
Cyprus,1970,613621
Czech Republic,1970,9858071
Denmark,1970,4928757
Djibouti,1970,159659
Dominica,1970,71073
Dominican Republic,1970,4503114
Ecuador,1970,6072527
El Salvador,1970,3668595
Equatorial Guinea,1970,306515
Eritrea,1970,1811878
Estonia,1970,1360076
Ethiopia,1970,28415077
Faroe Islands,1970,39083
Fiji,1970,520529
Finland,1970,4606307
France,1970,52035095
French Polynesia,1970,110495
Gabon,1970,590118
Georgia,1970,4119900
Germany,1970,78169289
Ghana,1970,8596983
Gibraltar,1970,28560
Greece,1970,8792806
Greenland,1970,46400
Grenada,1970,94426
Guam,1970,83877
Guatemala,1970,5621792
Guinea,1970,4219770
Guinea-Bissau,1970,711827
Guyana,1970,704934
Haiti,1970,4708642
Honduras,1970,2716659
Hungary,1970,10337910
Iceland,1970,204438
India,1970,553578513
Indonesia,1970,114834780
Iraq,1970,9917983
Ireland,1970,2957250
Isle of Man,1970,55425
Israel,1970,2974000
Italy,1970,53821850
Jamaica,1970,1875381
Japan,1970,104345000
Jordan,1970,1718913
Kazakhstan,1970,12757245
Kenya,1970,11252492
Kiribati,1970,51178
Kosovo,1970,1219000
Kuwait,1970,746767
Kyrgyz Republic,1970,2959900
Lao PDR,1970,2688428
Latvia,1970,2359164
Lebanon,1970,2297389
Lesotho,1970,1033050
Liberia,1970,1416529
Libya,1970,2133526
Liechtenstein,1970,21265
Lithuania,1970,3139689
Luxembourg,1970,339171
Madagascar,1970,6576305
Malawi,1970,4603723
Malaysia,1970,10803978
Maldives,1970,115768
Mali,1970,5949045
Malta,1970,302650
Marshall Islands,1970,20395
Mauritania,1970,1148908
Mauritius,1970,826000
Mexico,1970,52029861
Moldova,1970,3044000
Monaco,1970,23484
Mongolia,1970,1278825
Montenegro,1970,512407
Morocco,1970,16000008
Mozambique,1970,9161534
Myanmar,1970,26381431
Namibia,1970,780384
Nauru,1970,6493
Nepal,1970,11997929
Netherlands,1970,13038526
New Caledonia,1970,112000
New Zealand,1970,2810700
Nicaragua,1970,2398096
Niger,1970,4510479
Nigeria,1970,55981400
Northern Mariana Islands,1970,13127
Norway,1970,3875763
Oman,1970,723852
Pakistan,1970,58090759
Palau,1970,11480
Panama,1970,1519299
Papua New Guinea,1970,2527586
Paraguay,1970,2474106
Peru,1970,13341069
Philippines,1970,35804729
Poland,1970,32664300
Portugal,1970,8680431
Puerto Rico,1970,2718000
Qatar,1970,109514
Romania,1970,20250398
Russian Federation,1970,130404000
Rwanda,1970,3754541
Samoa,1970,143176
San Marino,1970,19138
Sao Tome and Principe,1970,74253
Saudi Arabia,1970,5836389
Senegal,1970,4257505
Seychelles,1970,53600
Sierra Leone,1970,2692259
Singapore,1970,2074500
Slovak Republic,1970,4538223
Slovenia,1970,1724891
Solomon Islands,1970,160290
Somalia,1970,3444553
South Africa,1970,22502502
South Sudan,1970,3647709
Spain,1970,33814531
Sri Lanka,1970,12514000
St. Kitts and Nevis,1970,44885
St. Lucia,1970,104160
St. Martin (French part),1970,5450
St. Vincent and the Grenadines,1970,90452
Sudan,1970,10281700
Suriname,1970,371273
Swaziland,1970,445729
Sweden,1970,8042801
Switzerland,1970,6180877
Syrian Arab Republic,1970,6350541
Tajikistan,1970,2930079
Tanzania,1970,13605529
Thailand,1970,36884913
Timor-Leste,1970,605125
Togo,1970,2115522
Tonga,1970,84369
Trinidad and Tobago,1970,945993
Tunisia,1970,5060397
Turkey,1970,34876267
Turkmenistan,1970,2195173
Turks and Caicos Islands,1970,5633
Tuvalu,1970,7303
Uganda,1970,9446064
Ukraine,1970,47086761
United Arab Emirates,1970,235499
United Kingdom,1970,55663250
United States,1970,205052000
Uruguay,1970,2809803
Uzbekistan,1970,12110028
Vanuatu,1970,85389
Vietnam,1970,42729000
Virgin Islands (U.S.),1970,63000
Zambia,1970,4173928
Zimbabwe,1970,5175618
