Afghanistan,1996,17822884
Albania,1996,3168033
Algeria,1996,29411415
American Samoa,1996,53929
Andorra,1996,64360
Angola,1996,14682284
Antigua and Barbuda,1996,75628
Argentina,1996,35419682
Armenia,1996,3168215
Aruba,1996,83200
Australia,1996,18311000
Austria,1996,7959017
Azerbaijan,1996,7763000
Bahrain,1996,578668
Bangladesh,1996,121269645
Barbados,1996,265942
Belarus,1996,10160000
Belgium,1996,10156637
Belize,1996,213676
Benin,1996,6094259
Bermuda,1996,60129
Bhutan,1996,519282
Bolivia,1996,7717443
Bosnia and Herzegovina,1996,3780378
Botswana,1996,1604060
Brazil,1996,164913306
British Virgin Islands,1996,18833
Brunei Darussalam,1996,304699
Bulgaria,1996,8362826
Burkina Faso,1996,10372745
Burundi,1996,6041112
Cabo Verde,1996,398773
Cambodia,1996,10980273
Cameroon,1996,13812472
Canada,1996,29671900
Cayman Islands,1996,33536
Central African Republic,1996,3435821
Chad,1996,7241134
Channel Islands,1996,144829
Chile,1996,14497826
China,1996,1217550000
Colombia,1996,38049038
Comoros,1996,488627
Costa Rica,1996,3596732
Cote d'Ivoire,1996,14995249
Croatia,1996,4494000
Cuba,1996,10961012
Curacao,1996,146306
Cyprus,1996,873423
Czech Republic,1996,10315241
Denmark,1996,5263074
Djibouti,1996,643682
Dominica,1996,71145
Dominican Republic,1996,8029113
Ecuador,1996,11683479
El Salvador,1996,5671925
Equatorial Guinea,1996,523999
Eritrea,1996,3116379
Estonia,1996,1415594
Ethiopia,1996,59155148
Faroe Islands,1996,46058
Fiji,1996,784476
Finland,1996,5124573
France,1996,59753098
French Polynesia,1996,219283
Gabon,1996,1113994
Georgia,1996,4616100
Germany,1996,81914831
Ghana,1996,17185608
Gibraltar,1996,30382
Greece,1996,10608800
Greenland,1996,55900
Grenada,1996,100796
Guam,1996,148060
Guatemala,1996,10646674
Guinea,1996,8132552
Guinea-Bissau,1996,1159060
Guyana,1996,761861
Haiti,1996,7965553
Honduras,1996,5867849
Hungary,1996,10311238
Iceland,1996,268916
India,1996,978893217
Indonesia,1996,199914831
Iraq,1996,20845893
Ireland,1996,3637510
Isle of Man,1996,70431
Israel,1996,5692000
Italy,1996,56860281
Jamaica,1996,2561993
Japan,1996,125757000
Jordan,1996,4716373
Kazakhstan,1996,15577894
Kenya,1996,28147734
Kiribati,1996,78907
Kosovo,1996,2059000
Kuwait,1996,1631740
Kyrgyz Republic,1996,4628400
Lao PDR,1996,4957180
Latvia,1996,2457222
Lebanon,1996,3070960
Lesotho,1996,1787273
Liberia,1996,2191179
Libya,1996,5035884
Liechtenstein,1996,31325
Lithuania,1996,3601613
Luxembourg,1996,414225
Madagascar,1996,13902688
Malawi,1996,10109789
Malaysia,1996,21023321
Maldives,1996,262000
Mali,1996,9856810
Malta,1996,379905
Marshall Islands,1996,51401
Mauritania,1996,2397245
Mauritius,1996,1133996
Mexico,1996,95687452
Moldova,1996,3667748
Monaco,1996,30967
Mongolia,1996,2316567
Montenegro,1996,611003
Morocco,1996,27460603
Mozambique,1996,16248232
Myanmar,1996,43793310
Namibia,1996,1706489
Nauru,1996,10033
Nepal,1996,21903379
Netherlands,1996,15530498
New Caledonia,1996,197564
New Zealand,1996,3732000
Nicaragua,1996,4700779
Niger,1996,9819964
Nigeria,1996,110732904
Northern Mariana Islands,1996,59364
Norway,1996,4381336
Oman,1996,2236666
Pakistan,1996,125938339
Palau,1996,17691
Panama,1996,2796344
Papua New Guinea,1996,5022437
Paraguay,1996,4870694
Peru,1996,24441074
Philippines,1996,71446107
Poland,1996,38624370
Portugal,1996,10063945
Puerto Rico,1996,3724655
Qatar,1996,522304
Romania,1996,22619004
Russian Federation,1996,148160042
Rwanda,1996,6115168
Samoa,1996,171283
San Marino,1996,26209
Sao Tome and Principe,1996,128821
Saudi Arabia,1996,19131578
Senegal,1996,8974077
Serbia,1996,7617794
Seychelles,1996,76417
Sierra Leone,1996,4282350
Singapore,1996,3670704
Slovak Republic,1996,5373361
Slovenia,1996,1988628
Solomon Islands,1996,369469
Somalia,1996,7892389
South Africa,1996,42210216
South Sudan,1996,5591114
Spain,1996,39889852
Sri Lanka,1996,18210000
St. Kitts and Nevis,1996,43373
St. Lucia,1996,149004
St. Martin (French part),1996,32102
St. Vincent and the Grenadines,1996,108075
Sudan,1996,24786190
Suriname,1996,450036
Swaziland,1996,981764
Sweden,1996,8840998
Switzerland,1996,7071850
Syrian Arab Republic,1996,14755286
Tajikistan,1996,5849540
Tanzania,1996,30811854
Thailand,1996,60151472
Timor-Leste,1996,875916
Togo,1996,4398238
Tonga,1996,96369
Trinidad and Tobago,1996,1258364
Tunisia,1996,9256037
Turkey,1996,59423208
Turkmenistan,1996,4287344
Turks and Caicos Islands,1996,15966
Tuvalu,1996,9256
Uganda,1996,21202118
Ukraine,1996,51057189
United Arab Emirates,1996,2571020
United Kingdom,1996,58166950
United States,1996,269394000
Uruguay,1996,3248035
Uzbekistan,1996,23225000
Vanuatu,1996,171801
Vietnam,1996,73156700
Virgin Islands (U.S.),1996,108093
West Bank and Gaza,1996,2587997
Zambia,1996,9394304
Zimbabwe,1996,11518262
