Afghanistan,2008,27294031
Albania,2008,2947314
Algeria,2008,34860715
American Samoa,2008,57030
Andorra,2008,83861
Angola,2008,21759420
Antigua and Barbuda,2008,92478
Argentina,2008,40382389
Armenia,2008,2908220
Aruba,2008,101353
Australia,2008,21249200
Austria,2008,8321496
Azerbaijan,2008,8763400
Bahrain,2008,1114590
Bangladesh,2008,148805814
Barbados,2008,277319
Belarus,2008,9527985
Belgium,2008,10709973
Belize,2008,306165
Benin,2008,8696916
Bermuda,2008,65273
Bhutan,2008,700950
Bolivia,2008,9599855
Bosnia and Herzegovina,2008,3763599
Botswana,2008,1946351
Brazil,2008,192979029
British Virgin Islands,2008,25604
Brunei Darussalam,2008,379252
Bulgaria,2008,7492561
Burkina Faso,2008,14689726
Burundi,2008,8212264
Cabo Verde,2008,491723
Cambodia,2008,13880509
Cameroon,2008,18907008
Canada,2008,33245773
Cayman Islands,2008,52926
Central African Republic,2008,4345386
Chad,2008,11133861
Channel Islands,2008,157581
Chile,2008,16661942
China,2008,1324655000
Colombia,2008,44901544
Comoros,2008,657229
Costa Rica,2008,4429508
Cote d'Ivoire,2008,19497986
Croatia,2008,4434508
Cuba,2008,11309754
Curacao,2008,145880
Cyprus,2008,1081563
Czech Republic,2008,10384603
Denmark,2008,5493621
Djibouti,2008,822934
Dominica,2008,71074
Dominican Republic,2008,9636520
Ecuador,2008,14447562
El Salvador,2008,6110301
Equatorial Guinea,2008,868418
Eritrea,2008,4232636
Estonia,2008,1337090
Ethiopia,2008,83184892
Faroe Islands,2008,48485
Fiji,2008,843340
Finland,2008,5313399
France,2008,64374990
French Polynesia,2008,263179
Gabon,2008,1536411
Georgia,2008,4030000
Germany,2008,82110097
Ghana,2008,23298640
Gibraltar,2008,32732
Greece,2008,11077841
Greenland,2008,56328
Grenada,2008,103930
Guam,2008,159035
Guatemala,2008,14006366
Guinea,2008,10323142
Guinea-Bissau,2008,1480841
Guyana,2008,746314
Haiti,2008,9705029
Honduras,2008,7872658
Hungary,2008,10038188
Iceland,2008,317414
India,2008,1197146906
Indonesia,2008,236159276
Iraq,2008,29111417
Ireland,2008,4489544
Isle of Man,2008,78534
Israel,2008,7308800
Italy,2008,58826731
Jamaica,2008,2790122
Japan,2008,128063000
Jordan,2008,6489822
Kazakhstan,2008,15674000
Kenya,2008,39148416
Kiribati,2008,98440
Kosovo,2008,1747383
Kuwait,2008,2652340
Kyrgyz Republic,2008,5318700
Lao PDR,2008,6052190
Latvia,2008,2177322
Lebanon,2008,4111047
Lesotho,2008,1999930
Liberia,2008,3662993
Libya,2008,6053078
Liechtenstein,2008,35541
Lithuania,2008,3198231
Luxembourg,2008,488650
Madagascar,2008,19996469
Malawi,2008,14271234
Malaysia,2008,27111069
Maldives,2008,362000
Mali,2008,14138216
Malta,2008,409379
Marshall Islands,2008,52218
Mauritania,2008,3407541
Mauritius,2008,1244121
Mexico,2008,113661809
Moldova,2008,3570108
Monaco,2008,35853
Mongolia,2008,2628131
Montenegro,2008,616969
Morocco,2008,31596855
Mozambique,2008,22846758
Myanmar,2008,49479752
Namibia,2008,2106375
Nauru,2008,10047
Nepal,2008,26475859
Netherlands,2008,16445593
New Caledonia,2008,242000
New Zealand,2008,4259800
Nicaragua,2008,5594506
Niger,2008,15228525
Nigeria,2008,150347390
Northern Mariana Islands,2008,57431
Norway,2008,4768212
Oman,2008,2759014
Pakistan,2008,163644603
Palau,2008,20228
Panama,2008,3516268
Papua New Guinea,2008,6787187
Paraguay,2008,6047117
Peru,2008,28641980
Philippines,2008,90751864
Poland,2008,38125759
Portugal,2008,10558177
Puerto Rico,2008,3760866
Qatar,2008,1389342
Romania,2008,20537875
Russian Federation,2008,142742350
Rwanda,2008,9708169
Samoa,2008,183526
San Marino,2008,30351
Sao Tome and Principe,2008,166913
Saudi Arabia,2008,25940770
Senegal,2008,12203957
Serbia,2008,7350222
Seychelles,2008,86956
Sierra Leone,2008,6165372
Singapore,2008,4839396
Sint Maarten (Dutch part),2008,40458
Slovak Republic,2008,5379233
Slovenia,2008,2021316
Solomon Islands,2008,504477
Somalia,2008,11369276
South Africa,2008,49557573.2955342
South Sudan,2008,9263136
Spain,2008,45954106
Sri Lanka,2008,19817000
St. Kitts and Nevis,2008,50332
St. Lucia,2008,169220
St. Martin (French part),2008,29376
St. Vincent and the Grenadines,2008,109165
Sudan,2008,32955496
Suriname,2008,515148
Swaziland,2008,1158897
Sweden,2008,9219637
Switzerland,2008,7647675
Syrian Arab Republic,2008,20325443
Tajikistan,2008,7309728
Tanzania,2008,43270144
Thailand,2008,66545760
Timor-Leste,2008,1078110
Togo,2008,6161796
Tonga,2008,103005
Trinidad and Tobago,2008,1315372
Tunisia,2008,10407336
Turkey,2008,70440032
Turkmenistan,2008,4935762
Turks and Caicos Islands,2008,29481
Tuvalu,2008,10340
Uganda,2008,31663896
Ukraine,2008,46258200
United Arab Emirates,2008,6894278
United Kingdom,2008,61806995
United States,2008,304093966
Uruguay,2008,3350824
Uzbekistan,2008,27302800
Vanuatu,2008,225340
Vietnam,2008,85118700
Virgin Islands (U.S.),2008,107091
West Bank and Gaza,2008,3596688
Zambia,2008,13082517
Zimbabwe,2008,13558469
