Afghanistan,1965,9938414
Albania,1965,1864791
Algeria,1965,12626952
American Samoa,1965,23520
Andorra,1965,18549
Angola,1965,6203299
Antigua and Barbuda,1965,60781
Argentina,1965,22283390
Armenia,1965,2211316
Aruba,1965,57360
Australia,1965,11388000
Austria,1965,7270889
Azerbaijan,1965,4592610
Bahrain,1965,187431
Bangladesh,1965,55834038
Barbados,1965,235374
Belarus,1965,8610000
Belgium,1965,9463667
Belize,1965,106119
Benin,1965,2632356
Bermuda,1965,50100
Bhutan,1965,254464
Bolivia,1965,4070590
Bosnia and Herzegovina,1965,3535640
Botswana,1965,597190
Brazil,1965,83498020
British Virgin Islands,1965,8814
Brunei Darussalam,1965,102425
Bulgaria,1965,8204168
Burkina Faso,1965,5174870
Burundi,1965,3077876
Cabo Verde,1965,231428
Cambodia,1965,6467197
Cameroon,1965,5777834
Canada,1965,19678000
Cayman Islands,1965,8369
Central African Republic,1965,1648833
Chad,1965,3309573
Channel Islands,1965,114995
Chile,1965,8617077
China,1965,715185000
Colombia,1965,19144223
Comoros,1965,207424
Costa Rica,1965,1589621
Cote d'Ivoire,1965,4321791
Croatia,1965,4287000
Cuba,1965,7951933
Curacao,1965,135266
Cyprus,1965,580966
Czech Republic,1965,9779358
Denmark,1965,4759012
Djibouti,1965,114963
Dominica,1965,65038
Dominican Republic,1965,3878948
Ecuador,1965,5250119
El Salvador,1965,3197863
Equatorial Guinea,1965,277396
Eritrea,1965,1589179
Estonia,1965,1294566
Ethiopia,1965,25013626
Faroe Islands,1965,36900
Fiji,1965,463883
Finland,1965,4563732
France,1965,50023774
French Polynesia,1965,93438
Gabon,1965,532511
Georgia,1965,3921600
Germany,1965,75963695
Ghana,1965,7710549
Gibraltar,1965,26041
Greece,1965,8550333
Greenland,1965,39200
Grenada,1965,94581
Guam,1965,74830
Guatemala,1965,4869716
Guinea,1965,3877806
Guinea-Bissau,1965,652562
Guyana,1965,651868
Haiti,1965,4271133
Honduras,1965,2346010
Hungary,1965,10147935
Iceland,1965,192286
India,1965,497702365
Indonesia,1965,100308894
Iraq,1965,8375793
Ireland,1965,2877300
Isle of Man,1965,50141
Israel,1965,2563000
Italy,1965,52112350
Jamaica,1965,1756266
Japan,1965,98883000
Jordan,1965,1172550
Kazakhstan,1965,11588870
Kenya,1965,9504703
Kiribati,1965,46453
Kosovo,1965,1078000
Kuwait,1965,473554
Kyrgyz Republic,1965,2573300
Lao PDR,1965,2382594
Latvia,1965,2265919
Lebanon,1965,2092348
Lesotho,1965,933655
Liberia,1965,1252972
Libya,1965,1733306
Liechtenstein,1965,18649
Lithuania,1965,2971450
Luxembourg,1965,331500
Madagascar,1965,5769218
Malawi,1965,4058673
Malaysia,1965,9526563
Maldives,1965,102766
Mali,1965,5568484
Malta,1965,318800
Marshall Islands,1965,17284
Mauritania,1965,992367
Mauritius,1965,753000
Mexico,1965,44623043
Moldova,1965,2825000
Monaco,1965,23282
Mongolia,1965,1107124
Montenegro,1965,526327
Morocco,1965,14229044
Mozambique,1965,8203076
Myanmar,1965,23391145
Namibia,1965,682551
Nauru,1965,5738
Nepal,1965,10913724
Netherlands,1965,12294732
New Caledonia,1965,90500
New Zealand,1965,2628400
Nicaragua,1965,2062630
Niger,1965,3913934
Nigeria,1965,50127214
Northern Mariana Islands,1965,11105
Norway,1965,3723168
Oman,1965,625009
Pakistan,1965,50845221
Palau,1965,10782
Panama,1965,1314626
Papua New Guinea,1965,2236206
Paraguay,1965,2170859
Peru,1965,11607681
Philippines,1965,30913933
Poland,1965,31444950
Portugal,1965,8998595
Puerto Rico,1965,2594000
Qatar,1965,73633
Romania,1965,19031576
Russian Federation,1965,126745000
Rwanda,1965,3232934
Samoa,1965,127068
San Marino,1965,17441
Sao Tome and Principe,1965,64796
Saudi Arabia,1965,4843635
Senegal,1965,3682876
Seychelles,1965,47500
Sierra Leone,1965,2473294
Singapore,1965,1886900
Slovak Republic,1965,4370983
Slovenia,1965,1649160
Solomon Islands,1965,136847
Somalia,1965,3068437
South Africa,1965,19813947
South Sudan,1965,3263638
Spain,1965,31954292
Sri Lanka,1965,11164000
St. Kitts and Nevis,1965,49214
St. Lucia,1965,96302
St. Martin (French part),1965,4841
St. Vincent and the Grenadines,1965,85970
Sudan,1965,8770097
Suriname,1965,331793
Swaziland,1965,391546
Sweden,1965,7733853
Switzerland,1965,5856472
Syrian Arab Republic,1965,5373137
Tajikistan,1965,2487953
Tanzania,1965,11683528
Thailand,1965,31822796
Timor-Leste,1965,548218
Togo,1965,1708630
Tonga,1965,74362
Trinidad and Tobago,1965,912417
Tunisia,1965,4545339
Turkey,1965,30972965
Turkmenistan,1965,1892599
Turks and Caicos Islands,1965,5672
Tuvalu,1965,6815
Uganda,1965,8014401
Ukraine,1965,45261935
United Arab Emirates,1965,150362
United Kingdom,1965,54348050
United States,1965,194303000
Uruguay,1965,2694537
Uzbekistan,1965,10143740
Vanuatu,1965,74289
Vietnam,1965,38341000
Virgin Islands (U.S.),1965,44000
Zambia,1965,3563407
Zimbabwe,1965,4410212
