Afghanistan,2006,25893450
Albania,2006,2992547
Algeria,2006,33777915
American Samoa,2006,58650
Andorra,2006,80991
Angola,2006,20262399
Antigua and Barbuda,2006,90301
Argentina,2006,39558890
Armenia,2006,2958500
Aruba,2006,100832
Australia,2006,20697900
Austria,2006,8268641
Azerbaijan,2006,8484550
Bahrain,2006,958414
Bangladesh,2006,145368004
Barbados,2006,275039
Belarus,2006,9604924
Belgium,2006,10547958
Belize,2006,290747
Benin,2006,8216896
Bermuda,2006,64523
Bhutan,2006,672228
Bolivia,2006,9283334
Bosnia and Herzegovina,2006,3779468
Botswana,2006,1884238
Brazil,2006,189012412
British Virgin Islands,2006,23905
Brunei Darussalam,2006,370250
Bulgaria,2006,7601022
Burkina Faso,2006,13829177
Burundi,2006,7675338
Cabo Verde,2006,480795
Cambodia,2006,13474489
Cameroon,2006,17899562
Canada,2006,32570505
Cayman Islands,2006,50031
Central African Republic,2006,4201758
Chad,2006,10421597
Channel Islands,2006,155411
Chile,2006,16319792
China,2006,1311020000
Colombia,2006,43835722
Comoros,2006,626425
Costa Rica,2006,4308794
Cote d'Ivoire,2006,18699435
Croatia,2006,4440000
Cuba,2006,11296233
Curacao,2006,141239
Cyprus,2006,1045509
Czech Republic,2006,10238905
Denmark,2006,5437272
Djibouti,2006,796208
Dominica,2006,70807
Dominican Republic,2006,9371338
Ecuador,2006,13967480
El Salvador,2006,6056478
Equatorial Guinea,2006,792217
Eritrea,2006,4066648
Estonia,2006,1346810
Ethiopia,2006,78850689
Faroe Islands,2006,48383
Fiji,2006,827411
Finland,2006,5266268
France,2006,63621376
French Polynesia,2006,257832
Gabon,2006,1444844
Georgia,2006,4136000
Germany,2006,82376451
Ghana,2006,22113425
Gibraltar,2006,32296
Greece,2006,11020362
Greenland,2006,56774
Grenada,2006,103259
Guam,2006,158648
Guatemala,2006,13397008
Guinea,2006,9881428
Guinea-Bissau,2006,1412669
Guyana,2006,749601
Haiti,2006,9409457
Honduras,2006,7541406
Hungary,2006,10071370
Iceland,2006,303782
India,2006,1161977719
Indonesia,2006,229838202
Iraq,2006,27697912
Ireland,2006,4273591
Isle of Man,2006,76914
Israel,2006,7053700
Italy,2006,58143979
Jamaica,2006,2760279
Japan,2006,127854000
Jordan,2006,5934232
Kazakhstan,2006,15308084
Kenya,2006,37052050
Kiribati,2006,94260
Kosovo,2006,1719536
Kuwait,2006,2377258
Kyrgyz Republic,2006,5218400
Lao PDR,2006,5849356
Latvia,2006,2218357
Lebanon,2006,4057350
Lesotho,2006,1965662
Liberia,2006,3375838
Libya,2006,5881435
Liechtenstein,2006,35095
Lithuania,2006,3269909
Luxembourg,2006,472637
Madagascar,2006,18880268
Malawi,2006,13429262
Malaysia,2006,26143566
Maldives,2006,333000
Mali,2006,13227064
Malta,2006,405308
Marshall Islands,2006,52078
Mauritania,2006,3220653
Mauritius,2006,1233996
Mexico,2006,110092378
Moldova,2006,3585209
Monaco,2006,34408
Mongolia,2006,2558012
Montenegro,2006,615025
Morocco,2006,30869346
Mozambique,2006,21547463
Myanmar,2006,48846474
Namibia,2006,2055734
Nauru,2006,10101
Nepal,2006,25940618
Netherlands,2006,16346101
New Caledonia,2006,235000
New Zealand,2006,4184600
Nicaragua,2006,5450211
Niger,2006,14132064
Nigeria,2006,142614094
Northern Mariana Islands,2006,61688
Norway,2006,4660677
Oman,2006,2582991
Pakistan,2006,157093993
Palau,2006,20012
Panama,2006,3391905
Papua New Guinea,2006,6470272
Paraguay,2006,5882796
Peru,2006,27949944
Philippines,2006,87809419
Poland,2006,38141267
Portugal,2006,10522288
Puerto Rico,2006,3805214
Qatar,2006,1010382
Romania,2006,21193760
Russian Federation,2006,143049528
Rwanda,2006,9206580
Samoa,2006,181094
San Marino,2006,29614
Sao Tome and Principe,2006,159328
Saudi Arabia,2006,24578301
Senegal,2006,11556763
Serbia,2006,7411569
Seychelles,2006,84600
Sierra Leone,2006,5848692
Singapore,2006,4401365
Sint Maarten (Dutch part),2006,38270
Slovak Republic,2006,5373054
Slovenia,2006,2006868
Solomon Islands,2006,481422
Somalia,2006,10718317
South Africa,2006,48233804.4849866
South Sudan,2006,8468152
Spain,2006,44397319
Sri Lanka,2006,19520000
St. Kitts and Nevis,2006,49210
St. Lucia,2006,165407
St. Martin (French part),2006,28414
St. Vincent and the Grenadines,2006,108907
Sudan,2006,31607064
Suriname,2006,504307
Swaziland,2006,1120514
Sweden,2006,9080505
Switzerland,2006,7483934
Syrian Arab Republic,2006,18914977
Tajikistan,2006,7000557
Tanzania,2006,40634948
Thailand,2006,65824164
Timor-Leste,2006,1048621
Togo,2006,5837792
Tonga,2006,101689
Trinidad and Tobago,2006,1303144
Tunisia,2006,10196136
Turkey,2006,68763405
Turkmenistan,2006,4810105
Turks and Caicos Islands,2006,27642
Tuvalu,2006,10137
Uganda,2006,29550662
Ukraine,2006,46787750
United Arab Emirates,2006,5242032
United Kingdom,2006,60846820
United States,2006,298379912
Uruguay,2006,3331043
Uzbekistan,2006,26488250
Vanuatu,2006,214634
Vietnam,2006,83311200
Virgin Islands (U.S.),2006,107700
West Bank and Gaza,2006,3406334
Zambia,2006,12383446
Zimbabwe,2006,13124267
