Afghanistan,2001,20966463
Albania,2001,3060173
Algeria,2001,31592153
American Samoa,2001,58175
Andorra,2001,67341
Angola,2001,16983266
Antigua and Barbuda,2001,85057
Argentina,2001,37471509
Armenia,2001,3050655
Aruba,2001,92898
Australia,2001,19413000
Austria,2001,8042293
Azerbaijan,2001,8111200
Bahrain,2001,697549
Bangladesh,2001,134107160
Barbados,2001,270685
Belarus,2001,9928549
Belgium,2001,10286570
Belize,2001,254984
Benin,2001,7076733
Bermuda,2001,62504
Bhutan,2001,589600
Bolivia,2001,8496375
Bosnia and Herzegovina,2001,3771284
Botswana,2001,1754935
Brazil,2001,177750670
British Virgin Islands,2001,21085
Brunei Darussalam,2001,340117
Bulgaria,2001,8009142
Burkina Faso,2001,11944587
Burundi,2001,6555829
Cabo Verde,2001,443716
Cambodia,2001,12402473
Cameroon,2001,15671927
Canada,2001,31081900
Cayman Islands,2001,43316
Central African Republic,2001,3832203
Chad,2001,8663012
Channel Islands,2001,149793
Chile,2001,15444969
China,2001,1271850000
Colombia,2001,40988909
Comoros,2001,555888
Costa Rica,2001,3996798
Cote d'Ivoire,2001,17040152
Croatia,2001,4440000
Cuba,2001,11186542
Curacao,2001,129047
Cyprus,2001,960282
Czech Republic,2001,10216605
Denmark,2001,5358783
Djibouti,2001,732711
Dominica,2001,69670
Dominican Republic,2001,8697126
Ecuador,2001,12852755
El Salvador,2001,5905962
Equatorial Guinea,2001,639762
Eritrea,2001,3497124
Estonia,2001,1388115
Ethiopia,2001,68492257
Faroe Islands,2001,47526
Fiji,2001,814218
Finland,2001,5188008
France,2001,61357431
French Polynesia,2001,241273
Gabon,2001,1262259
Georgia,2001,4386400
Germany,2001,82349925
Ghana,2001,19421605
Gibraltar,2001,31374
Greece,2001,10862132
Greenland,2001,56350
Grenada,2001,101849
Guam,2001,156401
Guatemala,2001,11924946
Guinea,2001,8971139
Guinea-Bissau,2001,1267512
Guyana,2001,752263
Haiti,2001,8692567
Honduras,2001,6693061
Hungary,2001,10187576
Iceland,2001,284968
India,2001,1071477855
Indonesia,2001,214506502
Iraq,2001,24251649
Ireland,2001,3866243
Isle of Man,2001,73192
Israel,2001,6439000
Italy,2001,56974100
Jamaica,2001,2677011
Japan,2001,127149000
Jordan,2001,5193482
Kazakhstan,2001,14858335
Kenya,2001,32321482
Kiribati,2001,85858
Kosovo,2001,1701154
Kuwait,2001,2109355
Kyrgyz Republic,2001,4945100
Lao PDR,2001,5414568
Latvia,2001,2337170
Lebanon,2001,3359859
Lesotho,2001,1885955
Liberia,2001,2991132
Libya,2001,5440566
Liechtenstein,2001,33671
Lithuania,2001,3470818
Luxembourg,2001,441525
Madagascar,2001,16260932
Malawi,2001,11695863
Malaysia,2001,23698907
Maldives,2001,292000
Mali,2001,11293258
Malta,2001,393028
Marshall Islands,2001,52183
Mauritania,2001,2790729
Mauritius,2001,1196287
Mexico,2001,103067068
Moldova,2001,3631462
Monaco,2001,32360
Mongolia,2001,2419776
Montenegro,2001,607389
Morocco,2001,29181832
Mozambique,2001,18588758
Myanmar,2001,46627994
Namibia,2001,1933596
Nauru,2001,10053
Nepal,2001,24161777
Netherlands,2001,16046180
New Caledonia,2001,217324
New Zealand,2001,3880500
Nicaragua,2001,5100750
Niger,2001,11771976
Nigeria,2001,125463434
Northern Mariana Islands,2001,69388
Norway,2001,4513751
Oman,2001,2294787
Pakistan,2001,141601437
Palau,2001,19404
Panama,2001,3089684
Papua New Guinea,2001,5716152
Paraguay,2001,5406624
Peru,2001,26261363
Philippines,2001,79665315
Poland,2001,38248076
Portugal,2001,10362722
Puerto Rico,2001,3818774
Qatar,2001,616886
Romania,2001,22131970
Russian Federation,2001,145976083
Rwanda,2001,8329406
Samoa,2001,175566
San Marino,2001,27762
Sao Tome and Principe,2001,141622
Saudi Arabia,2001,21303592
Senegal,2001,10134497
Serbia,2001,7503433
Seychelles,2001,81202
Sierra Leone,2001,4739147
Singapore,2001,4138012
Sint Maarten (Dutch part),2001,31189
Slovak Republic,2001,5378867
Slovenia,2001,1992060
Solomon Islands,2001,423853
Somalia,2001,9290823
South Africa,2001,45312937
South Sudan,2001,6974442
Spain,2001,40850412
Sri Lanka,2001,18797000
St. Kitts and Nevis,2001,45990
St. Lucia,2001,158464
St. Martin (French part),2001,27782
St. Vincent and the Grenadines,2001,107988
Sudan,2001,27945005
Suriname,2001,477740
Swaziland,2001,1072927
Sweden,2001,8895960
Switzerland,2001,7229854
Syrian Arab Republic,2001,16766899
Tajikistan,2001,6327125
Tanzania,2001,35117019
Thailand,2001,63543322
Timor-Leste,2001,892531
Togo,2001,5111770
Tonga,2001,98611
Trinidad and Tobago,2001,1272380
Tunisia,2001,9785701
Turkey,2001,64191474
Turkmenistan,2001,4564080
Turks and Caicos Islands,2001,20185
Tuvalu,2001,9512
Uganda,2001,24854892
Ukraine,2001,48683865
United Arab Emirates,2001,3326032
United Kingdom,2001,59119673
United States,2001,284968955
Uruguay,2001,3327103
Uzbekistan,2001,24964450
Vanuatu,2001,189290
Vietnam,2001,78620500
Virgin Islands (U.S.),2001,108386
West Bank and Gaza,2001,2997784
Zambia,2001,10824125
Zimbabwe,2001,12366165
