Afghanistan,1986,11601041
Albania,1986,3022635
Algeria,1986,23241272
American Samoa,1986,40837
Andorra,1986,46517
Angola,1986,10921037
Antigua and Barbuda,1986,68809
Argentina,1986,30857244
Armenia,1986,3392256
Aruba,1986,62644
Australia,1986,16018400
Austria,1986,7569794
Azerbaijan,1986,6778633
Bahrain,1986,433482
Bangladesh,1986,95742431
Barbados,1986,256736
Belarus,1986,10043000
Belgium,1986,9861823
Belize,1986,169568
Benin,1986,4404506
Bermuda,1986,57382
Bhutan,1986,482952
Bolivia,1986,6337893
Bosnia and Herzegovina,1986,4435504
Botswana,1986,1226810
Brazil,1986,138499464
British Virgin Islands,1986,13938
Brunei Darussalam,1986,230972
Bulgaria,1986,8958171
Burkina Faso,1986,7930694
Burundi,1986,4841565
Cabo Verde,1986,320183
Cambodia,1986,7958976
Cameroon,1986,10368300
Canada,1986,26204000
Cayman Islands,1986,20251
Central African Republic,1986,2696982
Chad,1986,5243006
Channel Islands,1986,135230
Chile,1986,12384108
China,1986,1066790000
Colombia,1986,31669776
Comoros,1986,365760
Costa Rica,1986,2800986
Cote d'Ivoire,1986,10620267
Croatia,1986,4722000
Cuba,1986,10168087
Curacao,1986,152662
Cyprus,1986,712341
Czech Republic,1986,10342227
Denmark,1986,5120534
Djibouti,1986,454361
Dominica,1986,73025
Dominican Republic,1986,6626542
Ecuador,1986,9272906
El Salvador,1986,4988943
Equatorial Guinea,1986,376024
Eritrea,1986,2837111
Estonia,1986,1540190
Ethiopia,1986,42120730
Faroe Islands,1986,46077
Fiji,1986,718548
Finland,1986,4918154
France,1986,57132691
French Polynesia,1986,180075
Gabon,1986,853027
Georgia,1986,4704500
Germany,1986,77720436
Ghana,1986,13104296
Gibraltar,1986,30004
Greece,1986,9967213
Greenland,1986,53500
Grenada,1986,100143
Guam,1986,119232
Guatemala,1986,8438604
Guinea,1986,5229797
Guinea-Bissau,1986,921626
Guyana,1986,764459
Haiti,1986,6527543
Honduras,1986,4410158
Hungary,1986,10630564
Iceland,1986,243180
India,1986,799181436
Indonesia,1986,168402025
Iraq,1986,15936375
Ireland,1986,3539690
Isle of Man,1986,63441
Israel,1986,4299000
Italy,1986,56596155
Jamaica,1986,2361720
Japan,1986,121492000
Jordan,1986,3011300
Kazakhstan,1986,15600928
Kenya,1986,20378626
Kiribati,1986,65518
Kosovo,1986,1717000
Kuwait,1986,1836105
Kyrgyz Republic,1986,4066500
Lao PDR,1986,3794043
Latvia,1986,2599892
Lebanon,1986,2677280
Lesotho,1986,1499861
Liberia,1986,2201833
Libya,1986,3994591
Liechtenstein,1986,27524
Lithuania,1986,3578914
Luxembourg,1986,368355
Madagascar,1986,10352120
Malawi,1986,7625305
Malaysia,1986,16045047
Maldives,1986,196357
Mali,1986,7955164
Malta,1986,342121
Marshall Islands,1986,40204
Mauritania,1986,1819954
Mauritius,1986,1028360
Mexico,1986,78934125
Moldova,1986,3602000
Monaco,1986,29041
Mongolia,1986,1976309
Montenegro,1986,607711
Morocco,1986,23023935
Mozambique,1986,13034385
Myanmar,1986,37957332
Namibia,1986,1193592
Nauru,1986,8356
Nepal,1986,17101136
Netherlands,1986,14572278
New Caledonia,1986,157350
New Zealand,1986,3246300
Nicaragua,1986,3796917
Niger,1986,7116744
Nigeria,1986,85818502
Northern Mariana Islands,1986,31802
Norway,1986,4167354
Oman,1986,1561185
Pakistan,1986,95264460
Palau,1986,13985
Panama,1986,2268574
Papua New Guinea,1986,3895852
Paraguay,1986,3777763
Peru,1986,19996253
Philippines,1986,55804072
Poland,1986,37456119
Portugal,1986,10032734
Puerto Rico,1986,3409554
Qatar,1986,397932
Romania,1986,22859269
Russian Federation,1986,144894000
Rwanda,1986,6407672
Samoa,1986,160592
San Marino,1986,22961
Sao Tome and Principe,1986,105474
Saudi Arabia,1986,13869012
Senegal,1986,6686159
Seychelles,1986,65652
Sierra Leone,1986,3912438
Singapore,1986,2733373
Slovak Republic,1986,5193838
Slovenia,1986,1965964
Solomon Islands,1986,278838
Somalia,1986,6887372
South Africa,1986,33733547
South Sudan,1986,5565545
Spain,1986,38584624
Sri Lanka,1986,16083000
St. Kitts and Nevis,1986,41697
St. Lucia,1986,128619
St. Martin (French part),1986,18337
St. Vincent and the Grenadines,1986,105198
Sudan,1986,17757169
Suriname,1986,376867
Swaziland,1986,734243
Sweden,1986,8369829
Switzerland,1986,6504124
Syrian Arab Republic,1986,11004272
Tajikistan,1986,4687283
Tanzania,1986,22511243
Thailand,1986,52996467
Timor-Leste,1986,684184
Togo,1986,3364020
Tonga,1986,94145
Trinidad and Tobago,1986,1184051
Tunisia,1986,7509756
Turkey,1986,50128489
Turkmenistan,1986,3324456
Turks and Caicos Islands,1986,9875
Tuvalu,1986,8747
Uganda,1986,15154521
Ukraine,1986,51097000
United Arab Emirates,1986,1472218
United Kingdom,1986,56681396
United States,1986,240133000
Uruguay,1986,3031038
Uzbekistan,1986,18565477
Vanuatu,1986,133038
Vietnam,1986,60249000
Virgin Islands (U.S.),1986,106500
Zambia,1986,7170656
Zimbabwe,1986,8976205
