Afghanistan,1977,13067538
Albania,1977,2513546
Algeria,1977,17690184
American Samoa,1977,30689
Andorra,1977,32771
Angola,1977,8130988
Antigua and Barbuda,1977,72875
Argentina,1977,26878565
Armenia,1977,2944379
Aruba,1977,60366
Australia,1977,14192000
Austria,1977,7568430
Azerbaijan,1977,5863134
Bahrain,1977,303175
Bangladesh,1977,74925896
Barbados,1977,248784
Belarus,1977,9463000
Belgium,1977,9830358
Belize,1977,136989
Benin,1977,3433439
Bermuda,1977,53400
Bhutan,1977,373324
Bolivia,1977,5233677
Bosnia and Herzegovina,1977,4063191
Botswana,1977,891926
Brazil,1977,112867867
British Virgin Islands,1977,10591
Brunei Darussalam,1977,174773
Bulgaria,1977,8804183
Burkina Faso,1977,6398935
Burundi,1977,3821194
Cabo Verde,1977,275767
Cambodia,1977,7194279
Cameroon,1977,7890969
Canada,1977,23796000
Cayman Islands,1977,13841
Central African Republic,1977,2110457
Chad,1977,4253989
Channel Islands,1977,127183
Chile,1977,10766419
China,1977,943455000
Colombia,1977,25905127
Comoros,1977,275900
Costa Rica,1977,2207725
Cote d'Ivoire,1977,7248828
Croatia,1977,4532000
Cuba,1977,9634680
Curacao,1977,149459
Cyprus,1977,665528
Czech Republic,1977,10186755
Denmark,1977,5088419
Djibouti,1977,277479
Dominica,1977,73411
Dominican Republic,1977,5411865
Ecuador,1977,7374234
El Salvador,1977,4329964
Equatorial Guinea,1977,246677
Eritrea,1977,2193068
Estonia,1977,1450211
Ethiopia,1977,33622390
Faroe Islands,1977,42275
Fiji,1977,598259
Finland,1977,4738902
France,1977,54764462
French Polynesia,1977,138864
Gabon,1977,678774
Georgia,1977,4372100
Germany,1977,78159814
Ghana,1977,10189890
Gibraltar,1977,29902
Greece,1977,9308479
Greenland,1977,49400
Grenada,1977,90184
Guam,1977,97477
Guatemala,1977,6765516
Guinea,1977,4398484
Guinea-Bissau,1977,786754
Guyana,1977,762424
Haiti,1977,5341419
Honduras,1977,3352835
Hungary,1977,10648031
Iceland,1977,221799
India,1977,650485030
Indonesia,1977,137322118
Iraq,1977,12460914
Ireland,1977,3282200
Isle of Man,1977,61443
Israel,1977,3613000
Italy,1977,55955411
Jamaica,1977,2080538
Japan,1977,113863000
Jordan,1977,2176135
Kazakhstan,1977,14070681
Kenya,1977,14528293
Kiribati,1977,56810
Kosovo,1977,1430000
Kuwait,1977,1157033
Kyrgyz Republic,1977,3423900
Lao PDR,1977,3135842
Latvia,1977,2485073
Lebanon,1977,2606221
Lesotho,1977,1210799
Liberia,1977,1720489
Libya,1977,2865637
Liechtenstein,1977,24440
Lithuania,1977,3355036
Luxembourg,1977,361358
Madagascar,1977,7998164
Malawi,1977,5627533
Malaysia,1977,12790546
Maldives,1977,144736
Mali,1977,6712401
Malta,1977,306970
Marshall Islands,1977,27470
Mauritania,1977,1407436
Mauritius,1977,921379
Mexico,1977,64345884
Moldova,1977,3312000
Monaco,1977,25809
Mongolia,1977,1562209
Montenegro,1977,557576
Morocco,1977,18636977
Mozambique,1977,10936936
Myanmar,1977,31144324
Namibia,1977,949193
Nauru,1977,7235
Nepal,1977,13926260
Netherlands,1977,13856185
New Caledonia,1977,136000
New Zealand,1977,3120200
Nicaragua,1977,2973806
Niger,1977,5490921
Nigeria,1977,67215805
Northern Mariana Islands,1977,15251
Norway,1977,4043205
Oman,1977,977808
Pakistan,1977,70946231
Palau,1977,12225
Panama,1977,1837890
Papua New Guinea,1977,3039660
Paraguay,1977,2935375
Peru,1977,16061323
Philippines,1977,43650333
Poland,1977,34689050
Portugal,1977,9455675
Puerto Rico,1977,3088690
Qatar,1977,182443
Romania,1977,21756096
Russian Federation,1977,136100000
Rwanda,1977,4647615
Samoa,1977,153247
San Marino,1977,20296
Sao Tome and Principe,1977,87434
Saudi Arabia,1977,8231604
Senegal,1977,5189539
Seychelles,1977,61786
Sierra Leone,1977,3134800
Singapore,1977,2325300
Slovak Republic,1977,4840501
Slovenia,1977,1842377
Solomon Islands,1977,207937
Somalia,1977,4827362
South Africa,1977,27009755
South Sudan,1977,4332287
Spain,1977,36511638
Sri Lanka,1977,13942000
St. Kitts and Nevis,1977,43942
St. Lucia,1977,112831
St. Martin (French part),1977,6778
St. Vincent and the Grenadines,1977,97649
Sudan,1977,13034625
Suriname,1977,361043
Swaziland,1977,550118
Sweden,1977,8251540
Switzerland,1977,6281174
Syrian Arab Republic,1977,8060649
Tajikistan,1977,3586499
Tanzania,1977,17017670
Thailand,1977,44416010
Timor-Leste,1977,636096
Togo,1977,2518566
Tonga,1977,90295
Trinidad and Tobago,1977,1039761
Tunisia,1977,5915006
Turkey,1977,41108248
Turkmenistan,1977,2664257
Turks and Caicos Islands,1977,6886
Tuvalu,1977,7816
Uganda,1977,11470867
Ukraine,1977,49290905
United Arab Emirates,1977,748117
United Kingdom,1977,56193492
United States,1977,220239000
Uruguay,1977,2857105
Uzbekistan,1977,14681459
Vanuatu,1977,106222
Vietnam,1977,50295000
Virgin Islands (U.S.),1977,93000
Zambia,1977,5317631
Zimbabwe,1977,6501893
