Afghanistan,1964,9731361
Albania,1964,1814135
Algeria,1964,12295970
American Samoa,1964,22698
Andorra,1964,17469
Angola,1964,6093321
Antigua and Barbuda,1964,59524
Argentina,1964,21953929
Armenia,1964,2144998
Aruba,1964,57032
Australia,1964,11167000
Austria,1964,7223801
Azerbaijan,1964,4456689
Bahrain,1964,182887
Bangladesh,1964,54129100
Barbados,1964,234547
Belarus,1964,8524224
Belgium,1964,9378113
Belize,1964,103069
Benin,1964,2585965
Bermuda,1964,48900
Bhutan,1964,247325
Bolivia,1964,3990857
Bosnia and Herzegovina,1964,3478995
Botswana,1964,580799
Brazil,1964,81168654
British Virgin Islands,1964,8627
Brunei Darussalam,1964,97848
Bulgaria,1964,8144340
Burkina Faso,1964,5098890
Burundi,1964,3010859
Cabo Verde,1964,223846
Cambodia,1964,6331583
Cameroon,1964,5646316
Canada,1964,19325000
Cayman Islands,1964,8298
Central African Republic,1964,1616516
Chad,1964,3246505
Channel Islands,1964,113773
Chile,1964,8430838
China,1964,698355000
Colombia,1964,18581974
Comoros,1964,203753
Costa Rica,1964,1537041
Cote d'Ivoire,1964,4157965
Croatia,1964,4259680
Cuba,1964,7787146
Curacao,1964,133148
Cyprus,1964,578627
Czech Republic,1964,9727804
Denmark,1964,4722072
Djibouti,1964,107583
Dominica,1964,63926
Dominican Republic,1964,3757956
Ecuador,1964,5099468
El Salvador,1964,3106186
Equatorial Guinea,1964,271457
Eritrea,1964,1548187
Estonia,1964,1277086
Ethiopia,1964,24397024
Faroe Islands,1964,36454
Fiji,1964,450450
Finland,1964,4548543
France,1964,49449403
French Polynesia,1964,90132
Gabon,1964,523789
Georgia,1964,3870300
Germany,1964,75318337
Ghana,1964,7513289
Gibraltar,1964,25454
Greece,1964,8510429
Greenland,1964,37600
Grenada,1964,94066
Guam,1964,73051
Guatemala,1964,4730540
Guinea,1964,3811659
Guinea-Bissau,1964,643961
Guyana,1964,637845
Haiti,1964,4186640
Honduras,1964,2280045
Hungary,1964,10119835
Iceland,1964,188983
India,1964,487484535
Indonesia,1964,97638029
Iraq,1964,8122199
Ireland,1964,2866550
Isle of Man,1964,49391
Israel,1964,2475000
Italy,1964,51675350
Jamaica,1964,1730486
Japan,1964,97826000
Jordan,1964,1101459
Kazakhstan,1964,11267329
Kenya,1964,9200157
Kiribati,1964,45425
Kosovo,1964,1050000
Kuwait,1964,425235
Kyrgyz Republic,1964,2495300
Lao PDR,1964,2327137
Latvia,1964,2240623
Lebanon,1964,2041207
Lesotho,1964,915822
Liberia,1964,1224344
Libya,1964,1667825
Liechtenstein,1964,18170
Lithuania,1964,2935200
Luxembourg,1964,327750
Madagascar,1964,5625164
Malawi,1964,3963417
Malaysia,1964,9253963
Maldives,1964,100214
Mali,1964,5503752
Malta,1964,321250
Marshall Islands,1964,16710
Mauritania,1964,963747
Mauritius,1964,736381
Mexico,1964,43264272
Moldova,1964,2774000
Monaco,1964,23236
Mongolia,1964,1074514
Montenegro,1964,521753
Morocco,1964,13857142
Mozambique,1964,8030025
Myanmar,1964,22867741
Namibia,1964,665282
Nauru,1964,5500
Nepal,1964,10728197
Netherlands,1964,12127120
New Caledonia,1964,88100
New Zealand,1964,2585400
Nicaragua,1964,2002119
Niger,1964,3802640
Nigeria,1964,49066059
Northern Mariana Islands,1964,10857
Norway,1964,3694339
Oman,1964,608887
Pakistan,1964,49551904
Palau,1964,10593
Panama,1964,1276276
Papua New Guinea,1964,2186340
Paraguay,1964,2114095
Peru,1964,11281015
Philippines,1964,29962876
Poland,1964,31139450
Portugal,1964,9035365
Puerto Rico,1964,2554066
Qatar,1964,67567
Romania,1964,18919126
Russian Federation,1964,125345000
Rwanda,1964,3161724
Samoa,1964,123354
San Marino,1964,17032
Sao Tome and Principe,1964,64212
Saudi Arabia,1964,4677404
Senegal,1964,3580312
Seychelles,1964,46322
Sierra Leone,1964,2435204
Singapore,1964,1841600
Slovak Republic,1964,4327341
Slovenia,1964,1632114
Solomon Islands,1964,132782
Somalia,1964,3001126
South Africa,1964,19308166
South Sudan,1964,3196113
Spain,1964,31609195
Sri Lanka,1964,10903000
St. Kitts and Nevis,1964,49930
St. Lucia,1964,94814
St. Martin (French part),1964,4748
St. Vincent and the Grenadines,1964,85069
Sudan,1964,8503994
Suriname,1964,322997
Swaziland,1964,382469
Sweden,1964,7661354
Switzerland,1964,5789228
Syrian Arab Republic,1964,5200336
Tajikistan,1964,2402455
Tanzania,1964,11339097
Thailand,1964,30881332
Timor-Leste,1964,537786
Togo,1964,1662073
Tonga,1964,71757
Trinidad and Tobago,1964,903275
Tunisia,1964,4458611
Turkey,1964,30244232
Turkmenistan,1964,1833063
Turks and Caicos Islands,1964,5710
Tuvalu,1964,6684
Uganda,1964,7746198
Ukraine,1964,44794327
United Arab Emirates,1964,138529
United Kingdom,1964,54000000
United States,1964,191889000
Uruguay,1964,2665390
Uzbekistan,1964,9788986
Vanuatu,1964,72131
Vietnam,1964,37574000
Virgin Islands (U.S.),1964,41300
Zambia,1964,3452942
Zimbabwe,1964,4269863
