Afghanistan,1973,12027822
Albania,1973,2296752
Algeria,1973,15804428
American Samoa,1973,29014
Andorra,1973,28232
Angola,1973,7277960
Antigua and Barbuda,1973,70066
Argentina,1973,25213388
Armenia,1973,2712781
Aruba,1973,60243
Australia,1973,13380000
Austria,1973,7586115
Azerbaijan,1973,5483084
Bahrain,1973,239527
Bangladesh,1973,68691185
Barbados,1973,242976
Belarus,1973,9257272
Belgium,1973,9741720
Belize,1973,129294
Benin,1973,3113675
Bermuda,1973,53800
Bhutan,1973,328312
Bolivia,1973,4798509
Bosnia and Herzegovina,1973,3897255
Botswana,1973,768512
Brazil,1973,102584278
British Virgin Islands,1973,10264
Brunei Darussalam,1973,148560
Bulgaria,1973,8620967
Burkina Faso,1973,5930483
Burundi,1973,3578490
Cabo Verde,1973,273005
Cambodia,1973,7447285
Cameroon,1973,7060603
Canada,1973,22369408
Cayman Islands,1973,10784
Central African Republic,1973,1936841
Chad,1973,3907632
Channel Islands,1973,124725
Chile,1973,10096295
China,1973,881940000
Colombia,1973,23674504
Comoros,1973,244208
Costa Rica,1973,1995743
Cote d'Ivoire,1973,6013862
Croatia,1973,4478000
Cuba,1973,9176052
Curacao,1973,146912
Cyprus,1973,635111
Czech Republic,1973,9922266
Denmark,1973,5021861
Djibouti,1973,190568
Dominica,1973,71744
Dominican Republic,1973,4889436
Ecuador,1973,6611916
El Salvador,1973,3958323
Equatorial Guinea,1973,281021
Eritrea,1973,1965160
Estonia,1973,1405951
Ethiopia,1973,31025115
Faroe Islands,1973,40486
Fiji,1973,554107
Finland,1973,4666081
France,1973,53441264
French Polynesia,1973,122356
Gabon,1973,624621
Georgia,1973,4242500
Germany,1973,78936666
Ghana,1973,9350111
Gibraltar,1973,29278
Greece,1973,8929086
Greenland,1973,49000
Grenada,1973,93630
Guam,1973,89464
Guatemala,1973,6104530
Guinea,1973,4324360
Guinea-Bissau,1973,756280
Guyana,1973,729916
Haiti,1973,4960657
Honduras,1973,2968994
Hungary,1973,10432055
Iceland,1973,212317
India,1973,593058926
Indonesia,1973,124242298
Iraq,1973,10951166
Ireland,1973,3085950
Isle of Man,1973,57900
Israel,1973,3278000
Italy,1973,54751406
Jamaica,1973,1966700
Japan,1973,108079000
Jordan,1973,1945626
Kazakhstan,1973,13382211
Kenya,1973,12529852
Kiribati,1973,53604
Kosovo,1973,1308000
Kuwait,1973,908520
Kyrgyz Republic,1973,3153800
Lao PDR,1973,2919287
Latvia,1973,2415819
Lebanon,1973,2480419
Lesotho,1973,1099235
Liberia,1973,1535229
Libya,1973,2430755
Liechtenstein,1973,22563
Lithuania,1973,3244438
Luxembourg,1973,350450
Madagascar,1973,7142627
Malawi,1973,4996940
Malaysia,1973,11592698
Maldives,1973,127791
Mali,1973,6256187
Malta,1973,302200
Marshall Islands,1973,23439
Mauritania,1973,1253874
Mauritius,1973,864819
Mexico,1973,57280587
Moldova,1973,3174000
Monaco,1973,24439
Mongolia,1973,1397304
Montenegro,1973,530220
Morocco,1973,17049165
Mozambique,1973,9827580
Myanmar,1973,28347341
Namibia,1973,855380
Nauru,1973,6862
Nepal,1973,12764957
Netherlands,1973,13439322
New Caledonia,1973,128500
New Zealand,1973,2961300
Nicaragua,1973,2629505
Niger,1973,4902006
Nigeria,1973,60110433
Northern Mariana Islands,1973,14492
Norway,1973,3960612
Oman,1973,806991
Pakistan,1973,63059481
Palau,1973,12046
Panama,1973,1653256
Papua New Guinea,1973,2729580
Paraguay,1973,2659088
Peru,1973,14447648
Philippines,1973,39026082
Poland,1973,33357200
Portugal,1973,8633100
Puerto Rico,1973,2878786
Qatar,1973,142241
Romania,1973,20835681
Russian Federation,1973,132669000
Rwanda,1973,4102321
Samoa,1973,148889
San Marino,1973,19466
Sao Tome and Principe,1973,79022
Saudi Arabia,1973,6714095
Senegal,1973,4664444
Seychelles,1973,56892
Sierra Leone,1973,2863739
Singapore,1973,2193000
Slovak Republic,1973,4641445
Slovenia,1973,1766697
Solomon Islands,1973,179349
Somalia,1973,3506008
South Africa,1973,24384538
South Sudan,1973,3918922
Spain,1973,34988947
Sri Lanka,1973,13091000
St. Kitts and Nevis,1973,44316
St. Lucia,1973,107466
St. Martin (French part),1973,5915
St. Vincent and the Grenadines,1973,93517
Sudan,1973,11343926
Suriname,1973,368344
Swaziland,1973,486561
Sweden,1973,8136312
Switzerland,1973,6307347
Syrian Arab Republic,1973,7037851
Tajikistan,1973,3203019
Tanzania,1973,14985131
Thailand,1973,40164966
Timor-Leste,1973,654437
Togo,1973,2303345
Tonga,1973,86988
Trinidad and Tobago,1973,982592
Tunisia,1973,5405355
Turkey,1973,37472298
Turkmenistan,1973,2390213
Turks and Caicos Islands,1973,6126
Tuvalu,1973,7537
Uganda,1973,10256429
Ukraine,1973,48127172
United Arab Emirates,1973,397174
United Kingdom,1973,56194527
United States,1973,211909000
Uruguay,1973,2822081
Uzbekistan,1973,13173590
Vanuatu,1973,93765
Vietnam,1973,45825000
Virgin Islands (U.S.),1973,84000
Zambia,1973,4629402
Zimbabwe,1973,5727044
