Afghanistan,1966,10152331
Albania,1966,1914573
Algeria,1966,12980267
American Samoa,1966,24321
Andorra,1966,19647
Angola,1966,6309770
Antigua and Barbuda,1966,62059
Argentina,1966,22608748
Armenia,1966,2276031
Aruba,1966,57715
Australia,1966,11651000
Austria,1966,7322066
Azerbaijan,1966,4721525
Bahrain,1966,191780
Bangladesh,1966,57672990
Barbados,1966,236044
Belarus,1966,8696496
Belgium,1966,9527807
Belize,1966,109347
Benin,1966,2682159
Bermuda,1966,51000
Bhutan,1966,262244
Bolivia,1966,4152668
Bosnia and Herzegovina,1966,3586634
Botswana,1966,614613
Brazil,1966,85837799
British Virgin Islands,1966,9007
Brunei Darussalam,1966,107316
Bulgaria,1966,8258057
Burkina Faso,1966,5256363
Burundi,1966,3152723
Cabo Verde,1966,239770
Cambodia,1966,6584766
Cameroon,1966,5915123
Canada,1966,20048000
Cayman Islands,1966,8441
Central African Republic,1966,1682885
Chad,1966,3372170
Channel Islands,1966,116227
Chile,1966,8806137
China,1966,735400000
Colombia,1966,19721462
Comoros,1966,211478
Costa Rica,1966,1642186
Cote d'Ivoire,1966,4487204
Croatia,1966,4313000
Cuba,1966,8110430
Curacao,1966,136682
Cyprus,1966,585308
Czech Republic,1966,9821040
Denmark,1966,4797381
Djibouti,1966,122866
Dominica,1966,66311
Dominican Republic,1966,4001375
Ecuador,1966,5405685
El Salvador,1966,3290411
Equatorial Guinea,1966,284868
Eritrea,1966,1631147
Estonia,1966,1308597
Ethiopia,1966,25641376
Faroe Islands,1966,37334
Fiji,1966,476324
Finland,1966,4580869
France,1966,50508717
French Polynesia,1966,96732
Gabon,1966,542557
Georgia,1966,3966700
Germany,1966,76600311
Ghana,1966,7890992
Gibraltar,1966,26612
Greece,1966,8613651
Greenland,1966,40500
Grenada,1966,94875
Guam,1966,76607
Guatemala,1966,5013153
Guinea,1966,3948869
Guinea-Bissau,1966,662463
Guyana,1966,664521
Haiti,1966,4357484
Honduras,1966,2414807
Hungary,1966,10178653
Iceland,1966,195570
India,1966,508161935
Indonesia,1966,103067354
Iraq,1966,8651164
Ireland,1966,2888800
Isle of Man,1966,51049
Israel,1966,2629000
Italy,1966,52519000
Jamaica,1966,1780264
Japan,1966,99790000
Jordan,1966,1265806
Kazakhstan,1966,11872939
Kenya,1966,9822499
Kiribati,1966,47459
Kosovo,1966,1106000
Kuwait,1966,524856
Kyrgyz Republic,1966,2655300
Lao PDR,1966,2439196
Latvia,1966,2283217
Lebanon,1966,2136636
Lesotho,1966,952206
Liberia,1966,1282814
Libya,1966,1803683
Liechtenstein,1966,19153
Lithuania,1966,3008050
Luxembourg,1966,333895
Madagascar,1966,5918595
Malawi,1966,4158124
Malaysia,1966,9789982
Maldives,1966,105190
Mali,1966,5635859
Malta,1966,315200
Marshall Islands,1966,17842
Mauritania,1966,1021882
Mauritius,1966,768813
Mexico,1966,46011038
Moldova,1966,2873000
Monaco,1966,23305
Mongolia,1966,1139961
Montenegro,1966,526419
Morocco,1966,14593284
Mozambique,1966,8381455
Myanmar,1966,23944178
Namibia,1966,700341
Nauru,1966,5936
Nepal,1966,11109884
Netherlands,1966,12456251
New Caledonia,1966,93500
New Zealand,1966,2675900
Nicaragua,1966,2125240
Niger,1966,4027758
Nigeria,1966,51217359
Northern Mariana Islands,1966,11435
Norway,1966,3753012
Oman,1966,642003
Pakistan,1966,52191095
Palau,1966,10946
Panama,1966,1353804
Papua New Guinea,1966,2289109
Paraguay,1966,2229376
Peru,1966,11941325
Philippines,1966,31867563
Poland,1966,31681000
Portugal,1966,8930990
Puerto Rico,1966,2624995
Qatar,1966,79844
Romania,1966,19215450
Russian Federation,1966,127468000
Rwanda,1966,3319082
Samoa,1966,130688
San Marino,1966,17835
Sao Tome and Principe,1966,66063
Saudi Arabia,1966,5015204
Senegal,1966,3789211
Seychelles,1966,48699
Sierra Leone,1966,2512652
Singapore,1966,1934400
Slovak Republic,1966,4411666
Slovenia,1966,1669905
Solomon Islands,1966,141026
Somalia,1966,3143836
South Africa,1966,20325230
South Sudan,1966,3334191
Spain,1966,32283194
Sri Lanka,1966,11439000
St. Kitts and Nevis,1966,48358
St. Lucia,1966,97881
St. Martin (French part),1966,4936
St. Vincent and the Grenadines,1966,86857
Sudan,1966,9047798
Suriname,1966,341133
Swaziland,1966,401183
Sweden,1966,7807797
Switzerland,1966,5918002
Syrian Arab Republic,1966,5553246
Tajikistan,1966,2574478
Tanzania,1966,12038903
Thailand,1966,32789096
Timor-Leste,1966,558676
Togo,1966,1774029
Tonga,1966,76779
Trinidad and Tobago,1966,919903
Tunisia,1966,4638275
Turkey,1966,31717477
Turkmenistan,1966,1952141
Turks and Caicos Islands,1966,5629
Tuvalu,1966,6938
Uganda,1966,8292776
Ukraine,1966,45682308
United Arab Emirates,1966,160481
United Kingdom,1966,54648500
United States,1966,196560000
Uruguay,1966,2722877
Uzbekistan,1966,10520879
Vanuatu,1966,76413
Vietnam,1966,39142000
Virgin Islands (U.S.),1966,47300
Zambia,1966,3676189
Zimbabwe,1966,4553433
