Afghanistan,1971,11417825
Albania,1971,2187853
Algeria,1971,14960109
American Samoa,1971,27916
Andorra,1971,25559
Angola,1971,6927269
Antigua and Barbuda,1971,68188
Argentina,1971,24366439
Armenia,1971,2587706
Aruba,1971,59440
Australia,1971,12937000
Austria,1971,7500482
Azerbaijan,1971,5284532
Bahrain,1971,220312
Bangladesh,1971,66424744
Barbados,1971,240035
Belarus,1971,9115576
Belgium,1971,9673162
Belize,1971,124793
Benin,1971,2976572
Bermuda,1971,54600
Bhutan,1971,308053
Bolivia,1971,4600591
Bosnia and Herzegovina,1971,3805285
Botswana,1971,718639
Brazil,1971,97728961
British Virgin Islands,1971,9970
Brunei Darussalam,1971,135726
Bulgaria,1971,8536395
Burkina Faso,1971,5723381
Burundi,1971,3505391
Cabo Verde,1971,272992
Cambodia,1971,7137749
Cameroon,1971,6697745
Canada,1971,21645535
Cayman Islands,1971,9581
Central African Republic,1971,1864598
Chad,1971,3726091
Channel Islands,1971,122413
Chile,1971,9745189
China,1971,841105000
Colombia,1971,22611986
Comoros,1971,234644
Costa Rica,1971,1898360
Cote d'Ivoire,1971,5479338
Croatia,1971,4435000
Cuba,1971,8869961
Curacao,1971,147389
Cyprus,1971,620859
Czech Republic,1971,9826815
Denmark,1971,4963126
Djibouti,1971,169372
Dominica,1971,71569
Dominican Republic,1971,4631114
Ecuador,1971,6248835
El Salvador,1971,3765166
Equatorial Guinea,1971,301666
Eritrea,1971,1861199
Estonia,1971,1376955
Ethiopia,1971,29245207
Faroe Islands,1971,39537
Fiji,1971,531601
Finland,1971,4612124
France,1971,52480421
French Polynesia,1971,114313
Gabon,1971,601731
Georgia,1971,4163000
Germany,1971,78312842
Ghana,1971,8827273
Gibraltar,1971,28869
Greece,1971,8831036
Greenland,1971,47200
Grenada,1971,94185
Guam,1971,85726
Guatemala,1971,5780480
Guinea,1971,4263840
Guinea-Bissau,1971,726256
Guyana,1971,713684
Haiti,1971,4793155
Honduras,1971,2798125
Hungary,1971,10367537
Iceland,1971,206098
India,1971,566224812
Indonesia,1971,117921998
Iraq,1971,10255903
Ireland,1971,2992050
Isle of Man,1971,56352
Israel,1971,3069000
Italy,1971,54073490
Jamaica,1971,1904016
Japan,1971,105697000
Jordan,1971,1806605
Kazakhstan,1971,12966920
Kenya,1971,11657514
Kiribati,1971,52025
Kosovo,1971,1247000
Kuwait,1971,801142
Kyrgyz Republic,1971,3022300
Lao PDR,1971,2762265
Latvia,1971,2376389
Lebanon,1971,2353555
Lesotho,1971,1054453
Liberia,1971,1454198
Libya,1971,2228146
Liechtenstein,1971,21726
Lithuania,1971,3179041
Luxembourg,1971,342421
Madagascar,1971,6757850
Malawi,1971,4728703
Malaysia,1971,11062338
Maldives,1971,119378
Mali,1971,6044530
Malta,1971,302700
Marshall Islands,1971,21313
Mauritania,1971,1182954
Mauritius,1971,839230
Mexico,1971,53718724
Moldova,1971,3088000
Monaco,1971,23720
Mongolia,1971,1317050
Montenegro,1971,515449
Morocco,1971,16347198
Mozambique,1971,9375144
Myanmar,1971,27024985
Namibia,1971,804157
Nauru,1971,6619
Nepal,1971,12243768
Netherlands,1971,13194497
New Caledonia,1971,120000
New Zealand,1971,2853000
Nicaragua,1971,2472656
Niger,1971,4637829
Nigeria,1971,57295210
Northern Mariana Islands,1971,13569
Norway,1971,3903039
Oman,1971,748973
Pakistan,1971,59687140
Palau,1971,11654
Panama,1971,1563115
Papua New Guinea,1971,2592628
Paraguay,1971,2535359
Peru,1971,13704335
Philippines,1971,36851055
Poland,1971,32783500
Portugal,1971,8643756
Puerto Rico,1971,2762190
Qatar,1971,119424
Romania,1971,20461567
Russian Federation,1971,131155000
Rwanda,1971,3868337
Samoa,1971,145439
San Marino,1971,19303
Sao Tome and Principe,1971,75988
Saudi Arabia,1971,6100994
Senegal,1971,4388458
Seychelles,1971,54695
Sierra Leone,1971,2745779
Singapore,1971,2112900
Slovak Republic,1971,4557449
Slovenia,1971,1738335
Solomon Islands,1971,166212
Somalia,1971,3470324
South Africa,1971,23106806
South Sudan,1971,3734418
Spain,1971,34224490
Sri Lanka,1971,12690000
St. Kitts and Nevis,1971,44495
St. Lucia,1971,105390
St. Martin (French part),1971,5601
St. Vincent and the Grenadines,1971,91440
Sudan,1971,10621472
Suriname,1971,372623
Swaziland,1971,458605
Sweden,1971,8098334
Switzerland,1971,6213399
Syrian Arab Republic,1971,6570857
Tajikistan,1971,3020391
Tanzania,1971,14045824
Thailand,1971,37964925
Timor-Leste,1971,620945
Togo,1971,2185662
Tonga,1971,85518
Trinidad and Tobago,1971,956366
Tunisia,1971,5172691
Turkey,1971,35720568
Turkmenistan,1971,2258964
Turks and Caicos Islands,1971,5756
Tuvalu,1971,7381
Uganda,1971,9720399
Ukraine,1971,47433805
United Arab Emirates,1971,278808
United Kingdom,1971,55896223
United States,1971,207661000
Uruguay,1971,2818270
Uzbekistan,1971,12477058
Vanuatu,1971,88022
Vietnam,1971,43725000
Virgin Islands (U.S.),1971,71000
Zambia,1971,4317748
Zimbabwe,1971,5351195
