Afghanistan,1997,18381605
Albania,1997,3148281
Algeria,1997,29886839
American Samoa,1997,54941
Andorra,1997,64327
Angola,1997,15088981
Antigua and Barbuda,1997,77739
Argentina,1997,35833969
Armenia,1997,3133086
Aruba,1997,85451
Australia,1997,18517000
Austria,1997,7968041
Azerbaijan,1997,7838250
Bahrain,1997,594930
Bangladesh,1997,123854640
Barbados,1997,266945
Belarus,1997,10117000
Belgium,1997,10181245
Belize,1997,221606
Benin,1997,6281639
Bermuda,1997,60497
Bhutan,1997,528754
Bolivia,1997,7870855
Bosnia and Herzegovina,1997,3752431
Botswana,1997,1637635
Brazil,1997,167545164
British Virgin Islands,1997,19270
Brunei Darussalam,1997,312038
Bulgaria,1997,8312068
Burkina Faso,1997,10665546
Burundi,1997,6112097
Cabo Verde,1997,408175
Cambodia,1997,11295880
Cameroon,1997,14165423
Canada,1997,29987200
Cayman Islands,1997,35597
Central African Republic,1997,3517309
Chad,1997,7493251
Channel Islands,1997,145715
Chile,1997,14694835
China,1997,1230075000
Colombia,1997,38645411
Comoros,1997,501953
Costa Rica,1997,3682725
Cote d'Ivoire,1997,15445986
Croatia,1997,4572000
Cuba,1997,11013983
Curacao,1997,146956
Cyprus,1997,891192
Czech Republic,1997,10304131
Denmark,1997,5284991
Djibouti,1997,660953
Dominica,1997,70753
Dominican Republic,1997,8163472
Ecuador,1997,11924993
El Salvador,1997,5727755
Equatorial Guinea,1997,544636
Eritrea,1997,3161350
Estonia,1997,1399535
Ethiopia,1997,60976450
Faroe Islands,1997,46251
Fiji,1997,792860
Finland,1997,5139835
France,1997,59964845
French Polynesia,1997,223731
Gabon,1997,1142324
Georgia,1997,4531600
Germany,1997,82034771
Ghana,1997,17608812
Gibraltar,1997,30594
Greece,1997,10661259
Greenland,1997,56000
Grenada,1997,101122
Guam,1997,150303
Guatemala,1997,10887634
Guinea,1997,8337988
Guinea-Bissau,1997,1179727
Guyana,1997,760510
Haiti,1997,8111951
Honduras,1997,6028882
Hungary,1997,10290486
Iceland,1997,271128
India,1997,997405318
Indonesia,1997,202826465
Iraq,1997,21509291
Ireland,1997,3674171
Isle of Man,1997,70869
Israel,1997,5836000
Italy,1997,56890372
Jamaica,1997,2586827
Japan,1997,126057000
Jordan,1997,4832267
Kazakhstan,1997,15333703
Kenya,1997,28954114
Kiribati,1997,80184
Kosovo,1997,2086000
Kuwait,1997,1715314
Kyrgyz Republic,1997,4696400
Lao PDR,1997,5056519
Latvia,1997,2432851
Lebanon,1997,3092670
Lesotho,1997,1810453
Liberia,1997,2358469
Libya,1997,5117269
Liechtenstein,1997,31838
Lithuania,1997,3575137
Luxembourg,1997,419450
Madagascar,1997,14347854
Malawi,1997,10381862
Malaysia,1997,21565325
Maldives,1997,264000
Mali,1997,10114094
Malta,1997,382791
Marshall Islands,1997,51692
Mauritania,1997,2471598
Mauritius,1997,1148284
Mexico,1997,97281739
Moldova,1997,3654208
Monaco,1997,31251
Mongolia,1997,2335695
Montenegro,1997,609520
Morocco,1997,27825901
Mozambique,1997,16701351
Myanmar,1997,44371525
Namibia,1997,1758994
Nauru,1997,10056
Nepal,1997,22389803
Netherlands,1997,15610650
New Caledonia,1997,201418
New Zealand,1997,3781300
Nicaragua,1997,4786640
Niger,1997,10180061
Nigeria,1997,113522705
Northern Mariana Islands,1997,62528
Norway,1997,4405157
Oman,1997,2249773
Pakistan,1997,129086987
Palau,1997,18123
Panama,1997,2853941
Papua New Guinea,1997,5154910
Paraguay,1997,4980344
Peru,1997,24827406
Philippines,1997,73064764
Poland,1997,38649660
Portugal,1997,10108977
Puerto Rico,1997,3759430
Qatar,1997,534608
Romania,1997,22553978
Russian Federation,1997,147915307
Rwanda,1997,6522382
Samoa,1997,172198
San Marino,1997,26508
Sao Tome and Principe,1997,131107
Saudi Arabia,1997,19505576
Senegal,1997,9196528
Serbia,1997,7596501
Seychelles,1997,77319
Sierra Leone,1997,4305455
Singapore,1997,3796038
Slovak Republic,1997,5383291
Slovenia,1997,1985956
Solomon Islands,1997,379947
Somalia,1997,8137475
South Africa,1997,42921506
South Sudan,1997,5814006
Spain,1997,40057389
Sri Lanka,1997,18323000
St. Kitts and Nevis,1997,43846
St. Lucia,1997,151086
St. Martin (French part),1997,31304
St. Vincent and the Grenadines,1997,108004
Sudan,1997,25410451
Suriname,1997,455954
Swaziland,1997,1003995
Sweden,1997,8846062
Switzerland,1997,7088906
Syrian Arab Republic,1997,15177456
Tajikistan,1997,5934282
Tanzania,1997,31635251
Thailand,1997,60863506
Timor-Leste,1997,871994
Togo,1997,4534551
Tonga,1997,96725
Trinidad and Tobago,1997,1260678
Tunisia,1997,9384152
Turkey,1997,60372499
Turkmenistan,1997,4355114
Turks and Caicos Islands,1997,16528
Tuvalu,1997,9277
Uganda,1997,21865931
Ukraine,1997,50594105
United Arab Emirates,1997,2700010
United Kingdom,1997,58316954
United States,1997,272657000
Uruguay,1997,3271010
Uzbekistan,1997,23667000
Vanuatu,1997,174999
Vietnam,1997,74306900
Virgin Islands (U.S.),1997,108355
West Bank and Gaza,1997,2706518
Zambia,1997,9666578
Zimbabwe,1997,11709997
