Afghanistan,2009,28004331
Albania,2009,2927519
Algeria,2009,35465760
American Samoa,2009,56227
Andorra,2009,84462
Angola,2009,22549547
Antigua and Barbuda,2009,93581
Argentina,2009,40799407
Armenia,2009,2888584
Aruba,2009,101453
Australia,2009,21691700
Austria,2009,8343323
Azerbaijan,2009,8947243
Bahrain,2009,1185029
Bangladesh,2009,150454708
Barbados,2009,278470
Belarus,2009,9506765
Belgium,2009,10796493
Belize,2009,313929
Benin,2009,8944706
Bermuda,2009,65636
Bhutan,2009,714458
Bolivia,2009,9758748
Bosnia and Herzegovina,2009,3746561
Botswana,2009,1979882
Brazil,2009,194895996
British Virgin Islands,2009,26447
Brunei Darussalam,2009,383772
Bulgaria,2009,7444443
Burkina Faso,2009,15141099
Burundi,2009,8489031
Cabo Verde,2009,496963
Cambodia,2009,14090208
Cameroon,2009,19432541
Canada,2009,33628571
Cayman Islands,2009,54279
Central African Republic,2009,4404230
Chad,2009,11502786
Channel Islands,2009,158603
Chile,2009,16829442
China,2009,1331260000
Colombia,2009,45416181
Comoros,2009,673252
Costa Rica,2009,4488263
Cote d'Ivoire,2009,19936366
Croatia,2009,4429078
Cuba,2009,11318602
Curacao,2009,146833
Cyprus,2009,1098076
Czech Republic,2009,10443936
Denmark,2009,5523095
Djibouti,2009,836840
Dominica,2009,71229
Dominican Republic,2009,9767758
Ecuador,2009,14691275
El Salvador,2009,6137276
Equatorial Guinea,2009,909111
Eritrea,2009,4310334
Estonia,2009,1334515
Ethiopia,2009,85416253
Faroe Islands,2009,48517
Fiji,2009,851967
Finland,2009,5338871
France,2009,64707044
French Polynesia,2009,265581
Gabon,2009,1586754
Georgia,2009,3978000
Germany,2009,81902307
Ghana,2009,23903831
Gibraltar,2009,32956
Greece,2009,11107017
Greenland,2009,56323
Grenada,2009,104296
Guam,2009,159231
Guatemala,2009,14316208
Guinea,2009,10556524
Guinea-Bissau,2009,1517448
Guyana,2009,745693
Haiti,2009,9852870
Honduras,2009,8035021
Hungary,2009,10022650
Iceland,2009,318499
India,2009,1214270132
Indonesia,2009,239340478
Iraq,2009,29894652
Ireland,2009,4535375
Isle of Man,2009,79325
Israel,2009,7485600
Italy,2009,59095365
Jamaica,2009,2804082
Japan,2009,128047000
Jordan,2009,6821116
Kazakhstan,2009,16092701
Kenya,2009,40237204
Kiribati,2009,100568
Kosovo,2009,1761474
Kuwait,2009,2818939
Kyrgyz Republic,2009,5383300
Lao PDR,2009,6152036
Latvia,2009,2141669
Lebanon,2009,4183156
Lesotho,2009,2019209
Liberia,2009,3811528
Libya,2009,6121053
Liechtenstein,2009,35766
Lithuania,2009,3162916
Luxembourg,2009,497783
Madagascar,2009,20569121
Malawi,2009,14714602
Malaysia,2009,27605383
Maldives,2009,360000
Mali,2009,14606597
Malta,2009,412477
Marshall Islands,2009,52320
Mauritania,2009,3506288
Mauritius,2009,1247429
Mexico,2009,115505228
Moldova,2009,3565604
Monaco,2009,36534
Mongolia,2009,2668289
Montenegro,2009,618294
Morocco,2009,31989897
Mozambique,2009,23524063
Myanmar,2009,49800690
Namibia,2009,2137040
Nauru,2009,10028
Nepal,2009,26741103
Netherlands,2009,16530388
New Caledonia,2009,245000
New Zealand,2009,4302600
Nicaragua,2009,5666581
Niger,2009,15813913
Nigeria,2009,154402181
Northern Mariana Islands,2009,55674
Norway,2009,4828726
Oman,2009,2882942
Pakistan,2009,167049580
Palau,2009,20342
Panama,2009,3579385
Papua New Guinea,2009,6947447
Paraguay,2009,6127837
Peru,2009,29001507
Philippines,2009,92220879
Poland,2009,38151603
Portugal,2009,10568247
Puerto Rico,2009,3740410
Qatar,2009,1590780
Romania,2009,20367487
Russian Federation,2009,142785342
Rwanda,2009,9977446
Samoa,2009,184826
San Marino,2009,30723
Sao Tome and Principe,2009,170813
Saudi Arabia,2009,26661492
Senegal,2009,12550917
Serbia,2009,7320807
Seychelles,2009,87298
Sierra Leone,2009,6310260
Singapore,2009,4987573
Sint Maarten (Dutch part),2009,39133
Slovak Republic,2009,5386406
Slovenia,2009,2039669
Solomon Islands,2009,516079
Somalia,2009,11707990
South Africa,2009,50255813.1102008
South Sudan,2009,9670667
Spain,2009,46362946
Sri Lanka,2009,19968000
St. Kitts and Nevis,2009,50886
St. Lucia,2009,171022
St. Martin (French part),2009,29820
St. Vincent and the Grenadines,2009,109253
Sudan,2009,33650619
Suriname,2009,520619
Swaziland,2009,1180675
Sweden,2009,9298515
Switzerland,2009,7743831
Syrian Arab Republic,2009,20824893
Tajikistan,2009,7472819
Tanzania,2009,44664231
Thailand,2009,66881867
Timor-Leste,2009,1092021
Togo,2009,6330472
Tonga,2009,103604
Trinidad and Tobago,2009,1321618
Tunisia,2009,10521834
Turkey,2009,71339185
Turkmenistan,2009,5007950
Turks and Caicos Islands,2009,30245
Tuvalu,2009,10441
Uganda,2009,32771895
Ukraine,2009,46053300
United Arab Emirates,2009,7666393
United Kingdom,2009,62276270
United States,2009,306771529
Uruguay,2009,3362755
Uzbekistan,2009,27767400
Vanuatu,2009,230785
Vietnam,2009,86025000
Virgin Islands (U.S.),2009,106707
West Bank and Gaza,2009,3702218
Zambia,2009,13456417
Zimbabwe,2009,13810599
