Afghanistan,1968,10604346
Albania,1968,2022272
Algeria,1968,13744387
American Samoa,1968,25885
Andorra,1968,21890
Angola,1968,6523791
Antigua and Barbuda,1968,64655
Argentina,1968,23261278
Armenia,1968,2401140
Aruba,1968,58386
Australia,1968,12009000
Austria,1968,7415403
Azerbaijan,1968,4960235
Bahrain,1968,200653
Bangladesh,1968,61579473
Barbados,1968,237199
Belarus,1968,8874552
Belgium,1968,9618756
Belize,1968,116061
Benin,1968,2791590
Bermuda,1968,53000
Bhutan,1968,279515
Bolivia,1968,4324064
Bosnia and Herzegovina,1968,3675452
Botswana,1968,652843
Brazil,1968,90557064
British Virgin Islands,1968,9424
Brunei Darussalam,1968,117950
Bulgaria,1968,8369603
Burkina Faso,1968,5434041
Burundi,1968,3316233
Cabo Verde,1968,257509
Cambodia,1968,6778723
Cameroon,1968,6208282
Canada,1968,20744000
Cayman Islands,1968,8631
Central African Republic,1968,1755344
Chad,1968,3499352
Channel Islands,1968,118726
Chile,1968,9188822
China,1968,774510000
Colombia,1968,20905059
Comoros,1968,220575
Costa Rica,1968,1746869
Cote d'Ivoire,1968,4834279
Croatia,1968,4364000
Cuba,1968,8413327
Curacao,1968,140298
Cyprus,1968,598493
Czech Republic,1968,9876346
Denmark,1968,4864883
Djibouti,1968,140462
Dominica,1968,69040
Dominican Republic,1968,4250025
Ecuador,1968,5730906
El Salvador,1968,3477742
Equatorial Guinea,1968,301353
Eritrea,1968,1718525
Estonia,1968,1331214
Ethiopia,1968,26946079
Faroe Islands,1968,38200
Fiji,1968,498892
Finland,1968,4626469
France,1968,51276054
French Polynesia,1968,103386
Gabon,1968,565873
Georgia,1968,4042300
Germany,1968,77294314
Ghana,1968,8221020
Gibraltar,1968,27694
Greece,1968,8740765
Greenland,1968,43400
Grenada,1968,94868
Guam,1968,80217
Guatemala,1968,5311615
Guinea,1968,4097191
Guinea-Bissau,1968,685476
Guyana,1968,686146
Haiti,1968,4534234
Honduras,1968,2560727
Hungary,1968,10255815
Iceland,1968,201488
India,1968,529967317
Indonesia,1968,108821564
Iraq,1968,9260682
Ireland,1968,2915550
Isle of Man,1968,53254
Israel,1968,2803000
Italy,1968,53235750
Jamaica,1968,1825633
Japan,1968,101061000
Jordan,1968,1498309
Kazakhstan,1968,12341412
Kenya,1968,10502245
Kiribati,1968,49388
Kosovo,1968,1163000
Kuwait,1968,634897
Kyrgyz Republic,1968,2818300
Lao PDR,1968,2556852
Latvia,1968,2323619
Lebanon,1968,2210959
Lesotho,1968,991491
Liberia,1968,1346491
Libya,1968,1958914
Liechtenstein,1968,20236
Lithuania,1968,3078850
Luxembourg,1968,335850
Madagascar,1968,6234465
Malawi,1968,4370650
Malaysia,1968,10297801
Maldives,1968,109959
Mali,1968,5780835
Malta,1968,307900
Marshall Islands,1968,18961
Mauritania,1968,1083583
Mauritius,1968,798413
Mexico,1968,48894019
Moldova,1968,2960000
Monaco,1968,23304
Mongolia,1968,1207104
Montenegro,1968,517481
Morocco,1968,15302947
Mozambique,1968,8756481
Myanmar,1968,25128116
Namibia,1968,737886
Nauru,1968,6241
Nepal,1968,11534264
Netherlands,1968,12729721
New Caledonia,1968,99500
New Zealand,1968,2748100
Nicaragua,1968,2256782
Niger,1968,4263745
Nigeria,1968,53505978
Northern Mariana Islands,1968,12257
Norway,1968,3816486
Oman,1968,679597
Pakistan,1968,55042397
Palau,1968,11205
Panama,1968,1434657
Papua New Guinea,1968,2403595
Paraguay,1968,2350901
Peru,1968,12629329
Philippines,1968,33797042
Poland,1968,32294655
Portugal,1968,8836650
Puerto Rico,1968,2662064
Qatar,1968,93201
Romania,1968,19799831
Russian Federation,1968,128928000
Rwanda,1968,3527263
Samoa,1968,137506
San Marino,1968,18589
Sao Tome and Principe,1968,70046
Saudi Arabia,1968,5387486
Senegal,1968,4013539
Seychelles,1968,51134
Sierra Leone,1968,2596568
Singapore,1968,2012000
Slovak Republic,1968,4483915
Slovenia,1968,1704546
Solomon Islands,1968,149921
Somalia,1968,3313786
South Africa,1968,21374931
South Sudan,1968,3484537
Spain,1968,33113134
Sri Lanka,1968,11992000
St. Kitts and Nevis,1968,46402
St. Lucia,1968,101179
St. Martin (French part),1968,5161
St. Vincent and the Grenadines,1968,88613
Sudan,1968,9639840
Suriname,1968,359733
Swaziland,1968,422140
Sweden,1968,7912273
Switzerland,1968,6067714
Syrian Arab Republic,1968,5935860
Tajikistan,1968,2750894
Tanzania,1968,12787489
Thailand,1968,34790945
Timor-Leste,1968,579807
Togo,1968,1945780
Tonga,1968,81097
Trinidad and Tobago,1968,931468
Tunisia,1968,4842167
Turkey,1968,33256432
Turkmenistan,1968,2071789
Turks and Caicos Islands,1968,5559
Tuvalu,1968,7133
Uganda,1968,8872920
Ukraine,1968,46409002
United Arab Emirates,1968,183194
United Kingdom,1968,55211700
United States,1968,200706000
Uruguay,1968,2774774
Uzbekistan,1968,11323095
Vanuatu,1968,80673
Vietnam,1968,40856000
Virgin Islands (U.S.),1968,54600
Zambia,1968,3912085
Zimbabwe,1968,4851431
