Afghanistan,1972,11721940
Albania,1972,2243126
Algeria,1972,15377093
American Samoa,1972,28492
Andorra,1972,26892
Angola,1972,7094834
Antigua and Barbuda,1972,69176
Argentina,1972,24782949
Armenia,1972,2650484
Aruba,1972,59840
Australia,1972,13177000
Austria,1972,7544201
Azerbaijan,1972,5385267
Bahrain,1972,229155
Bangladesh,1972,67597470
Barbados,1972,241441
Belarus,1972,9188968
Belgium,1972,9711115
Belize,1972,127150
Benin,1972,3043567
Bermuda,1972,54200
Bhutan,1972,318045
Bolivia,1972,4698083
Bosnia and Herzegovina,1972,3851151
Botswana,1972,742835
Brazil,1972,100143598
British Virgin Islands,1972,10125
Brunei Darussalam,1972,142073
Bulgaria,1972,8576200
Burkina Faso,1972,5825173
Burundi,1972,3544047
Cabo Verde,1972,273651
Cambodia,1972,7300152
Cameroon,1972,6875228
Canada,1972,21993631
Cayman Islands,1972,10136
Central African Republic,1972,1900317
Chad,1972,3815103
Channel Islands,1972,123614
Chile,1972,9922558
China,1972,862030000
Colombia,1972,23146803
Comoros,1972,239235
Costa Rica,1972,1947048
Cote d'Ivoire,1972,5737281
Croatia,1972,4457000
Cuba,1972,9025300
Curacao,1972,147710
Cyprus,1972,628002
Czech Republic,1972,9867632
Denmark,1972,4991596
Djibouti,1972,179224
Dominica,1972,71734
Dominican Republic,1972,4759934
Ecuador,1972,6428711
El Salvador,1972,3861931
Equatorial Guinea,1972,292585
Eritrea,1972,1912302
Estonia,1972,1392518
Ethiopia,1972,30132580
Faroe Islands,1972,40009
Fiji,1972,542814
Finland,1972,4639657
France,1972,52959228
French Polynesia,1972,118279
Gabon,1972,613123
Georgia,1972,4205300
Germany,1972,78688452
Ghana,1972,9083573
Gibraltar,1972,29104
Greece,1972,8888628
Greenland,1972,48300
Grenada,1972,93934
Guam,1972,87587
Guatemala,1972,5941567
Guinea,1972,4298091
Guinea-Bissau,1972,741490
Guyana,1972,721948
Haiti,1972,4876560
Honduras,1972,2882113
Hungary,1972,10398489
Iceland,1972,209137
India,1972,579411513
Indonesia,1972,121059513
Iraq,1972,10599845
Ireland,1972,3036850
Isle of Man,1972,57154
Israel,1972,3148000
Italy,1972,54381345
Jamaica,1972,1934828
Japan,1972,107188000
Jordan,1972,1881214
Kazakhstan,1972,13176584
Kenya,1972,12083188
Kiribati,1972,52824
Kosovo,1972,1278000
Kuwait,1972,854604
Kyrgyz Republic,1972,3088200
Lao PDR,1972,2840841
Latvia,1972,2395674
Lebanon,1972,2416735
Lesotho,1972,1076340
Liberia,1972,1493711
Libya,1972,2327490
Liechtenstein,1972,22151
Lithuania,1972,3213622
Luxembourg,1972,346600
Madagascar,1972,6946620
Malawi,1972,4859610
Malaysia,1972,11324251
Maldives,1972,123441
Mali,1972,6147458
Malta,1972,302450
Marshall Islands,1972,22341
Mauritania,1972,1217941
Mauritius,1972,852053
Mexico,1972,55478151
Moldova,1972,3131000
Monaco,1972,24051
Mongolia,1972,1356670
Montenegro,1972,521785
Morocco,1972,16695003
Mozambique,1972,9595762
Myanmar,1972,27680144
Namibia,1972,829441
Nauru,1972,6743
Nepal,1972,12499429
Netherlands,1972,13328593
New Caledonia,1972,125500
New Zealand,1972,2903900
Nicaragua,1972,2549774
Niger,1972,4768078
Nigeria,1972,58662603
Northern Mariana Islands,1972,14040
Norway,1972,3933004
Oman,1972,776383
Pakistan,1972,61338261
Palau,1972,11852
Panama,1972,1607834
Papua New Guinea,1972,2659851
Paraguay,1972,2596739
Peru,1972,14072476
Philippines,1972,37925400
Poland,1972,33055650
Portugal,1972,8630430
Puerto Rico,1972,2817256
Qatar,1972,130534
Romania,1972,20657957
Russian Federation,1972,131909000
Rwanda,1972,3983700
Samoa,1972,147321
San Marino,1972,19398
Sao Tome and Principe,1972,77537
Saudi Arabia,1972,6393894
Senegal,1972,4525114
Seychelles,1972,56029
Sierra Leone,1972,2803031
Singapore,1972,2152400
Slovak Republic,1972,4596622
Slovenia,1972,1752233
Solomon Islands,1972,172598
Somalia,1972,3475022
South Africa,1972,23736489
South Sudan,1972,3824762
Spain,1972,34604469
Sri Lanka,1972,12861000
St. Kitts and Nevis,1972,44326
St. Lucia,1972,106455
St. Martin (French part),1972,5756
St. Vincent and the Grenadines,1972,92463
Sudan,1972,10974622
Suriname,1972,371324
Swaziland,1972,472230
Sweden,1972,8122300
Switzerland,1972,6260956
Syrian Arab Republic,1972,6800141
Tajikistan,1972,3111264
Tanzania,1972,14506617
Thailand,1972,39061994
Timor-Leste,1972,638499
Togo,1972,2247582
Tonga,1972,86347
Trinidad and Tobago,1972,968741
Tunisia,1972,5287543
Turkey,1972,36587225
Turkmenistan,1972,2324013
Turks and Caicos Islands,1972,5922
Tuvalu,1972,7458
Uganda,1972,9988380
Ukraine,1972,47783011
United Arab Emirates,1972,332760
United Kingdom,1972,56086065
United States,1972,209896000
Uruguay,1972,2821439
Uzbekistan,1972,12828625
Vanuatu,1972,90823
Vietnam,1972,44758000
Virgin Islands (U.S.),1972,76000
Zambia,1972,4469895
Zimbabwe,1972,5535874
