Afghanistan,1992,13981231
Albania,1992,3247039
Algeria,1992,27181094
American Samoa,1992,49593
Andorra,1992,58888
Angola,1992,12968345
Antigua and Barbuda,1992,68427
Argentina,1992,33655151
Armenia,1992,3442810
Aruba,1992,68235
Australia,1992,17495000
Austria,1992,7840709
Azerbaijan,1992,7382000
Bahrain,1992,523087
Bangladesh,1992,111221938
Barbados,1992,262184
Belarus,1992,10216000
Belgium,1992,10045158
Belize,1992,194317
Benin,1992,5331803
Bermuda,1992,58595
Bhutan,1992,531525
Bolivia,1992,7131707
Bosnia and Herzegovina,1992,4239154
Botswana,1992,1455833
Brazil,1992,154564278
British Virgin Islands,1992,17344
Brunei Darussalam,1992,273963
Bulgaria,1992,8540164
Burkina Faso,1992,9297113
Burundi,1992,5661139
Cabo Verde,1992,359090
Cambodia,1992,9621504
Cameroon,1992,12408931
Canada,1992,28519597
Cayman Islands,1992,27404
Central African Republic,1992,3095807
Chad,1992,6349089
Channel Islands,1992,142258
Chile,1992,13671033
China,1992,1164970000
Colombia,1992,35558682
Comoros,1992,436448
Costa Rica,1992,3257466
Cote d'Ivoire,1992,13163019
Croatia,1992,4470000
Cuba,1992,10733363
Curacao,1992,143912
Cyprus,1992,800609
Czech Republic,1992,10319123
Denmark,1992,5171370
Djibouti,1992,615054
Dominica,1992,70970
Dominican Republic,1992,7468551
Ecuador,1992,10705667
El Salvador,1992,5400331
Equatorial Guinea,1992,455148
Eritrea,1992,3118582
Estonia,1992,1533091
Ethiopia,1992,51647768
Faroe Islands,1992,47101
Fiji,1992,744531
Finland,1992,5041992
France,1992,58851216
French Polynesia,1992,205266
Gabon,1992,1004676
Georgia,1992,4873500
Germany,1992,80624598
Ghana,1992,15463854
Gibraltar,1992,29379
Greece,1992,10399061
Greenland,1992,55300
Grenada,1992,97198
Guam,1992,136692
Guatemala,1992,9708544
Guinea,1992,6758838
Guinea-Bissau,1992,1062800
Guyana,1992,748134
Haiti,1992,7386975
Honduras,1992,5247836
Hungary,1992,10369341
Iceland,1992,261057
India,1992,906021106
Indonesia,1992,187766086
Iraq,1992,18458187
Ireland,1992,3558430
Isle of Man,1992,69475
Israel,1992,5123000
Italy,1992,56797087
Jamaica,1992,2465362
Japan,1992,124229000
Jordan,1992,3968198
Kazakhstan,1992,16439095
Kenya,1992,24963953
Kiribati,1992,74769
Kosovo,1992,1932000
Kyrgyz Republic,1992,4515400
Lao PDR,1992,4502363
Latvia,1992,2614338
Lebanon,1992,2821862
Lesotho,1992,1667121
Liberia,1992,2022729
Libya,1992,4651004
Liechtenstein,1992,29497
Lithuania,1992,3700114
Luxembourg,1992,392175
Madagascar,1992,12301336
Malawi,1992,9729717
Malaysia,1992,19012724
Maldives,1992,234000
Mali,1992,8868263
Malta,1992,367618
Marshall Islands,1992,49378
Mauritania,1992,2141445
Mauritius,1992,1084441
Mexico,1992,88828310
Moldova,1992,3706000
Monaco,1992,29863
Mongolia,1992,2243502
Montenegro,1992,608516
Morocco,1992,25791494
Mozambique,1992,14071231
Myanmar,1992,41711465
Namibia,1992,1513721
Nauru,1992,9544
Nepal,1992,19773772
Netherlands,1992,15184166
New Caledonia,1992,179799
New Zealand,1992,3531700
Nicaragua,1992,4331277
Niger,1992,8549424
Nigeria,1992,100221563
Northern Mariana Islands,1992,47919
Norway,1992,4286401
Oman,1992,1983277
Pakistan,1992,113747135
Palau,1992,15894
Panama,1992,2576018
Papua New Guinea,1992,4535520
Paraguay,1992,4432736
Peru,1992,22737056
Philippines,1992,65075486
Poland,1992,38363667
Portugal,1992,9952494
Puerto Rico,1992,3585176
Qatar,1992,495517
Romania,1992,22794284
Russian Federation,1992,148689000
Rwanda,1992,6701851
Samoa,1992,165570
San Marino,1992,24749
Sao Tome and Principe,1992,118816
Saudi Arabia,1992,17378833
Senegal,1992,8029725
Serbia,1992,7646424
Seychelles,1992,70763
Sierra Leone,1992,4331332
Singapore,1992,3230698
Slovak Republic,1992,5305016
Slovenia,1992,1996498
Solomon Islands,1992,329953
Somalia,1992,7488544
South Africa,1992,38646788
South Sudan,1992,5599814
Spain,1992,39157685
Sri Lanka,1992,17524000
St. Kitts and Nevis,1992,41361
St. Lucia,1992,141925
St. Martin (French part),1992,32892
St. Vincent and the Grenadines,1992,108003
Sudan,1992,21701476
Suriname,1992,422763
Swaziland,1992,906034
Sweden,1992,8668067
Switzerland,1992,6875364
Syrian Arab Republic,1992,13187085
Tajikistan,1992,5502976
Tanzania,1992,27219619
Thailand,1992,57837878
Timor-Leste,1992,805435
Togo,1992,3973327
Tonga,1992,95496
Trinidad and Tobago,1992,1237487
Tunisia,1992,8603225
Turkey,1992,55748875
Turkmenistan,1992,3899843
Turks and Caicos Islands,1992,12968
Tuvalu,1992,9109
Uganda,1992,18652889
Ukraine,1992,52150266
United Arab Emirates,1992,2086639
United Kingdom,1992,57580402
United States,1992,256514000
Uruguay,1992,3154855
Uzbekistan,1992,21449000
Vanuatu,1992,155243
Vietnam,1992,68450100
Virgin Islands (U.S.),1992,105711
West Bank and Gaza,1992,2163591
Zambia,1992,8452275
Zimbabwe,1992,10682868
