Afghanistan,1978,13237734
Albania,1978,2566266
Algeria,1978,18212326
American Samoa,1978,31102
Andorra,1978,33737
Angola,1978,8376147
Antigua and Barbuda,1978,73324
Argentina,1978,27277741
Armenia,1978,2997411
Aruba,1978,60103
Australia,1978,14358000
Austria,1978,7562305
Azerbaijan,1978,5957929
Bahrain,1978,323473
Bangladesh,1978,77033846
Barbados,1978,250032
Belarus,1978,9525000
Belgium,1978,9839534
Belize,1978,138965
Benin,1978,3523938
Bermuda,1978,53600
Bhutan,1978,385384
Bolivia,1978,5350322
Bosnia and Herzegovina,1978,4100350
Botswana,1978,927585
Brazil,1978,115577669
British Virgin Islands,1978,10662
Brunei Darussalam,1978,181257
Bulgaria,1978,8814032
Burkina Faso,1978,6530819
Burundi,1978,3913768
Cabo Verde,1978,278739
Cambodia,1978,6955566
Cameroon,1978,8122529
Canada,1978,24036000
Cayman Islands,1978,14661
Central African Republic,1978,2162249
Chad,1978,4335645
Channel Islands,1978,127390
Chile,1978,10930783
China,1978,956165000
Colombia,1978,26502166
Comoros,1978,286634
Costa Rica,1978,2266154
Cote d'Ivoire,1978,7585914
Croatia,1978,4556000
Cuba,1978,9711392
Curacao,1978,148341
Cyprus,1978,673251
Czech Republic,1978,10242098
Denmark,1978,5104248
Djibouti,1978,308008
Dominica,1978,74242
Dominican Republic,1978,5543517
Ecuador,1978,7571959
El Salvador,1978,4417516
Equatorial Guinea,1978,244485
Eritrea,1978,2254450
Estonia,1978,1460188
Ethiopia,1978,34068316
Faroe Islands,1978,42693
Fiji,1978,609345
Finland,1978,4752528
France,1978,54947975
French Polynesia,1978,143032
Gabon,1978,694732
Georgia,1978,4397700
Germany,1978,78091820
Ghana,1978,10354499
Gibraltar,1978,30049
Greece,1978,9429959
Greenland,1978,49200
Grenada,1978,89073
Guam,1978,99630
Guatemala,1978,6933906
Guinea,1978,4421134
Guinea-Bissau,1978,788495
Guyana,1978,770125
Haiti,1978,5450549
Honduras,1978,3458104
Hungary,1978,10684822
Iceland,1978,223537
India,1978,665502284
Indonesia,1978,140665856
Iraq,1978,12859094
Ireland,1978,3329100
Isle of Man,1978,62406
Israel,1978,3690000
Italy,1978,56155143
Jamaica,1978,2105664
Japan,1978,114898000
Jordan,1978,2234594
Kazakhstan,1978,14215111
Kenya,1978,15082994
Kiribati,1978,57662
Kosovo,1978,1460000
Kuwait,1978,1227601
Kyrgyz Republic,1978,3487100
Lao PDR,1978,3168843
Latvia,1978,2497921
Lebanon,1978,2604865
Lesotho,1978,1243352
Liberia,1978,1771256
Libya,1978,2979093
Liechtenstein,1978,24962
Lithuania,1978,3379514
Luxembourg,1978,362007
Madagascar,1978,8230218
Malawi,1978,5806845
Malaysia,1978,13123069
Maldives,1978,148892
Mali,1978,6831295
Malta,1978,310182
Marshall Islands,1978,28405
Mauritania,1978,1448414
Mauritius,1978,933499
Mexico,1978,66039488
Moldova,1978,3339000
Monaco,1978,26087
Mongolia,1978,1603906
Montenegro,1978,562065
Morocco,1978,19081718
Mozambique,1978,11248046
Myanmar,1978,31872230
Namibia,1978,970258
Nauru,1978,7311
Nepal,1978,14241403
Netherlands,1978,13941700
New Caledonia,1978,137500
New Zealand,1978,3121200
Nicaragua,1978,3065117
Niger,1978,5652355
Nigeria,1978,69293550
Northern Mariana Islands,1978,15372
Norway,1978,4058671
Oman,1978,1032800
Pakistan,1978,73194937
Palau,1978,12153
Panama,1978,1884515
Papua New Guinea,1978,3125034
Paraguay,1978,3012829
Peru,1978,16491083
Philippines,1978,44866273
Poland,1978,34965600
Portugal,1978,9558250
Puerto Rico,1978,3129421
Qatar,1978,192093
Romania,1978,21951464
Russian Federation,1978,137060000
Rwanda,1978,4803725
Samoa,1978,154007
San Marino,1978,20660
Sao Tome and Principe,1978,90089
Saudi Arabia,1978,8679840
Senegal,1978,5315265
Seychelles,1978,62150
Sierra Leone,1978,3209263
Singapore,1978,2353600
Slovak Republic,1978,4890125
Slovenia,1978,1862548
Solomon Islands,1978,215347
Somalia,1978,5417740
South Africa,1978,27674446
South Sudan,1978,4445826
Spain,1978,36864898
Sri Lanka,1978,14190000
St. Kitts and Nevis,1978,43703
St. Lucia,1978,114546
St. Martin (French part),1978,7035
St. Vincent and the Grenadines,1978,98633
Sudan,1978,13510421
Suriname,1978,361457
Swaziland,1978,567559
Sweden,1978,8275599
Switzerland,1978,6281738
Syrian Arab Republic,1978,8336418
Tajikistan,1978,3688385
Tanzania,1978,17555494
Thailand,1978,45423436
Timor-Leste,1978,613857
Togo,1978,2576469
Tonga,1978,91364
Trinidad and Tobago,1978,1054116
Tunisia,1978,6054911
Turkey,1978,42039935
Turkmenistan,1978,2734896
Turks and Caicos Islands,1978,7053
Tuvalu,1978,7888
Uganda,1978,11818307
Ukraine,1978,49526883
United Arab Emirates,1978,852262
United Kingdom,1978,56196504
United States,1978,222585000
Uruguay,1978,2875966
Uzbekistan,1978,15096012
Vanuatu,1978,109429
Vietnam,1978,51436000
Virgin Islands (U.S.),1978,96000
Zambia,1978,5501445
Zimbabwe,1978,6703182
