Afghanistan,1984,12047115
Albania,1984,2904429
Algeria,1984,21893853
American Samoa,1984,37688
Andorra,1984,42706
Angola,1984,10277321
Antigua and Barbuda,1984,70725
Argentina,1984,29920904
Armenia,1984,3285595
Aruba,1984,62836
Australia,1984,15544000
Austria,1984,7561434
Azerbaijan,1984,6557585
Bahrain,1984,407227
Bangladesh,1984,90732362
Barbados,1984,255193
Belarus,1984,9910000
Belgium,1984,9855372
Belize,1984,160347
Benin,1984,4156819
Bermuda,1984,56423
Bhutan,1984,453720
Bolivia,1984,6085496
Bosnia and Herzegovina,1984,4350746
Botswana,1984,1151292
Brazil,1984,132800684
British Virgin Islands,1984,12731
Brunei Darussalam,1984,218227
Bulgaria,1984,8960679
Burkina Faso,1984,7531242
Burundi,1984,4571292
Cabo Verde,1984,309397
Cambodia,1984,7446019
Cameroon,1984,9742263
Canada,1984,25702000
Cayman Islands,1984,18543
Central African Republic,1984,2565803
Chad,1984,4954046
Channel Islands,1984,132453
Chile,1984,11985658
China,1984,1036825000
Colombia,1984,30350086
Comoros,1984,345466
Costa Rica,1984,2659781
Cote d'Ivoire,1984,9826055
Croatia,1984,4680000
Cuba,1984,10017059
Curacao,1984,151940
Cyprus,1984,697717
Czech Republic,1984,10330213
Denmark,1984,5111619
Djibouti,1984,406017
Dominica,1984,74213
Dominican Republic,1984,6351572
Ecuador,1984,8823751
El Salvador,1984,4858532
Equatorial Guinea,1984,338086
Eritrea,1984,2674289
Estonia,1984,1518617
Ethiopia,1984,39518801
Faroe Islands,1984,45122
Fiji,1984,700366
Finland,1984,4881803
France,1984,56470769
French Polynesia,1984,170396
Gabon,1984,808083
Georgia,1984,4622200
Germany,1984,77858685
Ghana,1984,12311158
Gibraltar,1984,30325
Greece,1984,9895801
Greenland,1984,52700
Grenada,1984,98439
Guam,1984,113961
Guatemala,1984,8042897
Guinea,1984,4943144
Guinea-Bissau,1984,876873
Guyana,1984,775219
Haiti,1984,6240329
Honduras,1984,4154887
Hungary,1984,10668095
Iceland,1984,239511
India,1984,764245202
Indonesia,1984,161555583
Iraq,1984,15205501
Ireland,1984,3532423
Isle of Man,1984,62487
Israel,1984,4159000
Italy,1984,56576718
Jamaica,1984,2308947
Japan,1984,120018000
Jordan,1984,2780428
Kazakhstan,1984,15214051
Kenya,1984,18937738
Kiribati,1984,62765
Kosovo,1984,1647000
Kuwait,1984,1655833
Kyrgyz Republic,1984,3916400
Lao PDR,1984,3586381
Latvia,1984,2562047
Lebanon,1984,2667220
Lesotho,1984,1442212
Liberia,1984,2159089
Libya,1984,3746715
Liechtenstein,1984,27011
Lithuania,1984,3514205
Luxembourg,1984,365998
Madagascar,1984,9780872
Malawi,1984,6895928
Malaysia,1984,15191625
Maldives,1984,182953
Mali,1984,7693667
Malta,1984,330593
Marshall Islands,1984,36561
Mauritania,1984,1720812
Mauritius,1984,1012221
Mexico,1984,75780605
Moldova,1984,3536000
Monaco,1984,28512
Mongolia,1984,1871090
Montenegro,1984,600884
Morocco,1984,22037610
Mozambique,1984,12853780
Myanmar,1984,36468888
Namibia,1984,1111132
Nauru,1984,8007
Nepal,1984,16347242
Netherlands,1984,14424211
New Caledonia,1984,151650
New Zealand,1984,3227100
Nicaragua,1984,3619253
Niger,1984,6720344
Nigeria,1984,81497739
Northern Mariana Islands,1984,26302
Norway,1984,4140099
Oman,1984,1431077
Pakistan,1984,89228949
Palau,1984,13372
Panama,1984,2170409
Papua New Guinea,1984,3694041
Paraguay,1984,3567752
Peru,1984,19099584
Philippines,1984,52873974
Poland,1984,36904134
Portugal,1984,9996232
Puerto Rico,1984,3344190
Qatar,1984,341455
Romania,1984,22655940
Russian Federation,1984,142745000
Rwanda,1984,5881906
Samoa,1984,159283
San Marino,1984,22455
Sao Tome and Principe,1984,101915
Saudi Arabia,1984,12484967
Senegal,1984,6289327
Seychelles,1984,64717
Sierra Leone,1984,3699467
Singapore,1984,2732221
Slovak Republic,1984,5127097
Slovenia,1984,1932154
Solomon Islands,1984,262709
Somalia,1984,6747932
South Africa,1984,32204952
South Sudan,1984,5319609
Spain,1984,38330364
Sri Lanka,1984,15583000
St. Kitts and Nevis,1984,42294
St. Lucia,1984,124468
St. Martin (French part),1984,12790
St. Vincent and the Grenadines,1984,103742
Sudan,1984,16658054
Suriname,1984,367660
Swaziland,1984,679976
Sweden,1984,8336605
Switzerland,1984,6441865
Syrian Arab Republic,1984,10293049
Tajikistan,1984,4397525
Tanzania,1984,21173603
Thailand,1984,51108082
Timor-Leste,1984,646688
Togo,1984,3140237
Tonga,1984,93842
Trinidad and Tobago,1984,1155695
Tunisia,1984,7127941
Turkey,1984,48114105
Turkmenistan,1984,3166221
Turks and Caicos Islands,1984,9095
Tuvalu,1984,8530
Uganda,1984,14174470
Ukraine,1984,50754000
United Arab Emirates,1984,1318478
United Kingdom,1984,56422072
United States,1984,235825000
Uruguay,1984,2992645
Uzbekistan,1984,17659975
Vanuatu,1984,127092
Vietnam,1984,57692000
Virgin Islands (U.S.),1984,108000
Zambia,1984,6738765
Zimbabwe,1984,8342195
