Afghanistan,2007,26616792
Albania,2007,2970017
Algeria,2007,34300076
American Samoa,2007,57903
Andorra,2007,82683
Angola,2007,20997687
Antigua and Barbuda,2007,91381
Argentina,2007,39970224
Armenia,2007,2933056
Aruba,2007,101220
Australia,2007,20827600
Austria,2007,8295487
Azerbaijan,2007,8581300
Bahrain,2007,1035891
Bangladesh,2007,147139191
Barbados,2007,276150
Belarus,2007,9560953
Belgium,2007,10625700
Belize,2007,298407
Benin,2007,8454791
Bermuda,2007,64888
Bhutan,2007,686958
Bolivia,2007,9441444
Bosnia and Herzegovina,2007,3774000
Botswana,2007,1914414
Brazil,2007,191026637
British Virgin Islands,2007,24731
Brunei Darussalam,2007,374864
Bulgaria,2007,7545338
Burkina Faso,2007,14252021
Burundi,2007,7939573
Cabo Verde,2007,486438
Cambodia,2007,13676693
Cameroon,2007,18395389
Canada,2007,32887928
Cayman Islands,2007,51483
Central African Republic,2007,4275800
Chad,2007,10775708
Channel Islands,2007,156513
Chile,2007,16491687
China,2007,1317885000
Colombia,2007,44374572
Comoros,2007,641620
Costa Rica,2007,4369469
Cote d'Ivoire,2007,19085941
Croatia,2007,4436000
Cuba,2007,11303687
Curacao,2007,144056
Cyprus,2007,1063712
Czech Republic,2007,10298828
Denmark,2007,5461438
Djibouti,2007,809402
Dominica,2007,70950
Dominican Republic,2007,9504353
Ecuador,2007,14205453
El Salvador,2007,6083475
Equatorial Guinea,2007,829327
Eritrea,2007,4153332
Estonia,2007,1340680
Ethiopia,2007,81000409
Faroe Islands,2007,48448
Fiji,2007,834812
Finland,2007,5288720
France,2007,64016229
French Polynesia,2007,260594
Gabon,2007,1489193
Georgia,2007,4082000
Germany,2007,82266372
Ghana,2007,22700212
Gibraltar,2007,32510
Greece,2007,11048473
Greenland,2007,56555
Grenada,2007,103586
Guam,2007,158855
Guatemala,2007,13700286
Guinea,2007,10096727
Guinea-Bissau,2007,1445958
Guyana,2007,747869
Haiti,2007,9556889
Honduras,2007,7707972
Hungary,2007,10055780
Iceland,2007,311566
India,2007,1179681239
Indonesia,2007,232989141
Iraq,2007,28390433
Ireland,2007,4398942
Isle of Man,2007,77727
Israel,2007,7180100
Italy,2007,58438310
Jamaica,2007,2775467
Japan,2007,128001000
Jordan,2007,6193191
Kazakhstan,2007,15484192
Kenya,2007,38085909
Kiribati,2007,96311
Kosovo,2007,1733404
Kuwait,2007,2503410
Kyrgyz Republic,2007,5268400
Lao PDR,2007,5949787
Latvia,2007,2200325
Lebanon,2007,4086466
Lesotho,2007,1982287
Liberia,2007,3512932
Libya,2007,5970362
Liechtenstein,2007,35322
Lithuania,2007,3231294
Luxembourg,2007,479993
Madagascar,2007,19433523
Malawi,2007,13840969
Malaysia,2007,26625845
Maldives,2007,349000
Mali,2007,13675606
Malta,2007,406724
Marshall Islands,2007,52137
Mauritania,2007,3312665
Mauritius,2007,1239630
Mexico,2007,111836346
Moldova,2007,3576910
Monaco,2007,35111
Mongolia,2007,2591670
Montenegro,2007,615875
Morocco,2007,31225881
Mozambique,2007,22188387
Myanmar,2007,49171586
Namibia,2007,2079915
Nauru,2007,10075
Nepal,2007,26214847
Netherlands,2007,16381696
New Caledonia,2007,238000
New Zealand,2007,4223800
Nicaragua,2007,5522106
Niger,2007,14668338
Nigeria,2007,146417024
Northern Mariana Islands,2007,59513
Norway,2007,4709153
Oman,2007,2662762
Pakistan,2007,160332974
Palau,2007,20116
Panama,2007,3453807
Papua New Guinea,2007,6627922
Paraguay,2007,5966159
Peru,2007,28292724
Philippines,2007,89293490
Poland,2007,38120560
Portugal,2007,10542964
Puerto Rico,2007,3782995
Qatar,2007,1189633
Romania,2007,20882982
Russian Federation,2007,142805088
Rwanda,2007,9447402
Samoa,2007,182286
San Marino,2007,29977
Sao Tome and Principe,2007,163101
Saudi Arabia,2007,25252569
Senegal,2007,11873557
Serbia,2007,7381579
Seychelles,2007,85033
Sierra Leone,2007,6015417
Singapore,2007,4588599
Sint Maarten (Dutch part),2007,39462
Slovak Republic,2007,5374622
Slovenia,2007,2018122
Solomon Islands,2007,492940
Somalia,2007,11038596
South Africa,2007,48883844.9909288
South Sudan,2007,8856800
Spain,2007,45226803
Sri Lanka,2007,19668000
St. Kitts and Nevis,2007,49783
St. Lucia,2007,167288
St. Martin (French part),2007,28905
St. Vincent and the Grenadines,2007,109047
Sudan,2007,32282526
Suriname,2007,509705
Swaziland,2007,1138434
Sweden,2007,9148092
Switzerland,2007,7551117
Syrian Arab Republic,2007,19632806
Tajikistan,2007,7152385
Tanzania,2007,41923715
Thailand,2007,66195615
Timor-Leste,2007,1064973
Togo,2007,5997385
Tonga,2007,102357
Trinidad and Tobago,2007,1309260
Tunisia,2007,10298087
Turkey,2007,69597281
Turkmenistan,2007,4870137
Turks and Caicos Islands,2007,28640
Tuvalu,2007,10243
Uganda,2007,30590487
Ukraine,2007,46509350
United Arab Emirates,2007,6044067
United Kingdom,2007,61322463
United States,2007,301231207
Uruguay,2007,3339741
Uzbekistan,2007,26868000
Vanuatu,2007,219953
Vietnam,2007,84218500
Virgin Islands (U.S.),2007,107423
West Bank and Gaza,2007,3494496
Zambia,2007,12725974
Zimbabwe,2007,13329909
