Afghanistan,1989,11777609
Albania,1989,3227943
Algeria,1989,25257672
American Samoa,1989,45593
Andorra,1989,52448
Angola,1989,11827237
Antigua and Barbuda,1989,66627
Argentina,1989,32263561
Armenia,1989,3536469
Aruba,1989,61032
Australia,1989,16814400
Austria,1989,7619567
Azerbaijan,1989,7126891
Bahrain,1989,481090
Bangladesh,1989,103599232
Barbados,1989,259458
Belarus,1989,10170000
Belgium,1989,9937697
Belize,1989,183469
Benin,1989,4820016
Bermuda,1989,58841
Bhutan,1989,530257
Bolivia,1989,6723046
Bosnia and Herzegovina,1989,4506653
Botswana,1989,1339624
Brazil,1989,146691981
British Virgin Islands,1989,15900
Brunei Darussalam,1989,251514
Bulgaria,1989,8876972
Burkina Faso,1989,8579823
Burundi,1989,5280024
Cabo Verde,1989,335184
Cambodia,1989,8689152
Cameroon,1989,11372160
Canada,1989,27379000
Cayman Islands,1989,23776
Central African Republic,1989,2872668
Chad,1989,5768086
Channel Islands,1989,139530
Chile,1989,13025797
China,1989,1118650000
Colombia,1989,33624444
Comoros,1989,399632
Costa Rica,1989,3018955
Cote d'Ivoire,1989,11839243
Croatia,1989,4767000
Cuba,1989,10486509
Curacao,1989,146937
Cyprus,1989,751044
Czech Republic,1989,10361068
Denmark,1989,5132594
Djibouti,1989,563864
Dominica,1989,71242
Dominican Republic,1989,7042937
Ecuador,1989,9977377
El Salvador,1989,5185943
Equatorial Guinea,1989,414138
Eritrea,1989,3071771
Estonia,1989,1568131
Ethiopia,1989,46458913
Faroe Islands,1989,47466
Fiji,1989,724624
Finland,1989,4964371
France,1989,58182702
French Polynesia,1989,194252
Gabon,1989,926622
Georgia,1989,4803300
Germany,1989,78751283
Ghana,1989,14233874
Gibraltar,1989,29262
Greece,1989,10089498
Greenland,1989,55300
Grenada,1989,96869
Guam,1989,127522
Guatemala,1989,9050465
Guinea,1989,5770652
Guinea-Bissau,1989,988520
Guyana,1989,745665
Haiti,1989,6956300
Honduras,1989,4814137
Hungary,1989,10481719
Iceland,1989,252852
India,1989,852270034
Indonesia,1989,178233223
Iraq,1989,17040190
Ireland,1989,3511009
Isle of Man,1989,67388
Israel,1989,4518000
Italy,1989,56671781
Jamaica,1989,2407720
Japan,1989,123116000
Jordan,1989,3395023
Kazakhstan,1989,16249500
Kenya,1989,22633022
Kiribati,1989,70860
Kosovo,1989,1827000
Kuwait,1989,2096932
Kyrgyz Republic,1989,4307500
Lao PDR,1989,4138408
Latvia,1989,2666955
Lebanon,1989,2676605
Lesotho,1989,1576022
Liberia,1989,2131525
Libya,1989,4328914
Liechtenstein,1989,28407
Lithuania,1989,3684255
Luxembourg,1989,377100
Madagascar,1989,11268658
Malawi,1989,9094671
Malaysia,1989,17535971
Maldives,1989,216595
Mali,1989,8309531
Malta,1989,350722
Marshall Islands,1989,45814
Mauritania,1989,1976030
Mauritius,1989,1051260
Mexico,1989,83697891
Moldova,1989,3681000
Monaco,1989,29312
Mongolia,1989,2141008
Montenegro,1989,606571
Morocco,1989,24421191
Mozambique,1989,13059613
Myanmar,1989,40014862
Namibia,1989,1359933
Nauru,1989,8956
Nepal,1989,18293514
Netherlands,1989,14848907
New Caledonia,1989,166898
New Zealand,1989,3299200
Nicaragua,1989,4055265
Niger,1989,7768995
Nigeria,1989,92844353
Northern Mariana Islands,1989,39808
Norway,1989,4226901
Oman,1989,1741160
Pakistan,1989,104588490
Palau,1989,14757
Panama,1989,2419491
Papua New Guinea,1989,4205654
Paraguay,1989,4103911
Peru,1989,21368859
Philippines,1989,60391867
Poland,1989,37961529
Portugal,1989,10005000
Puerto Rico,1989,3505650
Qatar,1989,461870
Romania,1989,23161458
Russian Federation,1989,147721000
Rwanda,1989,7216028
Samoa,1989,161998
San Marino,1989,23740
Sao Tome and Principe,1989,111627
Saudi Arabia,1989,15755944
Senegal,1989,7328600
Seychelles,1989,69167
Sierra Leone,1989,4249468
Singapore,1989,2930901
Slovak Republic,1989,5275942
Slovenia,1989,1996351
Solomon Islands,1989,303253
Somalia,1989,7298417
South Africa,1989,35965131
South Sudan,1989,5777498
Spain,1989,38827764
Sri Lanka,1989,16841000
St. Kitts and Nevis,1989,40852
St. Lucia,1989,135956
St. Martin (French part),1989,27676
St. Vincent and the Grenadines,1989,107084
Sudan,1989,19475609
Suriname,1989,399492
Swaziland,1989,832682
Sweden,1989,8492964
Switzerland,1989,6646912
Syrian Arab Republic,1989,12080444
Tajikistan,1989,5149803
Tanzania,1989,24660575
Thailand,1989,55795106
Timor-Leste,1989,731444
Togo,1989,3686373
Tonga,1989,94929
Trinidad and Tobago,1989,1213624
Tunisia,1989,8050932
Turkey,1989,52992429
Turkmenistan,1989,3585867
Turks and Caicos Islands,1989,11017
Tuvalu,1989,8947
Uganda,1989,16846090
Ukraine,1989,51773000
United Arab Emirates,1989,1756043
United Kingdom,1989,57076711
United States,1989,246819000
Uruguay,1989,3088984
Uzbekistan,1989,19979127
Vanuatu,1989,142849
Vietnam,1989,64774000
Virgin Islands (U.S.),1989,103000
Zambia,1989,7813808
Zimbabwe,1989,9902540
