Afghanistan,1981,13053954
Albania,1981,2726056
Algeria,1981,19943664
American Samoa,1981,33493
Andorra,1981,37500
Angola,1981,9244507
Antigua and Barbuda,1981,73066
Argentina,1981,28543364
Armenia,1981,3148092
Aruba,1981,60567
Australia,1981,14927000
Austria,1981,7568710
Azerbaijan,1981,6249320
Bahrain,1981,374120
Bangladesh,1981,83721268
Barbados,1981,253080
Belarus,1981,9710000
Belgium,1981,9858982
Belize,1981,147566
Benin,1981,3820128
Bermuda,1981,55050
Bhutan,1981,420380
Bolivia,1981,5711599
Bosnia and Herzegovina,1981,4222511
Botswana,1981,1038397
Brazil,1981,124030908
British Virgin Islands,1981,11315
Brunei Darussalam,1981,200085
Bulgaria,1981,8891117
Burkina Faso,1981,6985160
Burundi,1981,4223195
Cabo Verde,1981,291602
Cambodia,1981,6748193
Cameroon,1981,8883016
Canada,1981,24900000
Cayman Islands,1981,16789
Central African Republic,1981,2346797
Chad,1981,4610167
Channel Islands,1981,128981
Chile,1981,11439144
China,1981,993885000
Colombia,1981,28375991
Comoros,1981,317606
Costa Rica,1981,2454129
Cote d'Ivoire,1981,8664057
Croatia,1981,4608000
Cuba,1981,9884213
Curacao,1981,148629
Cyprus,1981,689173
Czech Republic,1981,10300591
Denmark,1981,5121572
Djibouti,1981,374937
Dominica,1981,75375
Dominican Republic,1981,5943591
Ecuador,1981,8183194
El Salvador,1981,4655364
Equatorial Guinea,1981,270063
Eritrea,1981,2454766
Estonia,1981,1487666
Ethiopia,1981,36120288
Faroe Islands,1981,43917
Fiji,1981,650955
Finland,1981,4799964
France,1981,55585824
French Polynesia,1981,156243
Gabon,1981,747587
Georgia,1981,4504500
Germany,1981,78407907
Ghana,1981,11117605
Gibraltar,1981,30334
Greece,1981,9729350
Greenland,1981,51000
Grenada,1981,90572
Guam,1981,106485
Guatemala,1981,7466488
Guinea,1981,4589784
Guinea-Bissau,1981,814507
Guyana,1981,781732
Haiti,1981,5818671
Honduras,1981,3792938
Hungary,1981,10711848
Iceland,1981,230755
India,1981,713118032
Indonesia,1981,150978840
Iraq,1981,14046540
Ireland,1981,3453000
Isle of Man,1981,63540
Israel,1981,3956000
Italy,1981,56501675
Jamaica,1981,2197583
Japan,1981,117648000
Jordan,1981,2461193
Kazakhstan,1981,14683789
Kenya,1981,16901677
Kiribati,1981,60133
Kosovo,1981,1552000
Kuwait,1981,1442991
Kyrgyz Republic,1981,3685800
Lao PDR,1981,3323377
Latvia,1981,2519421
Lebanon,1981,2615747
Lesotho,1981,1343690
Liberia,1981,1957456
Libya,1981,3347781
Liechtenstein,1981,26224
Lithuania,1981,3432947
Luxembourg,1981,365225
Madagascar,1981,8971345
Malawi,1981,6327569
Malaysia,1981,14133840
Maldives,1981,163935
Mali,1981,7234303
Malta,1981,318982
Marshall Islands,1981,31893
Mauritania,1981,1578938
Mauritius,1981,980462
Mexico,1981,70992195
Moldova,1981,3429000
Monaco,1981,27164
Mongolia,1981,1733475
Montenegro,1981,579445
Morocco,1981,20511601
Mozambique,1981,12133074
Myanmar,1981,34139130
Namibia,1981,1034264
Nauru,1981,7597
Nepal,1981,15249010
Netherlands,1981,14247208
New Caledonia,1981,142650
New Zealand,1981,3124900
Nicaragua,1981,3342669
Niger,1981,6164006
Nigeria,1981,75482552
Northern Mariana Islands,1981,18604
Norway,1981,4099702
Oman,1981,1220587
Pakistan,1981,80696945
Palau,1981,12387
Panama,1981,2026065
Papua New Guinea,1981,3398469
Paraguay,1981,3271456
Peru,1981,17792549
Philippines,1981,48715592
Poland,1981,35898587
Portugal,1981,9851362
Puerto Rico,1981,3242552
Qatar,1981,248144
Romania,1981,22415169
Russian Federation,1981,139941000
Rwanda,1981,5315032
Samoa,1981,156428
San Marino,1981,21666
Sao Tome and Principe,1981,96950
Saudi Arabia,1981,10366661
Senegal,1981,5750338
Seychelles,1981,64035
Sierra Leone,1981,3445277
Singapore,1981,2532835
Slovak Republic,1981,5016105
Slovenia,1981,1906531
Solomon Islands,1981,238479
Somalia,1981,6604872
South Africa,1981,29828874
South Sudan,1981,4853927
Spain,1981,37758631
Sri Lanka,1981,14847000
St. Kitts and Nevis,1981,42976
St. Lucia,1981,119594
St. Martin (French part),1981,7868
St. Vincent and the Grenadines,1981,101379
Sudan,1981,15027270
Suriname,1981,363325
Swaziland,1981,621276
Sweden,1981,8320503
Switzerland,1981,6354074
Syrian Arab Republic,1981,9252851
Tajikistan,1981,4020778
Tanzania,1981,19277108
Thailand,1981,48337503
Timor-Leste,1981,591005
Togo,1981,2812039
Tonga,1981,93453
Trinidad and Tobago,1981,1102556
Tunisia,1981,6545024
Turkey,1981,44988356
Turkmenistan,1981,2947779
Turks and Caicos Islands,1981,7858
Tuvalu,1981,8154
Uganda,1981,12930209
Ukraine,1981,50221000
United Arab Emirates,1981,1120900
United Kingdom,1981,56333829
United States,1981,229466000
Uruguay,1981,2935036
Uzbekistan,1981,16363562
Vanuatu,1981,118580
Vietnam,1981,54722000
Virgin Islands (U.S.),1981,98000
Zambia,1981,6094206
Zimbabwe,1981,7431940
