Afghanistan,1961,9166764
Albania,1961,1659800
Algeria,1961,11404859
American Samoa,1961,20486
Andorra,1961,14375
Angola,1961,5753024
Antigua and Barbuda,1961,56144
Argentina,1961,20953077
Armenia,1961,1941491
Aruba,1961,55438
Australia,1961,10483000
Austria,1961,7086299
Azerbaijan,1961,4030320
Bahrain,1961,167894
Bangladesh,1961,49592802
Barbados,1961,231678
Belarus,1961,8271216
Belgium,1961,9183948
Belize,1961,94703
Benin,1961,2465867
Bermuda,1961,45500
Bhutan,1961,228918
Bolivia,1961,3764813
Bosnia and Herzegovina,1961,3288602
Botswana,1961,537249
Brazil,1961,74351763
British Virgin Islands,1961,8155
Brunei Darussalam,1961,85596
Bulgaria,1961,7943118
Burkina Faso,1961,4894580
Burundi,1961,2839666
Cabo Verde,1961,205956
Cambodia,1961,5873015
Cameroon,1961,5285231
Canada,1961,18271000
Cayman Islands,1961,8026
Central African Republic,1961,1529227
Chad,1961,3060355
Channel Islands,1961,110399
Chile,1961,7890156
China,1961,660330000
Colombia,1961,16982315
Comoros,1961,194139
Costa Rica,1961,1381917
Cote d'Ivoire,1961,3694205
Croatia,1961,4171672
Cuba,1961,7289826
Curacao,1961,126125
Cyprus,1961,576395
Czech Republic,1961,9586651
Denmark,1961,4611687
Djibouti,1961,88498
Dominica,1961,61032
Dominican Republic,1961,3406299
Ecuador,1961,4676859
El Salvador,1961,2843240
Equatorial Guinea,1961,258947
Eritrea,1961,1432640
Estonia,1961,1225077
Ethiopia,1961,22671190
Faroe Islands,1961,35115
Fiji,1961,407156
Finland,1961,4461005
France,1961,47444751
French Polynesia,1961,80703
Gabon,1961,504167
Georgia,1961,3703600
Germany,1961,73377632
Ghana,1961,6866539
Gibraltar,1961,23786
Greece,1961,8398050
Greenland,1961,33700
Grenada,1961,91260
Guam,1961,68072
Guatemala,1961,4336143
Guinea,1961,3633652
Guinea-Bissau,1961,623415
Guyana,1961,589274
Haiti,1961,3943364
Honduras,1961,2096407
Hungary,1961,10029321
Iceland,1961,179029
India,1961,458494963
Indonesia,1961,90138235
Iraq,1961,7475352
Ireland,1961,2824400
Isle of Man,1961,48281
Israel,1961,2185000
Italy,1961,50536350
Jamaica,1961,1650806
Japan,1961,94943000
Jordan,1961,973083
Kazakhstan,1961,10129861
Kenya,1961,8361441
Kiribati,1961,42257
Kosovo,1961,966000
Kuwait,1961,301336
Kyrgyz Republic,1961,2255900
Lao PDR,1961,2170343
Latvia,1961,2152681
Lebanon,1961,1864605
Lesotho,1961,866462
Liberia,1961,1144986
Libya,1961,1498071
Liechtenstein,1961,16894
Lithuania,1961,2823550
Luxembourg,1961,316845
Madagascar,1961,5223568
Malawi,1961,3700023
Malaysia,1961,8418460
Maldives,1961,92350
Mali,1961,5322266
Malta,1961,325250
Marshall Islands,1961,15051
Mauritania,1961,883221
Mauritius,1961,680757
Mexico,1961,39394126
Moldova,1961,2605000
Monaco,1961,22808
Mongolia,1961,982178
Montenegro,1961,491140
Morocco,1961,12710547
Mozambique,1961,7541325
Myanmar,1961,21438025
Namibia,1961,617277
Nauru,1961,4675
Nepal,1961,10221759
Netherlands,1961,11638712
New Caledonia,1961,81200
New Zealand,1961,2419700
Nicaragua,1961,1830400
Niger,1961,3486295
Nigeria,1961,46062905
Northern Mariana Islands,1961,10302
Norway,1961,3609800
Oman,1961,564890
Pakistan,1961,45984892
Palau,1961,9900
Panama,1961,1167035
Papua New Guinea,1961,2051947
Paraguay,1961,1953328
Peru,1961,10350242
Philippines,1961,27164617
Poland,1961,29964000
Portugal,1961,8929316
Puerto Rico,1961,2399722
Qatar,1961,51421
Romania,1961,18555250
Russian Federation,1961,121236000
Rwanda,1961,2996096
Samoa,1961,112119
San Marino,1961,15789
Sao Tome and Principe,1961,64551
Saudi Arabia,1961,4218879
Senegal,1961,3295293
Seychelles,1961,42889
Sierra Leone,1961,2329204
Singapore,1961,1702400
Slovak Republic,1961,4191667
Slovenia,1961,1594131
Solomon Islands,1961,121396
Somalia,1961,2814096
South Africa,1961,17850045
South Sudan,1961,3011110
Spain,1961,30739250
Sri Lanka,1961,10168000
St. Kitts and Nevis,1961,51193
St. Lucia,1961,90914
St. Martin (French part),1961,4453
St. Vincent and the Grenadines,1961,82142
Sudan,1961,7769482
Suriname,1961,298188
Swaziland,1961,357453
Sweden,1961,7519998
Switzerland,1961,5434294
Syrian Arab Republic,1961,4721896
Tajikistan,1961,2159123
Tanzania,1961,10373398
Thailand,1961,28224204
Timor-Leste,1961,508845
Togo,1961,1597526
Tonga,1961,63745
Trinidad and Tobago,1961,865360
Tunisia,1961,4235937
Turkey,1961,28146893
Turkmenistan,1961,1658362
Turks and Caicos Islands,1961,5763
Tuvalu,1961,6246
Uganda,1961,7006633
Ukraine,1961,43203635
United Arab Emirates,1961,101078
United Kingdom,1961,52800000
United States,1961,183691000
Uruguay,1961,2571690
Uzbekistan,1961,8837349
Vanuatu,1961,65713
Vietnam,1961,35428000
Virgin Islands (U.S.),1961,34100
Zambia,1961,3140264
Zimbabwe,1961,3870756
