Afghanistan,1960,8996351
Albania,1960,1608800
Algeria,1960,11124888
American Samoa,1960,20013
Andorra,1960,13411
Angola,1960,5643182
Antigua and Barbuda,1960,55339
Argentina,1960,20619075
Armenia,1960,1874120
Aruba,1960,54211
Australia,1960,10276477
Austria,1960,7047539
Azerbaijan,1960,3895396
Bahrain,1960,162427
Bangladesh,1960,48199747
Barbados,1960,230939
Belarus,1960,8198000
Belgium,1960,9153489
Belize,1960,92064
Benin,1960,2431622
Bermuda,1960,44400
Bhutan,1960,223288
Bolivia,1960,3693449
Bosnia and Herzegovina,1960,3225668
Botswana,1960,524552
Brazil,1960,72207554
British Virgin Islands,1960,8033
Brunei Darussalam,1960,81745
Bulgaria,1960,7867374
Burkina Faso,1960,4829288
Burundi,1960,2786106
Cabo Verde,1960,202310
Cambodia,1960,5722370
Cameroon,1960,5176268
Canada,1960,17909009
Cayman Islands,1960,7865
Central African Republic,1960,1503508
Chad,1960,3001593
Channel Islands,1960,109420
Chile,1960,7716625
China,1960,667070000
Colombia,1960,16480383
Comoros,1960,191121
Costa Rica,1960,1333040
Cote d'Ivoire,1960,3558988
Croatia,1960,4140000
Cuba,1960,7141135
Curacao,1960,124826
Cyprus,1960,572930
Czech Republic,1960,9602006
Denmark,1960,4579603
Djibouti,1960,83636
Dominica,1960,60011
Dominican Republic,1960,3294042
Ecuador,1960,4545550
El Salvador,1960,2762899
Equatorial Guinea,1960,255323
Eritrea,1960,1397491
Estonia,1960,1211537
Ethiopia,1960,22151278
Faroe Islands,1960,34661
Fiji,1960,393386
Finland,1960,4429634
France,1960,46814237
French Polynesia,1960,78076
Gabon,1960,499184
Georgia,1960,3645600
Germany,1960,72814900
Ghana,1960,6652287
Gibraltar,1960,23394
Greece,1960,8331725
Greenland,1960,32500
Grenada,1960,89869
Guam,1960,66742
Guatemala,1960,4210747
Guinea,1960,3577409
Guinea-Bissau,1960,616409
Guyana,1960,571819
Haiti,1960,3866159
Honduras,1960,2038637
Hungary,1960,9983967
Iceland,1960,175574
India,1960,449480608
Indonesia,1960,87792515
Iraq,1960,7289761
Ireland,1960,2828600
Isle of Man,1960,48442
Israel,1960,2114020
Italy,1960,50199700
Jamaica,1960,1628252
Japan,1960,92500572
Jordan,1960,932257
Kazakhstan,1960,9714260
Kenya,1960,8105440
Kiribati,1960,41233
Kosovo,1960,947000
Kuwait,1960,269618
Kyrgyz Republic,1960,2172300
Lao PDR,1960,2120896
Latvia,1960,2120979
Lebanon,1960,1804926
Lesotho,1960,851591
Liberia,1960,1120313
Libya,1960,1448417
Liechtenstein,1960,16495
Lithuania,1960,2778550
Luxembourg,1960,313970
Madagascar,1960,5099373
Malawi,1960,3618595
Malaysia,1960,8157106
Maldives,1960,89887
Mali,1960,5263733
Malta,1960,326550
Marshall Islands,1960,14662
Mauritania,1960,858168
Mauritius,1960,659351
Mexico,1960,38174112
Moldova,1960,2544000
Monaco,1960,22452
Mongolia,1960,955505
Montenegro,1960,480579
Morocco,1960,12328532
Mozambique,1960,7388695
Myanmar,1960,20986123
Namibia,1960,602544
Nauru,1960,4433
Nepal,1960,10063011
Netherlands,1960,11486631
New Caledonia,1960,79000
New Zealand,1960,2371800
Nicaragua,1960,1774699
Niger,1960,3388764
Nigeria,1960,45137812
Northern Mariana Islands,1960,10035
Norway,1960,3581239
Oman,1960,551740
Pakistan,1960,44908293
Palau,1960,9642
Panama,1960,1132921
Papua New Guinea,1960,2010677
Paraguay,1960,1902875
Peru,1960,10061515
Philippines,1960,26273025
Poland,1960,29637450
Portugal,1960,8857716
Puerto Rico,1960,2358000
Qatar,1960,47384
Romania,1960,18406905
Russian Federation,1960,119897000
Rwanda,1960,2933428
Samoa,1960,108646
San Marino,1960,15397
Sao Tome and Principe,1960,64253
Saudi Arabia,1960,4086539
Senegal,1960,3206749
Seychelles,1960,41700
Sierra Leone,1960,2297110
Singapore,1960,1646400
Slovak Republic,1960,4068095
Slovenia,1960,1584720
Solomon Islands,1960,117866
Somalia,1960,2755947
South Africa,1960,17396367
South Sudan,1960,2955152
Spain,1960,30455000
Sri Lanka,1960,9896000
St. Kitts and Nevis,1960,51195
St. Lucia,1960,89897
St. Martin (French part),1960,4279
St. Vincent and the Grenadines,1960,80949
Sudan,1960,7544491
Suriname,1960,289966
Swaziland,1960,349174
Sweden,1960,7484656
Switzerland,1960,5327827
Syrian Arab Republic,1960,4573512
Tajikistan,1960,2087038
Tanzania,1960,10074507
Thailand,1960,27397175
Timor-Leste,1960,499950
Togo,1960,1580513
Tonga,1960,61601
Trinidad and Tobago,1960,848479
Tunisia,1960,4176266
Turkey,1960,27472331
Turkmenistan,1960,1603258
Turks and Caicos Islands,1960,5726
Tuvalu,1960,6104
Uganda,1960,6788214
Ukraine,1960,42662149
United Arab Emirates,1960,92634
United Kingdom,1960,52400000
United States,1960,180671000
Uruguay,1960,2538651
Uzbekistan,1960,8549493
Vanuatu,1960,63699
Vietnam,1960,34743000
Virgin Islands (U.S.),1960,32000
Zambia,1960,3044846
Zimbabwe,1960,3747369
