Afghanistan,2010,28803167
Albania,2010,2913021
Algeria,2010,36117637
American Samoa,2010,55637
Andorra,2010,84449
Angola,2010,23369131
Antigua and Barbuda,2010,94661
Argentina,2010,41223889
Armenia,2010,2877311
Aruba,2010,101669
Australia,2010,22031750
Austria,2010,8363404
Azerbaijan,2010,9054332
Bahrain,2010,1240862
Bangladesh,2010,152149102
Barbados,2010,279569
Belarus,2010,9490583
Belgium,2010,10895586
Belize,2010,321608
Benin,2010,9199259
Bermuda,2010,65124
Bhutan,2010,727641
Bolivia,2010,9918242
Bosnia and Herzegovina,2010,3722084
Botswana,2010,2014866
Brazil,2010,196796269
British Virgin Islands,2010,27224
Brunei Darussalam,2010,388662
Bulgaria,2010,7395599
Burkina Faso,2010,15605217
Burundi,2010,8766930
Cabo Verde,2010,502384
Cambodia,2010,14308740
Cameroon,2010,19970495
Canada,2010,34005274
Cayman Islands,2010,55507
Central African Republic,2010,4448525
Chad,2010,11887202
Channel Islands,2010,159581
Chile,2010,16993354
China,2010,1337705000
Colombia,2010,45918097
Comoros,2010,689692
Costa Rica,2010,4545280
Cote d'Ivoire,2010,20401331
Croatia,2010,4417781
Cuba,2010,11333051
Curacao,2010,148703
Cyprus,2010,1112607
Czech Republic,2010,10474410
Denmark,2010,5547683
Djibouti,2010,851146
Dominica,2010,71440
Dominican Republic,2010,9897985
Ecuador,2010,14934690
El Salvador,2010,6164626
Equatorial Guinea,2010,951104
Eritrea,2010,4390840
Estonia,2010,1331475
Ethiopia,2010,87702670
Faroe Islands,2010,48550
Fiji,2010,859950
Finland,2010,5363352
France,2010,65027512
French Polynesia,2010,267820
Gabon,2010,1640210
Georgia,2010,3926000
Germany,2010,81776930
Ghana,2010,24512104
Gibraltar,2010,33189
Greece,2010,11121341
Greenland,2010,56905
Grenada,2010,104677
Guam,2010,159444
Guatemala,2010,14630417
Guinea,2010,10794170
Guinea-Bissau,2010,1555880
Guyana,2010,746556
Haiti,2010,9999617
Honduras,2010,8194778
Hungary,2010,10000023
Iceland,2010,318041
India,2010,1230980691
Indonesia,2010,242524123
Iraq,2010,30762701
Ireland,2010,4560155
Isle of Man,2010,80072
Israel,2010,7623600
Italy,2010,59277417
Jamaica,2010,2817210
Japan,2010,128070000
Jordan,2010,7182390
Kazakhstan,2010,16321581
Kenya,2010,41350152
Kiribati,2010,102652
Kosovo,2010,1775680
Kuwait,2010,2998083
Kyrgyz Republic,2010,5447900
Lao PDR,2010,6246274
Latvia,2010,2097555
Lebanon,2010,4337141
Lesotho,2010,2040551
Liberia,2010,3948125
Libya,2010,6169140
Liechtenstein,2010,36003
Lithuania,2010,3097282
Luxembourg,2010,506953
Madagascar,2010,21151640
Malawi,2010,15167095
Malaysia,2010,28112289
Maldives,2010,367000
Mali,2010,15075085
Malta,2010,414508
Marshall Islands,2010,52425
Mauritania,2010,3609543
Mauritius,2010,1250400
Mexico,2010,117318941
Moldova,2010,3562045
Monaco,2010,37094
Mongolia,2010,2712650
Montenegro,2010,619428
Morocco,2010,32409639
Mozambique,2010,24221405
Myanmar,2010,50155896
Namibia,2010,2173170
Nauru,2010,10025
Nepal,2010,27023137
Netherlands,2010,16615394
New Caledonia,2010,250000
New Zealand,2010,4350700
Nicaragua,2010,5737723
Niger,2010,16425578
Nigeria,2010,158578261
Northern Mariana Islands,2010,54424
Norway,2010,4889252
Oman,2010,3041460
Pakistan,2010,170560182
Palau,2010,20470
Panama,2010,3643222
Papua New Guinea,2010,7108239
Paraguay,2010,6209877
Peru,2010,29373646
Philippines,2010,93726624
Poland,2010,38042794
Portugal,2010,10573100
Puerto Rico,2010,3721525
Qatar,2010,1779676
Romania,2010,20246871
Russian Federation,2010,142849449
Rwanda,2010,10246842
Samoa,2010,186205
San Marino,2010,31110
Sao Tome and Principe,2010,174776
Saudi Arabia,2010,27425676
Senegal,2010,12916229
Serbia,2010,7291436
Seychelles,2010,89770
Sierra Leone,2010,6458720
Singapore,2010,5076732
Sint Maarten (Dutch part),2010,35474
Slovak Republic,2010,5391428
Slovenia,2010,2048583
Solomon Islands,2010,527790
Somalia,2010,12053223
South Africa,2010,50979432.3622277
South Sudan,2010,10067192
Spain,2010,46576897
Sri Lanka,2010,20119000
St. Kitts and Nevis,2010,51445
St. Lucia,2010,172580
St. Martin (French part),2010,30235
St. Vincent and the Grenadines,2010,109315
Sudan,2010,34385963
Suriname,2010,526103
Swaziland,2010,1202843
Sweden,2010,9378126
Switzerland,2010,7824909
Syrian Arab Republic,2010,21018834
Tajikistan,2010,7641630
Tanzania,2010,46098591
Thailand,2010,67208808
Timor-Leste,2010,1109591
Togo,2010,6502952
Tonga,2010,104137
Trinidad and Tobago,2010,1328100
Tunisia,2010,10639931
Turkey,2010,72326914
Turkmenistan,2010,5087210
Turks and Caicos Islands,2010,30994
Tuvalu,2010,10531
Uganda,2010,33915133
Ukraine,2010,45870700
United Arab Emirates,2010,8270684
United Kingdom,2010,62766365
United States,2010,309348193
Uruguay,2010,3374415
Uzbekistan,2010,28562400
Vanuatu,2010,236295
Vietnam,2010,86932500
Virgin Islands (U.S.),2010,106267
West Bank and Gaza,2010,3811102
Zambia,2010,13850033
Zimbabwe,2010,14086317
