Afghanistan,1991,12993657
Albania,1991,3266790
Algeria,1991,26554329
American Samoa,1991,48375
Andorra,1991,56671
Angola,1991,12553446
Antigua and Barbuda,1991,67307
Argentina,1991,33193918
Armenia,1991,3505251
Aruba,1991,64622
Australia,1991,17284000
Austria,1991,7754891
Azerbaijan,1991,7271000
Bahrain,1991,509765
Bangladesh,1991,108727432
Barbados,1991,261275
Belarus,1991,10194000
Belgium,1991,10004486
Belize,1991,191126
Benin,1991,5149499
Bermuda,1991,59021
Bhutan,1991,537284
Bolivia,1991,6992521
Bosnia and Herzegovina,1991,4371603
Botswana,1991,1416731
Brazil,1991,151976577
British Virgin Islands,1991,16934
Brunei Darussalam,1991,266274
Bulgaria,1991,8632367
Burkina Faso,1991,9050084
Burundi,1991,5542048
Cabo Verde,1991,349934
Cambodia,1991,9286976
Cameroon,1991,12060729
Canada,1991,28171682
Cayman Islands,1991,26213
Central African Republic,1991,3014624
Chad,1991,6150081
Channel Islands,1991,141568
Chile,1991,13457244
China,1991,1150780000
Colombia,1991,34916766
Comoros,1991,423872
Costa Rica,1991,3175649
Cote d'Ivoire,1991,12710008
Croatia,1991,4510000
Cuba,1991,10663585
Curacao,1991,144403
Cyprus,1991,783129
Czech Republic,1991,10308578
Denmark,1991,5154298
Djibouti,1991,606844
Dominica,1991,70842
Dominican Republic,1991,7325622
Ecuador,1991,10460990
El Salvador,1991,5326657
Equatorial Guinea,1991,440624
Eritrea,1991,3127297
Estonia,1991,1561314
Ethiopia,1991,49821083
Faroe Islands,1991,47457
Fiji,1991,735473
Finland,1991,5013740
France,1991,58559312
French Polynesia,1991,202016
Gabon,1991,978223
Georgia,1991,4835900
Germany,1991,80013896
Ghana,1991,15039514
Gibraltar,1991,29212
Greece,1991,10319927
Greenland,1991,55500
Grenada,1991,96454
Guam,1991,133558
Guatemala,1991,9483270
Guinea,1991,6374329
Guinea-Bissau,1991,1037155
Guyana,1991,744289
Haiti,1991,7243391
Honduras,1991,5099951
Hungary,1991,10373400
Iceland,1991,257797
India,1991,888054875
Indonesia,1991,184615979
Iraq,1991,17942715
Ireland,1991,3534235
Isle of Man,1991,69096
Israel,1991,4949000
Italy,1991,56758521
Jamaica,1991,2443689
Japan,1991,123921000
Jordan,1991,3753433
Kazakhstan,1991,16450500
Kenya,1991,24179598
Kiribati,1991,73700
Kosovo,1991,1898000
Kuwait,1991,2035661
Kyrgyz Republic,1991,4463600
Lao PDR,1991,4380073
Latvia,1991,2650581
Lebanon,1991,2752462
Lesotho,1991,1634517
Liberia,1991,2060267
Libya,1991,4544293
Liechtenstein,1991,29108
Lithuania,1991,3704134
Luxembourg,1991,387000
Madagascar,1991,11942819
Malawi,1991,9641153
Malaysia,1991,18529454
Maldives,1991,227000
Mali,1991,8652514
Malta,1991,363845
Marshall Islands,1991,48475
Mauritania,1991,2085202
Mauritius,1991,1070266
Mexico,1991,87071512
Moldova,1991,3704000
Monaco,1991,29624
Mongolia,1991,2217918
Montenegro,1991,607105
Morocco,1991,25336862
Mozambique,1991,13591970
Myanmar,1991,41190156
Namibia,1991,1465740
Nauru,1991,9354
Nepal,1991,19245054
Netherlands,1991,15069798
New Caledonia,1991,175362
New Zealand,1991,3495100
Nicaragua,1991,4236801
Niger,1991,8272976
Nigeria,1991,97726323
Northern Mariana Islands,1991,45249
Norway,1991,4261732
Oman,1991,1893771
Pakistan,1991,110730420
Palau,1991,15474
Panama,1991,2523181
Papua New Guinea,1991,4423007
Paraguay,1991,4323410
Peru,1991,22283128
Philippines,1991,63508459
Poland,1991,38246193
Portugal,1991,9960235
Puerto Rico,1991,3562110
Qatar,1991,487491
Romania,1991,23001155
Russian Federation,1991,148624000
Rwanda,1991,7051759
Samoa,1991,164076
San Marino,1991,24386
Sao Tome and Principe,1991,116294
Saudi Arabia,1991,16867829
Senegal,1991,7789653
Serbia,1991,7595636
Seychelles,1991,70439
Sierra Leone,1991,4337239
Singapore,1991,3135083
Slovak Republic,1991,5303294
Slovenia,1991,1999429
Solomon Islands,1991,320753
Somalia,1991,7455936
South Africa,1991,37692367
South Sudan,1991,5705378
Spain,1991,38966376
Sri Lanka,1991,17306000
St. Kitts and Nevis,1991,41013
St. Lucia,1991,140156
St. Martin (French part),1991,31821
St. Vincent and the Grenadines,1991,107814
Sudan,1991,20893625
Suriname,1991,415216
Swaziland,1991,885623
Sweden,1991,8617375
Switzerland,1991,6799978
Syrian Arab Republic,1991,12815219
Tajikistan,1991,5400714
Tanzania,1991,26315013
Thailand,1991,57258401
Timor-Leste,1991,777011
Togo,1991,3882271
Tonga,1991,95333
Trinidad and Tobago,1991,1229907
Tunisia,1991,8417684
Turkey,1991,54840531
Turkmenistan,1991,3789185
Turks and Caicos Islands,1991,12206
Tuvalu,1991,9053
Uganda,1991,18040438
Ukraine,1991,52000470
United Arab Emirates,1991,1970026
United Kingdom,1991,57424897
United States,1991,252981000
Uruguay,1991,3132050
Uzbekistan,1991,20952000
Vanuatu,1991,150778
Vietnam,1991,67242400
Virgin Islands (U.S.),1991,104807
West Bank and Gaza,1991,2068845
Zambia,1991,8239732
Zimbabwe,1991,10443043
