Afghanistan,1998,18863999
Albania,1998,3128530
Algeria,1998,30335732
American Samoa,1998,55901
Andorra,1998,64142
Angola,1998,15504318
Antigua and Barbuda,1998,79851
Argentina,1998,36241590
Armenia,1998,3108684
Aruba,1998,87277
Australia,1998,18711000
Austria,1998,7976789
Azerbaijan,1998,7913000
Bahrain,1998,613702
Bangladesh,1998,126447965
Barbados,1998,267950
Belarus,1998,10069000
Belgium,1998,10203008
Belize,1998,230284
Benin,1998,6470265
Bermuda,1998,60943
Bhutan,1998,542155
Bolivia,1998,8026254
Bosnia and Herzegovina,1998,3750485
Botswana,1998,1669625
Brazil,1998,170170640
British Virgin Islands,1998,19722
Brunei Darussalam,1998,319222
Bulgaria,1998,8256786
Burkina Faso,1998,10968724
Burundi,1998,6186352
Cabo Verde,1998,417323
Cambodia,1998,11597739
Cameroon,1998,14523570
Canada,1998,30247900
Cayman Islands,1998,37740
Central African Republic,1998,3597385
Chad,1998,7759258
Channel Islands,1998,146671
Chile,1998,14887756
China,1998,1241935000
Colombia,1998,39234062
Comoros,1998,515385
Costa Rica,1998,3767373
Cote d'Ivoire,1998,15884552
Croatia,1998,4501000
Cuba,1998,11064097
Curacao,1998,144472
Cyprus,1998,908704
Czech Republic,1998,10294373
Denmark,1998,5304219
Djibouti,1998,680612
Dominica,1998,70290
Dominican Republic,1998,8296375
Ecuador,1998,12163885
El Salvador,1998,5778706
Equatorial Guinea,1998,566673
Eritrea,1998,3224223
Estonia,1998,1386156
Ethiopia,1998,62794151
Faroe Islands,1998,46580
Fiji,1998,800315
Finland,1998,5153498
France,1998,60186291
French Polynesia,1998,228376
Gabon,1998,1171224
Georgia,1998,4487300
Germany,1998,82047195
Ghana,1998,18036494
Gibraltar,1998,30801
Greece,1998,10720509
Greenland,1998,56100
Grenada,1998,101309
Guam,1998,152277
Guatemala,1998,11133501
Guinea,1998,8503297
Guinea-Bissau,1998,1199915
Guyana,1998,757952
Haiti,1998,8258483
Honduras,1998,6192026
Hungary,1998,10266570
Iceland,1998,274047
India,1998,1015974042
Indonesia,1998,205715544
Iraq,1998,22190250
Ireland,1998,3712696
Isle of Man,1998,71390
Israel,1998,5971000
Italy,1998,56906744
Jamaica,1998,2611367
Japan,1998,126400000
Jordan,1998,4927912
Kazakhstan,1998,15071300
Kenya,1998,29769803
Kiribati,1998,81550
Kosovo,1998,1966000
Kuwait,1998,1836353
Kyrgyz Republic,1998,4769000
Lao PDR,1998,5150763
Latvia,1998,2410019
Lebanon,1998,3113951
Lesotho,1998,1831298
Liberia,1998,2551062
Libya,1998,5195502
Liechtenstein,1998,32355
Lithuania,1998,3549331
Luxembourg,1998,424700
Madagascar,1998,14808791
Malawi,1998,10704744
Malaysia,1998,22113464
Maldives,1998,271000
Mali,1998,10380835
Malta,1998,385287
Marshall Islands,1998,51925
Mauritania,1998,2549223
Mauritius,1998,1160421
Mexico,1998,98821456
Moldova,1998,3652732
Monaco,1998,31523
Mongolia,1998,2355590
Montenegro,1998,607662
Morocco,1998,28175263
Mozambique,1998,17136780
Myanmar,1998,44959935
Namibia,1998,1810566
Nauru,1998,10054
Nepal,1998,22856305
Netherlands,1998,15707209
New Caledonia,1998,205279
New Zealand,1998,3815000
Nicaragua,1998,4869626
Niger,1998,10556549
Nigeria,1998,116385750
Northern Mariana Islands,1998,65474
Norway,1998,4431464
Oman,1998,2251875
Pakistan,1998,132253264
Palau,1998,18524
Panama,1998,2912328
Papua New Guinea,1998,5291178
Paraguay,1998,5089310
Peru,1998,25199748
Philippines,1998,74693695
Poland,1998,38663481
Portugal,1998,10160196
Puerto Rico,1998,3781101
Qatar,1998,550430
Romania,1998,22507344
Russian Federation,1998,147670692
Rwanda,1998,7059813
Samoa,1998,172981
San Marino,1998,26799
Sao Tome and Principe,1998,133418
Saudi Arabia,1998,19882458
Senegal,1998,9418393
Serbia,1998,7567745
Seychelles,1998,78846
Sierra Leone,1998,4353646
Singapore,1998,3927213
Sint Maarten (Dutch part),1998,31240
Slovak Republic,1998,5390516
Slovenia,1998,1981629
Solomon Islands,1998,390643
Somalia,1998,8422372
South Africa,1998,43584030
South Sudan,1998,6099923
Spain,1998,40223509
Sri Lanka,1998,18425000
St. Kitts and Nevis,1998,44317
St. Lucia,1998,153183
St. Martin (French part),1998,30358
St. Vincent and the Grenadines,1998,107922
Sudan,1998,26003542
Suriname,1998,461560
Swaziland,1998,1026009
Sweden,1998,8850974
Switzerland,1998,7110001
Syrian Arab Republic,1998,15602210
Tajikistan,1998,6021691
Tanzania,1998,32451713
Thailand,1998,61597283
Timor-Leste,1998,865194
Togo,1998,4679023
Tonga,1998,97135
Trinidad and Tobago,1998,1262542
Tunisia,1998,9499395
Turkey,1998,61329590
Turkmenistan,1998,4413477
Turks and Caicos Islands,1998,17115
Tuvalu,1998,9306
Uganda,1998,22551789
Ukraine,1998,50143939
United Arab Emirates,1998,2838145
United Kingdom,1998,58487141
United States,1998,275854000
Uruguay,1998,3292138
Uzbekistan,1998,24051000
Vanuatu,1998,178078
Vietnam,1998,75456300
Virgin Islands (U.S.),1998,108535
West Bank and Gaza,1998,2776568
Zambia,1998,9950224
Zimbabwe,1998,11893272
