Afghanistan,2004,24118979
Albania,2004,3026939
Algeria,2004,32831096
American Samoa,2004,59264
Andorra,2004,76244
Angola,2004,18865716
Antigua and Barbuda,2004,88257
Argentina,2004,38728696
Armenia,2004,3000612
Aruba,2004,98737
Australia,2004,20127400
Austria,2004,8171966
Azerbaijan,2004,8306500
Bahrain,2004,829848
Bangladesh,2004,141307489
Barbados,2004,273091
Belarus,2004,9730146
Belgium,2004,10421137
Belize,2004,276089
Benin,2004,7750004
Bermuda,2004,63740
Bhutan,2004,640282
Bolivia,2004,8967741
Bosnia and Herzegovina,2004,3781287
Botswana,2004,1829330
Brazil,2004,184738458
British Virgin Islands,2004,22541
Brunei Darussalam,2004,359523
Bulgaria,2004,7716860
Burkina Faso,2004,13030569
Burundi,2004,7182451
Cabo Verde,2004,467664
Cambodia,2004,13063377
Cameroon,2004,16959081
Canada,2004,31995000
Cayman Islands,2004,47299
Central African Republic,2004,4055036
Chad,2004,9710043
Channel Islands,2004,153170
Chile,2004,15973778
China,2004,1296075000
Colombia,2004,42724163
Comoros,2004,597228
Costa Rica,2004,4187038
Cote d'Ivoire,2004,17997738
Croatia,2004,4439000
Cuba,2004,11266941
Curacao,2004,134192
Cyprus,2004,1010410
Czech Republic,2004,10197101
Denmark,2004,5404523
Djibouti,2004,770752
Dominica,2004,70379
Dominican Republic,2004,9102998
Ecuador,2004,13509647
El Salvador,2004,6000775
Equatorial Guinea,2004,724817
Eritrea,2004,3858623
Estonia,2004,1362550
Ethiopia,2004,74624405
Faroe Islands,2004,48143
Fiji,2004,818354
Finland,2004,5228172
France,2004,62704897
French Polynesia,2004,251775
Gabon,2004,1364205
Georgia,2004,4245000
Germany,2004,82516260
Ghana,2004,20986536
Gibraltar,2004,31896
Greece,2004,10955141
Greenland,2004,56911
Grenada,2004,102656
Guam,2004,158099
Guatemala,2004,12796925
Guinea,2004,9490229
Guinea-Bissau,2004,1350345
Guyana,2004,751652
Haiti,2004,9119178
Honduras,2004,7204153
Hungary,2004,10107146
Iceland,2004,292074
India,2004,1126135777
Indonesia,2004,223614649
Iraq,2004,26316609
Ireland,2004,4070262
Isle of Man,2004,75341
Israel,2004,6809000
Italy,2004,57685327
Jamaica,2004,2728777
Japan,2004,127761000
Jordan,2004,5535595
Kazakhstan,2004,15012985
Kenya,2004,35074931
Kiribati,2004,90542
Kosovo,2004,1704622
Kuwait,2004,2207939
Kyrgyz Republic,2004,5104700
Lao PDR,2004,5664605
Latvia,2004,2263122
Lebanon,2004,3863267
Lesotho,2004,1933728
Liberia,2004,3176414
Libya,2004,5704759
Liechtenstein,2004,34596
Lithuania,2004,3377075
Luxembourg,2004,458095
Madagascar,2004,17802997
Malawi,2004,12676038
Malaysia,2004,25174109
Maldives,2004,312000
Mali,2004,12391906
Malta,2004,401268
Marshall Islands,2004,52074
Mauritania,2004,3042823
Mauritius,2004,1221003
Mexico,2004,106995583
Moldova,2004,3603945
Monaco,2004,33314
Mongolia,2004,2496832
Montenegro,2004,613353
Morocco,2004,30179285
Mozambique,2004,20312705
Myanmar,2004,48073707
Namibia,2004,2009228
Nauru,2004,10113
Nepal,2004,25309449
Netherlands,2004,16281779
New Caledonia,2004,228000
New Zealand,2004,4087500
Nicaragua,2004,5309703
Niger,2004,13127012
Nigeria,2004,135393616
Northern Mariana Islands,2004,65663
Norway,2004,4591910
Oman,2004,2444751
Pakistan,2004,150780300
Palau,2004,19804
Panama,2004,3269541
Papua New Guinea,2004,6161517
Paraguay,2004,5703740
Peru,2004,27273194
Philippines,2004,84678493
Poland,2004,38182222
Portugal,2004,10483861
Puerto Rico,2004,3826878
Qatar,2004,758855
Romania,2004,21451748
Russian Federation,2004,144067054
Rwanda,2004,8818438
Samoa,2004,178781
San Marino,2004,28866
Sao Tome and Principe,2004,151969
Saudi Arabia,2004,23228890
Senegal,2004,10955944
Serbia,2004,7463157
Seychelles,2004,82475
Sierra Leone,2004,5439695
Singapore,2004,4166664
Sint Maarten (Dutch part),2004,35316
Slovak Republic,2004,5372280
Slovenia,2004,1997012
Solomon Islands,2004,458324
Somalia,2004,10116228
South Africa,2004,47001700.9913724
South Sudan,2004,7787655
Spain,2004,42921895
Sri Lanka,2004,19228000
St. Kitts and Nevis,2004,47971
St. Lucia,2004,162251
St. Martin (French part),2004,27514
St. Vincent and the Grenadines,2004,108559
Sudan,2004,30186341
Suriname,2004,493630
Swaziland,2004,1095053
Sweden,2004,8993531
Switzerland,2004,7389625
Syrian Arab Republic,2004,17806638
Tajikistan,2004,6712841
Tanzania,2004,38249984
Thailand,2004,65002231
Timor-Leste,2004,996698
Togo,2004,5534598
Tonga,2004,100406
Trinidad and Tobago,2004,1290535
Tunisia,2004,10017601
Turkey,2004,67007855
Turkmenistan,2004,4703398
Turks and Caicos Islands,2004,25028
Tuvalu,2004,9894
Uganda,2004,27568436
Ukraine,2004,47451600
United Arab Emirates,2004,4087931
United Kingdom,2004,59987905
United States,2004,292805298
Uruguay,2004,3324096
Uzbekistan,2004,25864350
Vanuatu,2004,204143
Vietnam,2004,81436400
Virgin Islands (U.S.),2004,107950
West Bank and Gaza,2004,3236626
Zambia,2004,11731746
Zimbabwe,2004,12777511
