Afghanistan,2000,20093756
Albania,2000,3089027
Algeria,2000,31183660
American Samoa,2000,57521
Andorra,2000,65390
Angola,2000,16440924
Antigua and Barbuda,2000,83584
Argentina,2000,37057452
Armenia,2000,3069588
Aruba,2000,90853
Australia,2000,19153000
Austria,2000,8011566
Azerbaijan,2000,8048600
Bahrain,2000,664614
Bangladesh,2000,131581243
Barbados,2000,269847
Belarus,2000,9979610
Belgium,2000,10251250
Belize,2000,247315
Benin,2000,6865951
Bermuda,2000,61833
Bhutan,2000,573416
Bolivia,2000,8339512
Bosnia and Herzegovina,2000,3766706
Botswana,2000,1728340
Brazil,2000,175287587
British Virgin Islands,2000,20645
Brunei Darussalam,2000,333241
Bulgaria,2000,8170172
Burkina Faso,2000,11607942
Burundi,2000,6400706
Cabo Verde,2000,435079
Cambodia,2000,12152354
Cameroon,2000,15274234
Canada,2000,30769700
Cayman Islands,2000,41687
Central African Republic,2000,3754986
Chad,2000,8342559
Channel Islands,2000,148725
Chile,2000,15262754
China,2000,1262645000
Colombia,2000,40403958
Comoros,2000,542357
Costa Rica,2000,3925443
Cote d'Ivoire,2000,16686561
Croatia,2000,4426000
Cuba,2000,11150736
Curacao,2000,133860
Cyprus,2000,943286
Czech Republic,2000,10255063
Denmark,2000,5339616
Djibouti,2000,717584
Dominica,2000,69676
Dominican Republic,2000,8562622
Ecuador,2000,12628596
El Salvador,2000,5867626
Equatorial Guinea,2000,614323
Eritrea,2000,3392801
Estonia,2000,1396985
Ethiopia,2000,66537331
Faroe Islands,2000,47258
Fiji,2000,811223
Finland,2000,5176209
France,2000,60912498
French Polynesia,2000,237258
Gabon,2000,1231122
Georgia,2000,4418300
Germany,2000,82211508
Ghana,2000,18938762
Gibraltar,2000,31180
Greece,2000,10805808
Greenland,2000,56200
Grenada,2000,101619
Guam,2000,155329
Guatemala,2000,11650743
Guinea,2000,8808546
Guinea-Bissau,2000,1243229
Guyana,2000,753301
Haiti,2000,8549200
Honduras,2000,6524283
Hungary,2000,10210971
Iceland,2000,281205
India,2000,1053050912
Indonesia,2000,211540429
Iraq,2000,23565413
Ireland,2000,3805174
Isle of Man,2000,72554
Israel,2000,6289000
Italy,2000,56942108
Jamaica,2000,2656864
Japan,2000,126843000
Jordan,2000,5103130
Kazakhstan,2000,14883626
Kenya,2000,31450483
Kiribati,2000,84406
Kosovo,2000,1700000
Kuwait,2000,2050741
Kyrgyz Republic,2000,4898400
Lao PDR,2000,5329304
Latvia,2000,2367550
Lebanon,2000,3235366
Lesotho,2000,1868699
Liberia,2000,2884522
Libya,2000,5355751
Liechtenstein,2000,33286
Lithuania,2000,3499536
Luxembourg,2000,436300
Madagascar,2000,15766806
Malawi,2000,11376172
Malaysia,2000,23185608
Maldives,2000,286000
Mali,2000,10967690
Malta,2000,390087
Marshall Islands,2000,52159
Mauritania,2000,2709359
Mauritius,2000,1186873
Mexico,2000,101719673
Moldova,2000,3639592
Monaco,2000,32082
Mongolia,2000,2397436
Montenegro,2000,604950
Morocco,2000,28849621
Mozambique,2000,18067687
Myanmar,2000,46095462
Namibia,2000,1899257
Nauru,2000,10042
Nepal,2000,23740911
Netherlands,2000,15925513
New Caledonia,2000,213230
New Zealand,2000,3857700
Nicaragua,2000,5026796
Niger,2000,11352973
Nigeria,2000,122352009
Northern Mariana Islands,2000,69094
Norway,2000,4490967
Oman,2000,2267991
Pakistan,2000,138523285
Palau,2000,19175
Panama,2000,3030347
Papua New Guinea,2000,5572222
Paraguay,2000,5302700
Peru,2000,25914879
Philippines,2000,77991569
Poland,2000,38258629
Portugal,2000,10289898
Puerto Rico,2000,3810605
Qatar,2000,592267
Romania,2000,22442971
Russian Federation,2000,146596557
Rwanda,2000,8025703
Samoa,2000,174610
San Marino,2000,27418
Sao Tome and Principe,2000,138606
Saudi Arabia,2000,20764312
Senegal,2000,9884052
Serbia,2000,7516346
Seychelles,2000,81131
Sierra Leone,2000,4564297
Singapore,2000,4027887
Sint Maarten (Dutch part),2000,30519
Slovak Republic,2000,5388720
Slovenia,2000,1988925
Solomon Islands,2000,412609
Somalia,2000,9011479
South Africa,2000,44896856
South Sudan,2000,6700656
Spain,2000,40567864
Sri Lanka,2000,18655000
St. Kitts and Nevis,2000,45374
St. Lucia,2000,156949
St. Martin (French part),2000,28384
St. Vincent and the Grenadines,2000,107898
Sudan,2000,27250535
Suriname,2000,472390
Swaziland,2000,1061468
Sweden,2000,8872109
Switzerland,2000,7184250
Syrian Arab Republic,2000,16410848
Tajikistan,2000,6216205
Tanzania,2000,34178042
Thailand,2000,62958021
Timor-Leste,2000,871607
Togo,2000,4970367
Tonga,2000,98082
Trinidad and Tobago,2000,1267984
Tunisia,2000,9699197
Turkey,2000,63240121
Turkmenistan,2000,4516131
Turks and Caicos Islands,2000,18873
Tuvalu,2000,9420
Uganda,2000,24039274
Ukraine,2000,49175848
United Arab Emirates,2000,3154925
United Kingdom,2000,58892514
United States,2000,282162411
Uruguay,2000,3321245
Uzbekistan,2000,24650400
Vanuatu,2000,185063
Vietnam,2000,77630900
Virgin Islands (U.S.),2000,108639
West Bank and Gaza,2000,2922153
Zambia,2000,10531221
Zimbabwe,2000,12222251
