Afghanistan,2005,25070798
Albania,2005,3011487
Algeria,2005,33288437
American Samoa,2005,59118
Andorra,2005,78867
Angola,2005,19552542
Antigua and Barbuda,2005,89253
Argentina,2005,39145488
Armenia,2005,2981259
Aruba,2005,100031
Australia,2005,20394800
Austria,2005,8227829
Azerbaijan,2005,8391850
Bahrain,2005,889168
Bangladesh,2005,143431101
Barbados,2005,274009
Belarus,2005,9663915
Belgium,2005,10478617
Belize,2005,283277
Benin,2005,7982225
Bermuda,2005,64154
Bhutan,2005,656639
Bolivia,2005,9125409
Bosnia and Herzegovina,2005,3781530
Botswana,2005,1855852
Brazil,2005,186917361
British Virgin Islands,2005,23168
Brunei Darussalam,2005,365158
Bulgaria,2005,7658972
Burkina Faso,2005,13421930
Burundi,2005,7423289
Cabo Verde,2005,474567
Cambodia,2005,13270201
Cameroon,2005,17420795
Canada,2005,32312000
Cayman Islands,2005,48622
Central African Republic,2005,4127910
Chad,2005,10067009
Channel Islands,2005,154294
Chile,2005,16147064
China,2005,1303720000
Colombia,2005,43285634
Comoros,2005,611627
Costa Rica,2005,4247841
Cote d'Ivoire,2005,18336303
Croatia,2005,4442000
Cuba,2005,11284253
Curacao,2005,137658
Cyprus,2005,1027658
Czech Republic,2005,10211216
Denmark,2005,5419432
Djibouti,2005,783254
Dominica,2005,70627
Dominican Republic,2005,9237566
Ecuador,2005,13735233
El Salvador,2005,6028961
Equatorial Guinea,2005,757317
Eritrea,2005,3969007
Estonia,2005,1354775
Ethiopia,2005,76727083
Faroe Islands,2005,48285
Fiji,2005,821817
Finland,2005,5246096
France,2005,63179356
French Polynesia,2005,254886
Gabon,2005,1403126
Georgia,2005,4190000
Germany,2005,82469422
Ghana,2005,21542009
Gibraltar,2005,32085
Greece,2005,10987314
Greenland,2005,56935
Grenada,2005,102949
Guam,2005,158402
Guatemala,2005,13096028
Guinea,2005,9679745
Guinea-Bissau,2005,1380838
Guyana,2005,750946
Haiti,2005,9263404
Honduras,2005,7373430
Hungary,2005,10087065
Iceland,2005,296734
India,2005,1144118674
Indonesia,2005,226712730
Iraq,2005,27008426
Ireland,2005,4159914
Isle of Man,2005,76118
Israel,2005,6930100
Italy,2005,57969484
Jamaica,2005,2744673
Japan,2005,127773000
Jordan,2005,5714111
Kazakhstan,2005,15147029
Kenya,2005,36048288
Kiribati,2005,92325
Kosovo,2005,1705780
Kuwait,2005,2276623
Kyrgyz Republic,2005,5162600
Lao PDR,2005,5754026
Latvia,2005,2238799
Lebanon,2005,3986852
Lesotho,2005,1949543
Liberia,2005,3261230
Libya,2005,5792688
Liechtenstein,2005,34852
Lithuania,2005,3322528
Luxembourg,2005,465158
Madagascar,2005,18336724
Malawi,2005,13039711
Malaysia,2005,25659393
Maldives,2005,321000
Mali,2005,12798763
Malta,2005,403834
Marshall Islands,2005,52055
Mauritania,2005,3130720
Mauritius,2005,1228254
Mexico,2005,108472228
Moldova,2005,3595187
Monaco,2005,33793
Mongolia,2005,2526446
Montenegro,2005,614261
Morocco,2005,30521070
Mozambique,2005,20923070
Myanmar,2005,48482614
Namibia,2005,2032196
Nauru,2005,10115
Nepal,2005,25640287
Netherlands,2005,16319868
New Caledonia,2005,231000
New Zealand,2005,4133900
Nicaragua,2005,5379328
Niger,2005,13618449
Nigeria,2005,138939478
Northern Mariana Islands,2005,63744
Norway,2005,4623291
Oman,2005,2511269
Pakistan,2005,153909667
Palau,2005,19906
Panama,2005,3330465
Papua New Guinea,2005,6314709
Paraguay,2005,5795494
Peru,2005,27610410
Philippines,2005,86274237
Poland,2005,38165445
Portugal,2005,10503330
Puerto Rico,2005,3821362
Qatar,2005,864863
Romania,2005,21319685
Russian Federation,2005,143518523
Rwanda,2005,8991735
Samoa,2005,179929
San Marino,2005,29240
Sao Tome and Principe,2005,155630
Saudi Arabia,2005,23905654
Senegal,2005,11251266
Serbia,2005,7440769
Seychelles,2005,82858
Sierra Leone,2005,5658379
Singapore,2005,4265762
Sint Maarten (Dutch part),2005,36934
Slovak Republic,2005,5372807
Slovenia,2005,2000474
Solomon Islands,2005,469885
Somalia,2005,10409925
South Africa,2005,47606670.2439658
South Sudan,2005,8108877
Spain,2005,43653155
Sri Lanka,2005,19373000
St. Kitts and Nevis,2005,48611
St. Lucia,2005,163714
St. Martin (French part),2005,27906
St. Vincent and the Grenadines,2005,108744
Sudan,2005,30911914
Suriname,2005,498946
Swaziland,2005,1105873
Sweden,2005,9029572
Switzerland,2005,7437115
Syrian Arab Republic,2005,18294611
Tajikistan,2005,6854176
Tanzania,2005,39410545
Thailand,2005,65425470
Timor-Leste,2005,1026484
Togo,2005,5683268
Tonga,2005,101041
Trinidad and Tobago,2005,1296934
Tunisia,2005,10102482
Turkey,2005,67903406
Turkmenistan,2005,4754641
Turks and Caicos Islands,2005,26448
Tuvalu,2005,10027
Uganda,2005,28543940
Ukraine,2005,47105150
United Arab Emirates,2005,4579562
United Kingdom,2005,60401206
United States,2005,295516599
Uruguay,2005,3325612
Uzbekistan,2005,26167000
Vanuatu,2005,209370
Vietnam,2005,82392100
Virgin Islands (U.S.),2005,107863
West Bank and Gaza,2005,3320396
Zambia,2005,12052156
Zimbabwe,2005,12940032
