Afghanistan,1990,12249114
Albania,1990,3286542
Algeria,1990,25912367
American Samoa,1990,47038
Andorra,1990,54509
Angola,1990,12171441
Antigua and Barbuda,1990,66696
Argentina,1990,32729739
Armenia,1990,3538165
Aruba,1990,62149
Australia,1990,17065100
Austria,1990,7677850
Azerbaijan,1990,7159000
Bahrain,1990,495931
Bangladesh,1990,106188642
Barbados,1990,260374
Belarus,1990,10189000
Belgium,1990,9967379
Belize,1990,187552
Benin,1990,4978496
Bermuda,1990,59326
Bhutan,1990,537280
Bolivia,1990,6856244
Bosnia and Herzegovina,1990,4463422
Botswana,1990,1377912
Brazil,1990,149352145
British Virgin Islands,1990,16461
Brunei Darussalam,1990,258785
Bulgaria,1990,8718289
Burkina Faso,1990,8811034
Burundi,1990,5415415
Cabo Verde,1990,341883
Cambodia,1990,8973342
Cameroon,1990,11715218
Canada,1990,27791000
Cayman Islands,1990,25010
Central African Republic,1990,2939780
Chad,1990,5956859
Channel Islands,1990,140671
Chile,1990,13242132
China,1990,1135185000
Colombia,1990,34271565
Comoros,1990,411594
Costa Rica,1990,3095995
Cote d'Ivoire,1990,12267754
Croatia,1990,4780000
Cuba,1990,10582081
Curacao,1990,145400
Cyprus,1990,766614
Czech Republic,1990,10333355
Denmark,1990,5140939
Djibouti,1990,590398
Dominica,1990,70926
Dominican Republic,1990,7183647
Ecuador,1990,10218091
El Salvador,1990,5254984
Equatorial Guinea,1990,426846
Eritrea,1990,3113311
Estonia,1990,1569174
Ethiopia,1990,48086516
Faroe Islands,1990,47594
Fiji,1990,728628
Finland,1990,4986431
France,1990,58512808
French Polynesia,1990,198375
Gabon,1990,952212
Georgia,1990,4802000
Germany,1990,79433029
Ghana,1990,14628260
Gibraltar,1990,29164
Greece,1990,10196792
Greenland,1990,55600
Grenada,1990,96283
Guam,1990,130482
Guatemala,1990,9263813
Guinea,1990,6041094
Guinea-Bissau,1990,1012280
Guyana,1990,743309
Haiti,1990,7099732
Honduras,1990,4955328
Hungary,1990,10373988
Iceland,1990,254826
India,1990,870133480
Indonesia,1990,181436821
Iraq,1990,17469005
Ireland,1990,3513974
Isle of Man,1990,68429
Israel,1990,4660000
Italy,1990,56719240
Jamaica,1990,2424242
Japan,1990,123537000
Jordan,1990,3560582
Kazakhstan,1990,16348000
Kenya,1990,23402507
Kiribati,1990,72412
Kosovo,1990,1862000
Kuwait,1990,2099615
Kyrgyz Republic,1990,4391200
Lao PDR,1990,4258472
Latvia,1990,2663151
Lebanon,1990,2703016
Lesotho,1990,1603938
Liberia,1990,2097232
Libya,1990,4436661
Liechtenstein,1990,28747
Lithuania,1990,3697838
Luxembourg,1990,381850
Madagascar,1990,11598633
Malawi,1990,9437553
Malaysia,1990,18038321
Maldives,1990,218000
Mali,1990,8465188
Malta,1990,354170
Marshall Islands,1990,47298
Mauritania,1990,2030140
Mauritius,1990,1058775
Mexico,1990,85357874
Moldova,1990,3696000
Monaco,1990,29439
Mongolia,1990,2184145
Montenegro,1990,606372
Morocco,1990,24879136
Mozambique,1990,13247649
Myanmar,1990,40626250
Namibia,1990,1414692
Nauru,1990,9157
Nepal,1990,18749406
Netherlands,1990,14951510
New Caledonia,1990,170899
New Zealand,1990,3329800
Nicaragua,1990,4144565
Niger,1990,8012861
Nigeria,1990,95269988
Northern Mariana Islands,1990,42538
Norway,1990,4241473
Oman,1990,1812160
Pakistan,1990,107678614
Palau,1990,15088
Panama,1990,2471009
Papua New Guinea,1990,4313059
Paraguay,1990,4213742
Peru,1990,21826658
Philippines,1990,61947348
Poland,1990,38110782
Portugal,1990,9983218
Puerto Rico,1990,3537000
Qatar,1990,476445
Romania,1990,23201835
Russian Federation,1990,148292000
Rwanda,1990,7235798
Samoa,1990,162866
San Marino,1990,24043
Sao Tome and Principe,1990,113893
Saudi Arabia,1990,16326815
Senegal,1990,7555617
Serbia,1990,7586000
Seychelles,1990,69507
Sierra Leone,1990,4312246
Singapore,1990,3047132
Slovak Republic,1990,5299187
Slovenia,1990,1998161
Solomon Islands,1990,311840
Somalia,1990,7397347
South Africa,1990,36793490
South Sudan,1990,5768481
Spain,1990,38867322
Sri Lanka,1990,17078000
St. Kitts and Nevis,1990,40834
St. Lucia,1990,138185
St. Martin (French part),1990,30036
St. Vincent and the Grenadines,1990,107505
Sudan,1990,20147590
Suriname,1990,407472
Swaziland,1990,861373
Sweden,1990,8558835
Switzerland,1990,6715519
Syrian Arab Republic,1990,12446171
Tajikistan,1990,5283728
Tanzania,1990,25459604
Thailand,1990,56582821
Timor-Leste,1990,751933
Togo,1990,3786940
Tonga,1990,95153
Trinidad and Tobago,1990,1221900
Tunisia,1990,8232797
Turkey,1990,53921699
Turkmenistan,1990,3683966
Turks and Caicos Islands,1990,11552
Tuvalu,1990,9003
Uganda,1990,17438907
Ukraine,1990,51892000
United Arab Emirates,1990,1860174
United Kingdom,1990,57247586
United States,1990,249623000
Uruguay,1990,3109989
Uzbekistan,1990,20510000
Vanuatu,1990,146634
Vietnam,1990,66016700
Virgin Islands (U.S.),1990,103963
West Bank and Gaza,1990,1978248
Zambia,1990,8027253
Zimbabwe,1990,10183113
