Afghanistan,1969,10854428
Albania,1969,2081695
Algeria,1969,14144438
American Samoa,1969,26614
Andorra,1969,23058
Angola,1969,6642632
Antigua and Barbuda,1969,65910
Argentina,1969,23605987
Armenia,1969,2462925
Aruba,1969,58726
Australia,1969,12263000
Austria,1969,7441055
Azerbaijan,1969,5071930
Bahrain,1969,206043
Bangladesh,1969,63417394
Barbados,1969,237913
Belarus,1969,8960304
Belgium,1969,9646032
Belize,1969,119261
Benin,1969,2850661
Bermuda,1969,54000
Bhutan,1969,288774
Bolivia,1969,4413590
Bosnia and Herzegovina,1969,3717466
Botswana,1969,673640
Brazil,1969,92935072
British Virgin Islands,1969,9621
Brunei Darussalam,1969,123653
Bulgaria,1969,8434172
Burkina Faso,1969,5528174
Burundi,1969,3391753
Cabo Verde,1969,264909
Cambodia,1969,6879184
Cameroon,1969,6364569
Canada,1969,21028000
Cayman Islands,1969,8827
Central African Republic,1969,1792220
Chad,1969,3568376
Channel Islands,1969,119972
Chile,1969,9378243
China,1969,796025000
Colombia,1969,21490945
Comoros,1969,225325
Costa Rica,1969,1798311
Cote d'Ivoire,1969,5027971
Croatia,1969,4387000
Cuba,1969,8563193
Curacao,1969,142581
Cyprus,1969,606113
Czech Republic,1969,9896580
Denmark,1969,4891860
Djibouti,1969,149887
Dominica,1969,70213
Dominican Republic,1969,4376054
Ecuador,1969,5899845
El Salvador,1969,3572707
Equatorial Guinea,1969,306233
Eritrea,1969,1764343
Estonia,1969,1345249
Ethiopia,1969,27654161
Faroe Islands,1969,38646
Fiji,1969,509658
Finland,1969,4623785
France,1969,51638260
French Polynesia,1969,106857
Gabon,1969,578108
Georgia,1969,4080300
Germany,1969,77909682
Ghana,1969,8397347
Gibraltar,1969,28159
Greece,1969,8772764
Greenland,1969,44900
Grenada,1969,94682
Guam,1969,82040
Guatemala,1969,5465512
Guinea,1969,4164003
Guinea-Bissau,1969,698338
Guyana,1969,695745
Haiti,1969,4622208
Honduras,1969,2637517
Hungary,1969,10298723
Iceland,1969,203369
India,1969,541505076
Indonesia,1969,111800091
Iraq,1969,9585576
Ireland,1969,2932650
Isle of Man,1969,54376
Israel,1969,2877000
Italy,1969,53537950
Jamaica,1969,1849414
Japan,1969,103172000
Jordan,1969,1615277
Kazakhstan,1969,12550121
Kenya,1969,10867716
Kiribati,1969,50294
Kosovo,1969,1191000
Kuwait,1969,691129
Kyrgyz Republic,1969,2894800
Lao PDR,1969,2620434
Latvia,1969,2343173
Lebanon,1969,2250602
Lesotho,1969,1012015
Liberia,1969,1380637
Libya,1969,2043818
Liechtenstein,1969,20765
Lithuania,1969,3107321
Luxembourg,1969,337500
Madagascar,1969,6401921
Malawi,1969,4484439
Malaysia,1969,10549226
Maldives,1969,112651
Mali,1969,5861412
Malta,1969,304300
Marshall Islands,1969,19622
Mauritania,1969,1115788
Mauritius,1969,812405
Mexico,1969,50423481
Moldova,1969,3002000
Monaco,1969,23346
Mongolia,1969,1242214
Montenegro,1969,513340
Morocco,1969,15651924
Mozambique,1969,8954809
Myanmar,1969,25748643
Namibia,1969,758377
Nauru,1969,6368
Nepal,1969,11761473
Netherlands,1969,12877984
New Caledonia,1969,104000
New Zealand,1969,2772800
Nicaragua,1969,2326139
Niger,1969,4385758
Nigeria,1969,54716735
Northern Mariana Islands,1969,12691
Norway,1969,3847707
Oman,1969,700725
Pakistan,1969,56542434
Palau,1969,11331
Panama,1969,1476479
Papua New Guinea,1969,2464548
Paraguay,1969,2412566
Peru,1969,12982449
Philippines,1969,34787588
Poland,1969,32548300
Portugal,1969,8757705
Puerto Rico,1969,2684150
Qatar,1969,100874
Romania,1969,20009141
Russian Federation,1969,129664000
Rwanda,1969,3640591
Samoa,1969,140518
San Marino,1969,18895
Sao Tome and Principe,1969,72241
Saudi Arabia,1969,5599628
Senegal,1969,4132844
Seychelles,1969,52365
Sierra Leone,1969,2642608
Singapore,1969,2042500
Slovak Republic,1969,4518607
Slovenia,1969,1713874
Solomon Islands,1969,154875
Somalia,1969,3387632
South Africa,1969,21926165
South Sudan,1969,3564465
Spain,1969,33441054
Sri Lanka,1969,12252000
St. Kitts and Nevis,1969,45534
St. Lucia,1969,102749
St. Martin (French part),1969,5303
St. Vincent and the Grenadines,1969,89516
Sudan,1969,9954410
Suriname,1969,366848
Swaziland,1969,433588
Sweden,1969,7968072
Switzerland,1969,6136387
Syrian Arab Republic,1969,6139048
Tajikistan,1969,2840228
Tanzania,1969,13186557
Thailand,1969,35826804
Timor-Leste,1969,591739
Togo,1969,2034907
Tonga,1969,82877
Trinidad and Tobago,1969,937848
Tunisia,1969,4950153
Turkey,1969,34055361
Turkmenistan,1969,2132799
Turks and Caicos Islands,1969,5571
Tuvalu,1969,7214
Uganda,1969,9162833
Ukraine,1969,46746669
United Arab Emirates,1969,203820
United Kingdom,1969,55441750
United States,1969,202677000
Uruguay,1969,2795046
Uzbekistan,1969,11723846
Vanuatu,1969,82940
Vietnam,1969,41773000
Virgin Islands (U.S.),1969,58600
Zambia,1969,4038923
Zimbabwe,1969,5009514
