Afghanistan,1983,12389269
Albania,1983,2843960
Algeria,1983,21228289
American Samoa,1983,36160
Andorra,1983,40867
Angola,1983,9931562
Antigua and Barbuda,1983,71639
Argentina,1983,29454738
Armenia,1983,3238594
Aruba,1983,62201
Australia,1983,15369000
Austria,1983,7561910
Azerbaijan,1983,6452076
Bahrain,1983,396454
Bangladesh,1983,88338242
Barbados,1983,254518
Belarus,1983,9843000
Belgium,1983,9855520
Belize,1983,155822
Benin,1983,4039949
Bermuda,1983,55930
Bhutan,1983,441847
Bolivia,1983,5959960
Bosnia and Herzegovina,1983,4308106
Botswana,1983,1113539
Brazil,1983,129882321
British Virgin Islands,1983,12188
Brunei Darussalam,1983,212136
Bulgaria,1983,8939738
Burkina Faso,1983,7340905
Burundi,1983,4448728
Cabo Verde,1983,303368
Cambodia,1983,7168236
Cameroon,1983,9445003
Canada,1983,25456000
Cayman Islands,1983,17906
Central African Republic,1983,2493135
Chad,1983,4829094
Channel Islands,1983,131156
Chile,1983,11797534
China,1983,1023310000
Colombia,1983,29687094
Comoros,1983,336096
Costa Rica,1983,2589930
Cote d'Ivoire,1983,9432731
Croatia,1983,4659000
Cuba,1983,9966733
Curacao,1983,151159
Cyprus,1983,694077
Czech Republic,1983,10323856
Denmark,1983,5114297
Djibouti,1983,393802
Dominica,1983,74747
Dominican Republic,1983,6214857
Ecuador,1983,8606213
El Salvador,1983,4792903
Equatorial Guinea,1983,314475
Eritrea,1983,2598410
Estonia,1983,1508745
Ethiopia,1983,38285883
Faroe Islands,1983,44700
Fiji,1983,685391
Finland,1983,4855787
France,1983,56156284
French Polynesia,1983,165613
Gabon,1983,787013
Georgia,1983,4582900
Germany,1983,78128282
Ghana,1983,11895125
Gibraltar,1983,30383
Greece,1983,9846627
Greenland,1983,52100
Grenada,1983,95985
Guam,1983,111402
Guatemala,1983,7847472
Guinea,1983,4810496
Guinea-Bissau,1983,854113
Guyana,1983,778948
Haiti,1983,6096692
Honduras,1983,4031349
Hungary,1983,10689463
Iceland,1983,236977
India,1983,746949067
Indonesia,1983,158044343
Iraq,1983,14825789
Ireland,1983,3510600
Isle of Man,1983,62730
Israel,1983,4105000
Italy,1983,56564074
Jamaica,1983,2273666
Japan,1983,119259000
Jordan,1983,2667470
Kazakhstan,1983,15030495
Kenya,1983,18239404
Kiribati,1983,61768
Kosovo,1983,1614000
Kuwait,1983,1580638
Kyrgyz Republic,1983,3838300
Lao PDR,1983,3489977
Latvia,1983,2546011
Lebanon,1983,2651292
Lesotho,1983,1410439
Liberia,1983,2102911
Libya,1983,3614689
Liechtenstein,1983,26765
Lithuania,1983,3485192
Luxembourg,1983,365622
Madagascar,1983,9504281
Malawi,1983,6661358
Malaysia,1983,14818617
Maldives,1983,176356
Mali,1983,7543743
Malta,1983,330524
Marshall Islands,1983,34892
Mauritania,1983,1672496
Mauritius,1983,1001691
Mexico,1983,74196548
Moldova,1983,3500000
Monaco,1983,28095
Mongolia,1983,1823216
Montenegro,1983,594506
Morocco,1983,21528502
Mozambique,1983,12657708
Myanmar,1983,35697943
Namibia,1983,1081081
Nauru,1983,7855
Nepal,1983,15974420
Netherlands,1983,14367070
New Caledonia,1983,148700
New Zealand,1983,3199300
Nicaragua,1983,3527939
Niger,1983,6529894
Nigeria,1983,79462277
Northern Mariana Islands,1983,23503
Norway,1983,4128432
Oman,1983,1361097
Pakistan,1983,86297640
Palau,1983,13012
Panama,1983,2121939
Papua New Guinea,1983,3594004
Paraguay,1983,3465793
Peru,1983,18660439
Philippines,1983,51455033
Poland,1983,36571808
Portugal,1983,9957865
Puerto Rico,1983,3311138
Qatar,1983,309479
Romania,1983,22588790
Russian Federation,1983,141668000
Rwanda,1983,5673614
Samoa,1983,158384
San Marino,1983,22210
Sao Tome and Principe,1983,100318
Saudi Arabia,1983,11763837
Senegal,1983,6100495
Seychelles,1983,64335
Sierra Leone,1983,3608751
Singapore,1983,2681061
Slovak Republic,1983,5091971
Slovenia,1983,1922321
Solomon Islands,1983,254596
Somalia,1983,6740220
South Africa,1983,31409913
South Sudan,1983,5170558
Spain,1983,38171525
Sri Lanka,1983,15339000
St. Kitts and Nevis,1983,42542
St. Lucia,1983,122740
St. Martin (French part),1983,10547
St. Vincent and the Grenadines,1983,102984
Sudan,1983,16107730
Suriname,1983,365300
Swaziland,1983,658320
Sweden,1983,8329033
Switzerland,1983,6418773
Syrian Arab Republic,1983,9938847
Tajikistan,1983,4265247
Tanzania,1983,20524666
Thailand,1983,50186199
Timor-Leste,1983,624648
Togo,1983,3026238
Tonga,1983,93774
Trinidad and Tobago,1983,1138676
Tunisia,1983,6930387
Turkey,1983,47073422
Turkmenistan,1983,3091511
Turks and Caicos Islands,1983,8669
Tuvalu,1983,8413
Uganda,1983,13735271
Ukraine,1983,50564000
United Arab Emirates,1983,1253060
United Kingdom,1983,56332848
United States,1983,233792000
Uruguay,1983,2973463
Uzbekistan,1983,17221212
Vanuatu,1983,124249
Vietnam,1983,56655000
Virgin Islands (U.S.),1983,104000
Zambia,1983,6521542
Zimbabwe,1983,8027565
