Afghanistan,1995,17099541
Albania,1995,3187784
Algeria,1995,28904298
American Samoa,1995,52868
Andorra,1995,63850
Angola,1995,14268994
Antigua and Barbuda,1995,73619
Argentina,1995,34994814
Armenia,1995,3217342
Aruba,1995,80324
Australia,1995,18072000
Austria,1995,7948278
Azerbaijan,1995,7685000
Bahrain,1995,563699
Bangladesh,1995,118706871
Barbados,1995,264959
Belarus,1995,10194000
Belgium,1995,10136811
Belize,1995,206963
Benin,1995,5905558
Bermuda,1995,59746
Bhutan,1995,514877
Bolivia,1995,7566714
Bosnia and Herzegovina,1995,3843712
Botswana,1995,1569094
Brazil,1995,162296612
British Virgin Islands,1995,18427
Brunei Darussalam,1995,297192
Bulgaria,1995,8406067
Burkina Faso,1995,10089878
Burundi,1995,5962058
Cabo Verde,1995,389127
Cambodia,1995,10653558
Cameroon,1995,13460994
Canada,1995,29354000
Cayman Islands,1995,31672
Central African Republic,1995,3352767
Chad,1995,7000722
Channel Islands,1995,144046
Chile,1995,14296613
China,1995,1204855000
Colombia,1995,37441977
Comoros,1995,475394
Costa Rica,1995,3510926
Cote d'Ivoire,1995,14540820
Croatia,1995,4669000
Cuba,1995,10906043
Curacao,1995,145139
Cyprus,1995,855384
Czech Republic,1995,10327253
Denmark,1995,5233373
Djibouti,1995,630388
Dominica,1995,71368
Dominican Republic,1995,7892423
Ecuador,1995,11440583
El Salvador,1995,5611115
Equatorial Guinea,1995,504871
Eritrea,1995,3090159
Estonia,1995,1436634
Ethiopia,1995,57309880
Faroe Islands,1995,46040
Fiji,1995,775498
Finland,1995,5107790
France,1995,59541900
French Polynesia,1995,215196
Gabon,1995,1086137
Georgia,1995,4734000
Germany,1995,81678051
Ghana,1995,16760467
Gibraltar,1995,30147
Greece,1995,10562153
Greenland,1995,55800
Grenada,1995,100255
Guam,1995,145561
Guatemala,1995,10408489
Guinea,1995,7871173
Guinea-Bissau,1995,1137122
Guyana,1995,761291
Haiti,1995,7819806
Honduras,1995,5709051
Hungary,1995,10328965
Iceland,1995,267468
India,1995,960482795
Indonesia,1995,196957849
Iraq,1995,20208387
Ireland,1995,3608841
Isle of Man,1995,70070
Israel,1995,5545000
Italy,1995,56844303
Jamaica,1995,2537440
Japan,1995,125439000
Jordan,1995,4572904
Kazakhstan,1995,15815626
Kenya,1995,27346456
Kiribati,1995,77730
Kosovo,1995,2029000
Kuwait,1995,1610651
Kyrgyz Republic,1995,4560400
Lao PDR,1995,4851923
Latvia,1995,2485056
Lebanon,1995,3033394
Lesotho,1995,1761359
Liberia,1995,2073482
Libya,1995,4948798
Liechtenstein,1995,30833
Lithuania,1995,3629102
Luxembourg,1995,408625
Madagascar,1995,13475400
Malawi,1995,9909088
Malaysia,1995,20495597
Maldives,1995,255000
Mali,1995,9604450
Malta,1995,377419
Marshall Islands,1995,51015
Mauritania,1995,2327075
Mauritius,1995,1122457
Mexico,1995,94045579
Moldova,1995,3675099
Monaco,1995,30691
Mongolia,1995,2298039
Montenegro,1995,611712
Morocco,1995,27075232
Mozambique,1995,15759132
Myanmar,1995,43237792
Namibia,1995,1655359
Nauru,1995,9970
Nepal,1995,21396384
Netherlands,1995,15459006
New Caledonia,1995,193816
New Zealand,1995,3673400
Nicaragua,1995,4612228
Niger,1995,9477333
Nigeria,1995,108011465
Northern Mariana Islands,1995,56278
Norway,1995,4359184
Oman,1995,2204283
Pakistan,1995,122829148
Palau,1995,17253
Panama,1995,2739730
Papua New Guinea,1995,4894276
Paraguay,1995,4760850
Peru,1995,24038760
Philippines,1995,69835715
Poland,1995,38594998
Portugal,1995,10026176
Puerto Rico,1995,3683103
Qatar,1995,513455
Romania,1995,22684270
Russian Federation,1995,148375726
Rwanda,1995,5928078
Samoa,1995,170157
San Marino,1995,25877
Sao Tome and Principe,1995,126454
Saudi Arabia,1995,18735841
Senegal,1995,8746606
Serbia,1995,7625357
Seychelles,1995,75304
Sierra Leone,1995,4274819
Singapore,1995,3524506
Slovak Republic,1995,5361999
Slovenia,1995,1989872
Solomon Islands,1995,359225
Somalia,1995,7704894
South Africa,1995,41426810
South Sudan,1995,5459519
Spain,1995,39724050
Sri Lanka,1995,18074000
St. Kitts and Nevis,1995,42891
St. Lucia,1995,147044
St. Martin (French part),1995,32712
St. Vincent and the Grenadines,1995,108122
Sudan,1995,24102986
Suriname,1995,443724
Swaziland,1995,960792
Sweden,1995,8826939
Switzerland,1995,7040687
Syrian Arab Republic,1995,14345492
Tajikistan,1995,5764712
Tanzania,1995,29960776
Thailand,1995,59491790
Timor-Leste,1995,871447
Togo,1995,4274024
Tonga,1995,96076
Trinidad and Tobago,1995,1255001
Tunisia,1995,9113975
Turkey,1995,58486381
Turkmenistan,1995,4207840
Turks and Caicos Islands,1995,15332
Tuvalu,1995,9230
Uganda,1995,20550291
Ukraine,1995,51512299
United Arab Emirates,1995,2448820
United Kingdom,1995,58019030
United States,1995,266278000
Uruguay,1995,3224804
Uzbekistan,1995,22785000
Vanuatu,1995,168235
Vietnam,1995,71995500
Virgin Islands (U.S.),1995,107817
West Bank and Gaza,1995,2474666
Zambia,1995,9137077
Zimbabwe,1995,11320346
