Afghanistan,2013,31731688
Albania,2013,2895092
Algeria,2013,38338562
American Samoa,2013,55307
Andorra,2013,80788
Angola,2013,25998340
Antigua and Barbuda,2013,97824
Argentina,2013,42539925
Armenia,2013,2893509
Aruba,2013,103187
Australia,2013,23117353
Austria,2013,8479375
Azerbaijan,2013,9416801
Bahrain,2013,1315411
Bangladesh,2013,157571292
Barbados,2013,282509
Belarus,2013,9465997
Belgium,2013,11182817
Belize,2013,344181
Benin,2013,10004451
Bermuda,2013,65001
Bhutan,2013,764961
Bolivia,2013,10400264
Bosnia and Herzegovina,2013,3604999
Botswana,2013,2128507
Brazil,2013,202408632
British Virgin Islands,2013,29056
Brunei Darussalam,2013,405716
Bulgaria,2013,7265115
Burkina Faso,2013,17072723
Burundi,2013,9600186
Cabo Verde,2013,520106
Cambodia,2013,15022692
Cameroon,2013,21655715
Canada,2013,35155451
Cayman Islands,2013,58371
Central African Republic,2013,4499653
Chad,2013,13133589
Channel Islands,2013,162180
Chile,2013,17462982
China,2013,1357380000
Colombia,2013,47342981
Comoros,2013,741500
Costa Rica,2013,4706401
Cote d'Ivoire,2013,21966312
Croatia,2013,4255689
Cuba,2013,11412167
Curacao,2013,153822
Cyprus,2013,1143896
Czech Republic,2013,10514272
Denmark,2013,5614932
Djibouti,2013,896688
Dominica,2013,72400
Dominican Republic,2013,10281296
Ecuador,2013,15661547
El Salvador,2013,6250777
Equatorial Guinea,2013,1083746
Estonia,2013,1317997
Ethiopia,2013,94887724
Faroe Islands,2013,48747
Fiji,2013,879715
Finland,2013,5438972
France,2013,65998570
French Polynesia,2013,273528
Gabon,2013,1817271
Georgia,2013,3776000
Germany,2013,80645605
Ghana,2013,26346251
Gibraltar,2013,33831
Greece,2013,10965211
Greenland,2013,56483
Grenada,2013,105909
Guam,2013,160375
Guatemala,2013,15596214
Guinea,2013,11536615
Guinea-Bissau,2013,1681495
Guyana,2013,758081
Haiti,2013,10431776
Honduras,2013,8657785
Hungary,2013,9893082
Iceland,2013,323764
India,2013,1278562207
Indonesia,2013,252032263
Iraq,2013,33883145
Ireland,2013,4598294
Isle of Man,2013,82013
Israel,2013,8059500
Italy,2013,60233948
Jamaica,2013,2851807
Japan,2013,127445000
Jordan,2013,8413464
Kazakhstan,2013,17035275
Kenya,2013,44826849
Kiribati,2013,108535
Kosovo,2013,1824100
Kuwait,2013,3598385
Kyrgyz Republic,2013,5719600
Lao PDR,2013,6494557
Latvia,2013,2012647
Lebanon,2013,5276102
Lesotho,2013,2117361
Liberia,2013,4286291
Libya,2013,6195970
Liechtenstein,2013,36834
Lithuania,2013,2957689
Luxembourg,2013,543360
Madagascar,2013,22961146
Malawi,2013,16577147
Malaysia,2013,29706724
Maldives,2013,393000
Mali,2013,16477818
Malta,2013,423374
Marshall Islands,2013,52793
Mauritania,2013,3946170
Mauritius,2013,1258653
Mexico,2013,122535969
Moldova,2013,3558566
Monaco,2013,37971
Mongolia,2013,2869107
Montenegro,2013,621207
Morocco,2013,33824769
Mozambique,2013,26434372
Myanmar,2013,51448196
Namibia,2013,2316520
Nauru,2013,10821
Nepal,2013,27985310
Netherlands,2013,16804432
New Caledonia,2013,263000
New Zealand,2013,4442100
Nicaragua,2013,5945747
Niger,2013,18426372
Nigeria,2013,171829303
Northern Mariana Islands,2013,54036
Norway,2013,5079623
Oman,2013,3711481
Pakistan,2013,181712595
Palau,2013,20920
Panama,2013,3838462
Papua New Guinea,2013,7592865
Paraguay,2013,6465740
Peru,2013,30565716
Philippines,2013,98481032
Poland,2013,38040196
Portugal,2013,10457295
Puerto Rico,2013,3593077
Qatar,2013,2250473
Romania,2013,19983693
Russian Federation,2013,143506911
Rwanda,2013,11065151
Samoa,2013,190757
San Marino,2013,32303
Sao Tome and Principe,2013,187045
Saudi Arabia,2013,29944476
Senegal,2013,14120320
Serbia,2013,7164132
Seychelles,2013,89949
Sierra Leone,2013,6922079
Singapore,2013,5399162
Sint Maarten (Dutch part),2013,36607
Slovak Republic,2013,5413393
Slovenia,2013,2059953
Solomon Islands,2013,563513
Somalia,2013,13132349
South Africa,2013,53311955.6100823
South Sudan,2013,11177490
Spain,2013,46620045
Sri Lanka,2013,20585000
St. Kitts and Nevis,2013,53169
St. Lucia,2013,175660
St. Martin (French part),2013,31264
St. Vincent and the Grenadines,2013,109320
Sudan,2013,36849918
Suriname,2013,542540
Swaziland,2013,1271456
Sweden,2013,9600379
Switzerland,2013,8089346
Syrian Arab Republic,2013,19809141
Tajikistan,2013,8177809
Tanzania,2013,50636595
Thailand,2013,68143065
Timor-Leste,2013,1184366
Togo,2013,7042948
Tonga,2013,105328
Trinidad and Tobago,2013,1348248
Tunisia,2013,11014558
Turkey,2013,75787333
Turkmenistan,2013,5366277
Turks and Caicos Islands,2013,33108
Tuvalu,2013,10819
Uganda,2013,37553726
Ukraine,2013,45489600
United Arab Emirates,2013,9006263
United Kingdom,2013,64128226
United States,2013,316204908
Uruguay,2013,3408005
Uzbekistan,2013,30243200
Vanuatu,2013,253142
Vietnam,2013,89759500
Virgin Islands (U.S.),2013,104737
West Bank and Gaza,2013,4169506
Zambia,2013,15153210
Zimbabwe,2013,15054506
