Afghanistan,2002,21979923
Albania,2002,3051010
Algeria,2002,31995046
American Samoa,2002,58731
Andorra,2002,70049
Angola,2002,17572649
Antigua and Barbuda,2002,86266
Argentina,2002,37889370
Armenia,2002,3033897
Aruba,2002,94992
Australia,2002,19651400
Austria,2002,8081957
Azerbaijan,2002,8171950
Bahrain,2002,735148
Bangladesh,2002,136600667
Barbados,2002,271478
Belarus,2002,9865548
Belgium,2002,10332785
Belize,2002,262206
Benin,2002,7295394
Bermuda,2002,62912
Bhutan,2002,606399
Bolivia,2002,8653345
Bosnia and Herzegovina,2002,3775807
Botswana,2002,1779953
Brazil,2002,180151021
British Virgin Islands,2002,21529
Brunei Darussalam,2002,346867
Bulgaria,2002,7837161
Burkina Faso,2002,12293100
Burundi,2002,6741569
Cabo Verde,2002,452106
Cambodia,2002,12634729
Cameroon,2002,16084886
Canada,2002,31362000
Cayman Islands,2002,44738
Central African Republic,2002,3907612
Chad,2002,9001689
Channel Islands,2002,150901
Chile,2002,15623635
China,2002,1280400000
Colombia,2002,41572491
Comoros,2002,569479
Costa Rica,2002,4063204
Cote d'Ivoire,2002,17366517
Croatia,2002,4440000
Cuba,2002,11217998
Curacao,2002,129205
Cyprus,2002,976966
Czech Republic,2002,10196916
Denmark,2002,5375931
Djibouti,2002,746221
Dominica,2002,69824
Dominican Republic,2002,8832285
Ecuador,2002,13072060
El Salvador,2002,5940303
Equatorial Guinea,2002,666407
Eritrea,2002,3614639
Estonia,2002,1379350
Ethiopia,2002,70497192
Faroe Islands,2002,47769
Fiji,2002,815691
Finland,2002,5200598
France,2002,61805267
French Polynesia,2002,245006
Gabon,2002,1294409
Georgia,2002,4357000
Germany,2002,82488495
Ghana,2002,19924522
Gibraltar,2002,31544
Greece,2002,10902022
Greenland,2002,56609
Grenada,2002,102100
Guam,2002,157175
Guatemala,2002,12208848
Guinea,2002,9137345
Guinea-Bissau,2002,1293523
Guyana,2002,751884
Haiti,2002,8834733
Honduras,2002,6863157
Hungary,2002,10158608
Iceland,2002,287523
India,2002,1089807112
Indonesia,2002,217508059
Iraq,2002,24939299
Ireland,2002,3931947
Isle of Man,2002,73870
Israel,2002,6570000
Italy,2002,57059007
Jamaica,2002,2695446
Japan,2002,127445000
Jordan,2002,5287488
Kazakhstan,2002,14858948
Kenya,2002,33214009
Kiribati,2002,87343
Kosovo,2002,1702310
Kuwait,2002,2143833
Kyrgyz Republic,2002,4990700
Lao PDR,2002,5497273
Latvia,2002,2310173
Lebanon,2002,3522837
Lesotho,2002,1902312
Liberia,2002,3062863
Libya,2002,5527515
Liechtenstein,2002,34018
Lithuania,2002,3443067
Luxembourg,2002,446175
Madagascar,2002,16765117
Malawi,2002,12013711
Malaysia,2002,24198811
Maldives,2002,297000
Mali,2002,11638929
Malta,2002,395969
Marshall Islands,2002,52158
Mauritania,2002,2873228
Mauritius,2002,1204621
Mexico,2002,104355608
Moldova,2002,3623062
Monaco,2002,32629
Mongolia,2002,2443659
Montenegro,2002,609828
Morocco,2002,29512368
Mozambique,2002,19139658
Myanmar,2002,47140220
Namibia,2002,1962147
Nauru,2002,10073
Nepal,2002,24566342
Netherlands,2002,16148929
New Caledonia,2002,221490
New Zealand,2002,3948500
Nicaragua,2002,5171734
Niger,2002,12206002
Nigeria,2002,128666710
Northern Mariana Islands,2002,68763
Norway,2002,4538159
Oman,2002,2334285
Pakistan,2002,144654143
Palau,2002,19574
Panama,2002,3149265
Papua New Guinea,2002,5862316
Paraguay,2002,5508611
Peru,2002,26601467
Philippines,2002,81352060
Poland,2002,38230364
Portugal,2002,10419631
Puerto Rico,2002,3823701
Qatar,2002,645659
Romania,2002,21730496
Russian Federation,2002,145306046
Rwanda,2002,8536205
Samoa,2002,176582
San Marino,2002,28121
Sao Tome and Principe,2002,144889
Saudi Arabia,2002,21906308
Senegal,2002,10396861
Serbia,2002,7496522
Seychelles,2002,83723
Sierra Leone,2002,4957216
Singapore,2002,4175950
Sint Maarten (Dutch part),2002,32566
Slovak Republic,2002,5376912
Slovenia,2002,1994530
Solomon Islands,2002,435262
Somalia,2002,9564167
South Africa,2002,45855482.8828724
South Sudan,2002,7237276
Spain,2002,41431558
Sri Lanka,2002,18939000
St. Kitts and Nevis,2002,46641
St. Lucia,2002,159763
St. Martin (French part),2002,27450
St. Vincent and the Grenadines,2002,108146
Sudan,2002,28679565
Suriname,2002,483044
Swaziland,2002,1080930
Sweden,2002,8924958
Switzerland,2002,7284753
Syrian Arab Republic,2002,17087901
Tajikistan,2002,6447688
Tanzania,2002,36105808
Thailand,2002,64073164
Timor-Leste,2002,923825
Togo,2002,5251472
Tonga,2002,99184
Trinidad and Tobago,2002,1277837
Tunisia,2002,9864326
Turkey,2002,65143054
Turkmenistan,2002,4610002
Turks and Caicos Islands,2002,21742
Tuvalu,2002,9635
Uganda,2002,25718048
Ukraine,2002,48202500
United Arab Emirates,2002,3507232
United Kingdom,2002,59370479
United States,2002,287625193
Uruguay,2002,3327773
Uzbekistan,2002,25271850
Vanuatu,2002,193956
Vietnam,2002,79537700
Virgin Islands (U.S.),2002,108208
West Bank and Gaza,2002,3075373
Zambia,2002,11120409
Zimbabwe,2002,12500525
