Afghanistan,1976,12840299
Albania,1976,2458526
Algeria,1976,17190239
American Samoa,1976,30321
Andorra,1976,31777
Angola,1976,7900997
Antigua and Barbuda,1976,72285
Argentina,1976,26477152
Armenia,1976,2889579
Aruba,1976,60586
Australia,1976,14033000
Austria,1976,7565525
Azerbaijan,1976,5768724
Bahrain,1976,283752
Bangladesh,1976,72999136
Barbados,1976,247444
Belarus,1976,9411000
Belgium,1976,9818227
Belize,1976,135147
Benin,1976,3347173
Bermuda,1976,53200
Bhutan,1976,361455
Bolivia,1976,5119833
Bosnia and Herzegovina,1976,4025265
Botswana,1976,857855
Brazil,1976,110213082
British Virgin Islands,1976,10543
Brunei Darussalam,1976,168224
Bulgaria,1976,8758599
Burkina Faso,1976,6274037
Burundi,1976,3739659
Cabo Verde,1976,273652
Cambodia,1976,7402873
Cameroon,1976,7669445
Canada,1976,23518000
Cayman Islands,1976,13022
Central African Republic,1976,2062405
Chad,1976,4172230
Channel Islands,1976,126902
Chile,1976,10601836
China,1976,930685000
Colombia,1976,25323406
Comoros,1976,265953
Costa Rica,1976,2151497
Cote d'Ivoire,1976,6922982
Croatia,1976,4530000
Cuba,1976,9544271
Curacao,1976,149399
Cyprus,1976,657534
Czech Republic,1976,10125939
Denmark,1976,5072596
Djibouti,1976,248556
Dominica,1976,72642
Dominican Republic,1976,5280723
Ecuador,1976,7179399
El Salvador,1976,4239675
Equatorial Guinea,1976,252194
Eritrea,1976,2133723
Estonia,1976,1439576
Ethiopia,1976,33146891
Faroe Islands,1976,41848
Fiji,1976,587520
Finland,1976,4725664
France,1976,54541493
French Polynesia,1976,134748
Gabon,1976,663770
Georgia,1976,4342400
Germany,1976,78336950
Ghana,1976,10023472
Gibraltar,1976,29742
Greece,1976,9188150
Greenland,1976,49700
Grenada,1976,91437
Guam,1976,95385
Guatemala,1976,6599214
Guinea,1976,4381601
Guinea-Bissau,1976,784156
Guyana,1976,754101
Haiti,1976,5238245
Honduras,1976,3251158
Hungary,1976,10598677
Iceland,1976,220154
India,1976,635771734
Indonesia,1976,134010690
Iraq,1976,12068168
Ireland,1976,3238050
Isle of Man,1976,60428
Israel,1976,3533000
Italy,1976,55718260
Jamaica,1976,2055085
Japan,1976,112771000
Jordan,1976,2120069
Kazakhstan,1976,13920105
Kenya,1976,13996704
Kiribati,1976,55977
Kosovo,1976,1400000
Kuwait,1976,1089209
Kyrgyz Republic,1976,3358700
Lao PDR,1976,3098973
Latvia,1976,2470989
Lebanon,1976,2598354
Lesotho,1976,1179723
Liberia,1976,1672300
Libya,1976,2754696
Liechtenstein,1976,23926
Lithuania,1976,3328664
Luxembourg,1976,360731
Madagascar,1976,7773449
Malawi,1976,5454705
Malaysia,1976,12468893
Maldives,1976,140665
Mali,1976,6596773
Malta,1976,305774
Marshall Islands,1976,26552
Mauritania,1976,1367563
Mauritius,1976,906507
Mexico,1976,62623763
Moldova,1976,3284000
Monaco,1976,25523
Mongolia,1976,1520865
Montenegro,1976,552562
Morocco,1976,18210754
Mozambique,1976,10632932
Myanmar,1976,30428034
Namibia,1976,927503
Nauru,1976,7156
Nepal,1976,13621110
Netherlands,1976,13774037
New Caledonia,1976,134000
New Zealand,1976,3110500
Nicaragua,1976,2884155
Niger,1976,5334918
Nigeria,1976,65226229
Northern Mariana Islands,1976,15234
Norway,1976,4026152
Oman,1976,927439
Pakistan,1976,68813220
Palau,1976,12285
Panama,1976,1791453
Papua New Guinea,1976,2957339
Paraguay,1976,2861581
Peru,1976,15639901
Philippines,1976,42461193
Poland,1976,34356300
Portugal,1976,9355810
Puerto Rico,1976,3043854
Qatar,1976,173836
Romania,1976,21551634
Russian Federation,1976,135147000
Rwanda,1976,4499509
Samoa,1976,152390
San Marino,1976,19980
Sao Tome and Principe,1976,84885
Saudi Arabia,1976,7818613
Senegal,1976,5064674
Seychelles,1976,60504
Sierra Leone,1976,3062956
Singapore,1976,2293300
Slovak Republic,1976,4789507
Slovenia,1976,1820249
Solomon Islands,1976,200640
Somalia,1976,4289469
South Africa,1976,26354140
South Sudan,1976,4224529
Spain,1976,36137812
Sri Lanka,1976,13717000
St. Kitts and Nevis,1976,44148
St. Lucia,1976,111208
St. Martin (French part),1976,6530
St. Vincent and the Grenadines,1976,96641
Sudan,1976,12578407
Suriname,1976,361364
Swaziland,1976,533214
Sweden,1976,8222286
Switzerland,1976,6302504
Syrian Arab Republic,1976,7794662
Tajikistan,1976,3487644
Tanzania,1976,16493305
Thailand,1976,43386841
Timor-Leste,1976,654947
Togo,1976,2464455
Tonga,1976,89254
Trinidad and Tobago,1976,1025658
Tunisia,1976,5781796
Turkey,1976,40189511
Turkmenistan,1976,2594311
Turks and Caicos Islands,1976,6723
Tuvalu,1976,7749
Uganda,1976,11139833
Ukraine,1976,49036456
United Arab Emirates,1976,646943
United Kingdom,1976,56211968
United States,1976,218035000
Uruguay,1976,2841429
Uzbekistan,1976,14279120
Vanuatu,1976,103028
Vietnam,1976,49158000
Virgin Islands (U.S.),1976,96000
Zambia,1976,5139030
Zimbabwe,1976,6308300
