Afghanistan,1975,12590286
Albania,1975,2404831
Algeria,1975,16709099
American Samoa,1975,29932
Andorra,1975,30705
Angola,1975,7682479
Antigua and Barbuda,1975,71609
Argentina,1975,26066975
Armenia,1975,2832757
Aruba,1975,60657
Australia,1975,13893000
Austria,1975,7578903
Azerbaijan,1975,5674137
Bahrain,1975,266543
Bangladesh,1975,71305923
Barbados,1975,246034
Belarus,1975,9367000
Belgium,1975,9800700
Belize,1975,133260
Benin,1975,3265165
Bermuda,1975,53000
Bhutan,1975,349982
Bolivia,1975,5009257
Bosnia and Herzegovina,1975,3985103
Botswana,1975,825840
Brazil,1975,107612100
British Virgin Islands,1975,10476
Brunei Darussalam,1975,161671
Bulgaria,1975,8720742
Burkina Faso,1975,6154545
Burundi,1975,3671494
Cabo Verde,1975,272423
Cambodia,1975,7522593
Cameroon,1975,7457362
Canada,1975,23209000
Cayman Islands,1975,12244
Central African Republic,1975,2017372
Chad,1975,4087948
Channel Islands,1975,126415
Chile,1975,10435534
China,1975,916395000
Colombia,1975,24756973
Comoros,1975,257290
Costa Rica,1975,2097407
Cote d'Ivoire,1975,6608609
Croatia,1975,4514000
Cuba,1975,9438442
Curacao,1975,149129
Cyprus,1975,649755
Czech Republic,1975,10058620
Denmark,1975,5059862
Djibouti,1975,224183
Dominica,1975,72094
Dominican Republic,1975,5149935
Ecuador,1975,6987391
El Salvador,1975,4147525
Equatorial Guinea,1975,259747
Eritrea,1975,2075965
Estonia,1975,1429352
Ethiopia,1975,32566821
Faroe Islands,1975,41407
Fiji,1975,576595
Finland,1975,4711440
France,1975,54252574
French Polynesia,1975,130619
Gabon,1975,649716
Georgia,1975,4311200
Germany,1975,78673554
Ghana,1975,9831407
Gibraltar,1975,29578
Greece,1975,9046541
Greenland,1975,49600
Grenada,1975,92448
Guam,1975,93352
Guatemala,1975,6433728
Guinea,1975,4364514
Guinea-Bissau,1975,778470
Guyana,1975,745841
Haiti,1975,5140357
Honduras,1975,3153261
Hungary,1975,10540525
Iceland,1975,217979
India,1975,621301720
Indonesia,1975,130724115
Iraq,1975,11684589
Ireland,1975,3189550
Isle of Man,1975,59478
Israel,1975,3455000
Italy,1975,55441001
Jamaica,1975,2027737
Japan,1975,111940000
Jordan,1975,2062918
Kazakhstan,1975,13756789
Kenya,1975,13486629
Kiribati,1975,55169
Kosovo,1975,1369000
Kuwait,1975,1024940
Kyrgyz Republic,1975,3292400
Lao PDR,1975,3051577
Latvia,1975,2456130
Lebanon,1975,2575690
Lesotho,1975,1150635
Liberia,1975,1625013
Libya,1975,2645139
Liechtenstein,1975,23432
Lithuania,1975,3301652
Luxembourg,1975,358950
Madagascar,1975,7556026
Malawi,1975,5292808
Malaysia,1975,12162369
Maldives,1975,136519
Mali,1975,6482278
Malta,1975,304222
Marshall Islands,1975,25576
Mauritania,1975,1328686
Mauritius,1975,892000
Mexico,1975,60872399
Moldova,1975,3251000
Monaco,1975,25197
Mongolia,1975,1479651
Montenegro,1975,546487
Morocco,1975,17803698
Mozambique,1975,10344494
Myanmar,1975,29721967
Namibia,1975,904839
Nauru,1975,7070
Nepal,1975,13325814
Netherlands,1975,13666335
New Caledonia,1975,132500
New Zealand,1975,3083100
Nicaragua,1975,2796746
Niger,1975,5184811
Nigeria,1975,63373572
Northern Mariana Islands,1975,15117
Norway,1975,4007313
Oman,1975,882044
Pakistan,1975,66787901
Palau,1975,12278
Panama,1975,1745205
Papua New Guinea,1975,2878156
Paraguay,1975,2790962
Peru,1975,15229947
Philippines,1975,41295124
Poland,1975,34015199
Portugal,1975,9093470
Puerto Rico,1975,2994000
Qatar,1975,164413
Romania,1975,21293583
Russian Federation,1975,134200000
Rwanda,1975,4359092
Samoa,1975,151387
San Marino,1975,19735
Sao Tome and Principe,1975,82607
Saudi Arabia,1975,7428703
Senegal,1975,4936209
Seychelles,1975,59292
Sierra Leone,1975,2993876
Singapore,1975,2262600
Slovak Republic,1975,4739105
Slovenia,1975,1793581
Solomon Islands,1975,193445
Somalia,1975,3880320
South Africa,1975,25698856
South Sudan,1975,4119438
Spain,1975,35757900
Sri Lanka,1975,13496000
St. Kitts and Nevis,1975,44276
St. Lucia,1975,109769
St. Martin (French part),1975,6291
St. Vincent and the Grenadines,1975,95611
Sudan,1975,12144135
Suriname,1975,362654
Swaziland,1975,517024
Sweden,1975,8192437
Switzerland,1975,6338632
Syrian Arab Republic,1975,7535714
Tajikistan,1975,3390935
Tanzania,1975,15980301
Thailand,1975,42334954
Timor-Leste,1975,664984
Togo,1975,2410446
Tonga,1975,88348
Trinidad and Tobago,1975,1011490
Tunisia,1975,5652476
Turkey,1975,39277211
Turkmenistan,1975,2525361
Turks and Caicos Islands,1975,6548
Tuvalu,1975,7677
Uganda,1975,10827147
Ukraine,1975,48758987
United Arab Emirates,1975,554324
United Kingdom,1975,56225800
United States,1975,215973000
Uruguay,1975,2830172
Uzbekistan,1975,13892638
Vanuatu,1975,99872
Vietnam,1975,48030000
Virgin Islands (U.S.),1975,94000
Zambia,1975,4964831
Zimbabwe,1975,6115370
