Afghanistan,1987,11502761
Albania,1987,3083605
Algeria,1987,23917897
American Samoa,1987,42450
Andorra,1987,48455
Angola,1987,11218268
Antigua and Barbuda,1987,67845
Argentina,1987,31326473
Armenia,1987,3451942
Aruba,1987,61833
Australia,1987,16263900
Austria,1987,7574586
Azerbaijan,1987,6893500
Bahrain,1987,448973
Bangladesh,1987,98343809
Barbados,1987,257611
Belarus,1987,10111000
Belgium,1987,9870234
Belize,1987,174320
Benin,1987,4535263
Bermuda,1987,57849
Bhutan,1987,500437
Bolivia,1987,6464732
Bosnia and Herzegovina,1987,4478519
Botswana,1987,1264314
Brazil,1987,141273488
British Virgin Islands,1987,14589
Brunei Darussalam,1987,237622
Bulgaria,1987,8971359
Burkina Faso,1987,8140073
Burundi,1987,4987736
Cabo Verde,1987,324893
Cambodia,1987,8196037
Cameroon,1987,10696274
Canada,1987,26550000
Cayman Islands,1987,21339
Central African Republic,1987,2755244
Chad,1987,5408087
Channel Islands,1987,136716
Chile,1987,12594145
China,1987,1084035000
Colombia,1987,32324325
Comoros,1987,376654
Costa Rica,1987,2872211
Cote d'Ivoire,1987,11019651
Croatia,1987,4740000
Cuba,1987,10269567
Curacao,1987,151456
Cyprus,1987,723380
Czech Republic,1987,10347318
Denmark,1987,5127024
Djibouti,1987,490330
Dominica,1987,72370
Dominican Republic,1987,6764624
Ecuador,1987,9504129
El Salvador,1987,5053714
Equatorial Guinea,1987,390173
Eritrea,1987,2924349
Estonia,1987,1552221
Ethiopia,1987,43493283
Faroe Islands,1987,46621
Fiji,1987,721725
Finland,1987,4932123
France,1987,57482591
French Polynesia,1987,184950
Gabon,1987,876863
Georgia,1987,4743500
Germany,1987,77839920
Ghana,1987,13481406
Gibraltar,1987,29744
Greece,1987,10000595
Greenland,1987,54100
Grenada,1987,99380
Guam,1987,121919
Guatemala,1987,8639108
Guinea,1987,5381483
Guinea-Bissau,1987,943617
Guyana,1987,757506
Haiti,1987,6670568
Honduras,1987,4541804
Hungary,1987,10612741
Iceland,1987,245859
India,1987,816792741
Indonesia,1987,171728917
Iraq,1987,16290149
Ireland,1987,3540057
Isle of Man,1987,64630
Israel,1987,4369000
Italy,1987,56601931
Jamaica,1987,2379279
Japan,1987,122091000
Jordan,1987,3127917
Kazakhstan,1987,15801753
Kenya,1987,21119318
Kiribati,1987,67261
Kosovo,1987,1753000
Kuwait,1987,1942810
Kyrgyz Republic,1987,4144600
Lao PDR,1987,3905163
Latvia,1987,2626583
Lebanon,1987,2672173
Lesotho,1987,1525460
Liberia,1987,2191023
Libya,1987,4109703
Liechtenstein,1987,27802
Lithuania,1987,3616367
Luxembourg,1987,370750
Madagascar,1987,10647754
Malawi,1987,8120093
Malaysia,1987,16525108
Maldives,1987,203124
Mali,1987,8067758
Malta,1987,344485
Marshall Islands,1987,42153
Mauritania,1987,1870978
Mauritius,1987,1036082
Mexico,1987,80503052
Moldova,1987,3633000
Monaco,1987,29172
Mongolia,1987,2033343
Montenegro,1987,608144
Morocco,1987,23497766
Mozambique,1987,13020861
Myanmar,1987,38673241
Namibia,1987,1245990
Nauru,1987,8550
Nepal,1987,17480921
Netherlands,1987,14665037
New Caledonia,1987,160500
New Zealand,1987,3274400
Nicaragua,1987,3882943
Niger,1987,7323969
Nigeria,1987,88101628
Northern Mariana Islands,1987,34480
Norway,1987,4186905
Oman,1987,1619864
Pakistan,1987,98357473
Palau,1987,14240
Panama,1987,2318332
Papua New Guinea,1987,3997702
Paraguay,1987,3885436
Peru,1987,20451710
Philippines,1987,57313311
Poland,1987,37668045
Portugal,1987,10030031
Puerto Rico,1987,3441850
Qatar,1987,422341
Romania,1987,22949430
Russian Federation,1987,145908000
Rwanda,1987,6732131
Samoa,1987,161015
San Marino,1987,23210
Sao Tome and Principe,1987,107415
Saudi Arabia,1987,14525660
Senegal,1987,6893896
Seychelles,1987,68499
Sierra Leone,1987,4034668
Singapore,1987,2774789
Slovak Republic,1987,5222840
Slovenia,1987,1989776
Solomon Islands,1987,286863
Somalia,1987,7018109
South Africa,1987,34463077
South Sudan,1987,5666078
Spain,1987,38684815
Sri Lanka,1987,16339000
St. Kitts and Nevis,1987,41351
St. Lucia,1987,131034
St. Martin (French part),1987,21628
St. Vincent and the Grenadines,1987,105896
Sudan,1987,18302587
Suriname,1987,383654
Swaziland,1987,766707
Sweden,1987,8397804
Switzerland,1987,6545106
Syrian Arab Republic,1987,11360852
Tajikistan,1987,4843951
Tanzania,1987,23198533
Thailand,1987,53964406
Timor-Leste,1987,699522
Togo,1987,3474080
Tonga,1987,94384
Trinidad and Tobago,1987,1195247
Tunisia,1987,7692254
Turkey,1987,51100878
Turkmenistan,1987,3407319
Turks and Caicos Islands,1987,10224
Tuvalu,1987,8820
Uganda,1987,15695411
Ukraine,1987,51293000
United Arab Emirates,1987,1560718
United Kingdom,1987,56802050
United States,1987,242289000
Uruguay,1987,3049966
Uzbekistan,1987,19029877
Vanuatu,1987,136125
Vietnam,1987,61750000
Virgin Islands (U.S.),1987,106000
Zambia,1987,7385686
Zimbabwe,1987,9293283
