Afghanistan,1967,10372630
Albania,1967,1965598
Algeria,1967,13354197
American Samoa,1967,25116
Andorra,1967,20758
Angola,1967,6414995
Antigua and Barbuda,1967,63360
Argentina,1967,22932203
Armenia,1967,2339124
Aruba,1967,58055
Australia,1967,11799000
Austria,1967,7376998
Azerbaijan,1967,4843870
Bahrain,1967,196063
Bangladesh,1967,59620669
Barbados,1967,236621
Belarus,1967,8785648
Belgium,1967,9580991
Belize,1967,112692
Benin,1967,2735307
Bermuda,1967,52000
Bhutan,1967,270622
Bolivia,1967,4237125
Bosnia and Herzegovina,1967,3632669
Botswana,1967,633154
Brazil,1967,88191378
British Virgin Islands,1967,9218
Brunei Darussalam,1967,112494
Bulgaria,1967,8310226
Burkina Faso,1967,5343019
Burundi,1967,3234023
Cabo Verde,1967,248747
Cambodia,1967,6685321
Cameroon,1967,6058539
Canada,1967,20412000
Cayman Islands,1967,8521
Central African Republic,1967,1718603
Chad,1967,3434811
Channel Islands,1967,117474
Chile,1967,8997325
China,1967,754550000
Colombia,1967,20311371
Comoros,1967,215897
Costa Rica,1967,1694710
Cote d'Ivoire,1967,4656353
Croatia,1967,4339000
Cuba,1967,8263546
Curacao,1967,138140
Cyprus,1967,591308
Czech Republic,1967,9852899
Denmark,1967,4835354
Djibouti,1967,131397
Dominica,1967,67686
Dominican Republic,1967,4125109
Ecuador,1967,5566057
El Salvador,1967,3383701
Equatorial Guinea,1967,293440
Eritrea,1967,1674204
Estonia,1967,1318946
Ethiopia,1967,26281208
Faroe Islands,1967,37768
Fiji,1967,487913
Finland,1967,4605744
France,1967,50915456
French Polynesia,1967,100029
Gabon,1967,553823
Georgia,1967,4005800
Germany,1967,76951336
Ghana,1967,8057444
Gibraltar,1967,27174
Greece,1967,8684088
Greenland,1967,41900
Grenada,1967,94961
Guam,1967,78404
Guatemala,1967,5160609
Guinea,1967,4023486
Guinea-Bissau,1967,673462
Guyana,1967,675871
Haiti,1967,4445530
Honduras,1967,2486414
Hungary,1967,10216604
Iceland,1967,198751
India,1967,518889779
Indonesia,1967,105907403
Iraq,1967,8947404
Ireland,1967,2902450
Isle of Man,1967,52118
Israel,1967,2745000
Italy,1967,52900500
Jamaica,1967,1803064
Japan,1967,100725000
Jordan,1967,1377465
Kazakhstan,1967,12120504
Kenya,1967,10154484
Kiribati,1967,48437
Kosovo,1967,1135000
Kuwait,1967,579007
Kyrgyz Republic,1967,2736500
Lao PDR,1967,2496920
Latvia,1967,2301220
Lebanon,1967,2174845
Lesotho,1967,971512
Liberia,1967,1313941
Libya,1967,1878877
Liechtenstein,1967,19691
Lithuania,1967,3044400
Luxembourg,1967,334995
Madagascar,1967,6073526
Malawi,1967,4262005
Malaysia,1967,10046172
Maldives,1967,107538
Mali,1967,5706199
Malta,1967,311550
Marshall Islands,1967,18388
Mauritania,1967,1052286
Mauritius,1967,783917
Mexico,1967,47429812
Moldova,1967,2918000
Monaco,1967,23292
Mongolia,1967,1173191
Montenegro,1967,522796
Morocco,1967,14950803
Mozambique,1967,8565674
Myanmar,1967,24524548
Namibia,1967,718685
Nauru,1967,6102
Nepal,1967,11316826
Netherlands,1967,12598201
New Caledonia,1967,96500
New Zealand,1967,2724100
Nicaragua,1967,2189882
Niger,1967,4144395
Nigeria,1967,52341834
Northern Mariana Islands,1967,11823
Norway,1967,3784539
Oman,1967,660119
Pakistan,1967,53590929
Palau,1967,11080
Panama,1967,1393799
Papua New Guinea,1967,2344977
Paraguay,1967,2289582
Peru,1967,12282082
Philippines,1967,32826599
Poland,1967,31987155
Portugal,1967,8874520
Puerto Rico,1967,2645674
Qatar,1967,86295
Romania,1967,19534242
Russian Federation,1967,128196000
Rwanda,1967,3418317
Samoa,1967,134193
San Marino,1967,18229
Sao Tome and Principe,1967,67873
Saudi Arabia,1967,5194846
Senegal,1967,3899237
Seychelles,1967,49911
Sierra Leone,1967,2553529
Singapore,1967,1977600
Slovak Republic,1967,4449367
Slovenia,1967,1689528
Solomon Islands,1967,145351
Somalia,1967,3228495
South Africa,1967,20843785
South Sudan,1967,3407800
Spain,1967,32682947
Sri Lanka,1967,11703000
St. Kitts and Nevis,1967,47380
St. Lucia,1967,99527
St. Martin (French part),1967,5033
St. Vincent and the Grenadines,1967,87736
Sudan,1967,9337657
Suriname,1967,350751
Swaziland,1967,411352
Sweden,1967,7867931
Switzerland,1967,5991785
Syrian Arab Republic,1967,5740710
Tajikistan,1967,2662230
Tanzania,1967,12406040
Thailand,1967,33778504
Timor-Leste,1967,569031
Togo,1967,1855442
Tonga,1967,79052
Trinidad and Tobago,1967,925909
Tunisia,1967,4737627
Turkey,1967,32477961
Turkmenistan,1967,2011763
Turks and Caicos Islands,1967,5590
Tuvalu,1967,7040
Uganda,1967,8580676
Ukraine,1967,46060452
United Arab Emirates,1967,170283
United Kingdom,1967,54943600
United States,1967,198712000
Uruguay,1967,2750093
Uzbekistan,1967,10917446
Vanuatu,1967,78522
Vietnam,1967,39980000
Virgin Islands (U.S.),1967,50800
Zambia,1967,3791887
Zimbabwe,1967,4700041
