Afghanistan,1994,16172719
Albania,1994,3207536
Algeria,1994,28362253
American Samoa,1994,51803
Andorra,1994,62677
Angola,1994,13841301
Antigua and Barbuda,1994,71719
Argentina,1994,34558115
Armenia,1994,3283660
Aruba,1994,76700
Australia,1994,17855000
Austria,1994,7936118
Azerbaijan,1994,7597000
Bahrain,1994,549588
Bangladesh,1994,116182267
Barbados,1994,264015
Belarus,1994,10227000
Belgium,1994,10115603
Belize,1994,201674
Benin,1994,5714220
Bermuda,1994,59320
Bhutan,1994,516503
Bolivia,1994,7418861
Bosnia and Herzegovina,1994,3948816
Botswana,1994,1532622
Brazil,1994,159705123
British Virgin Islands,1994,18052
Brunei Darussalam,1994,289525
Bulgaria,1994,8443591
Burkina Faso,1994,9816588
Burundi,1994,5871607
Cabo Verde,1994,379156
Cambodia,1994,10315376
Cameroon,1994,13109660
Canada,1994,29111906
Cayman Islands,1994,30055
Central African Republic,1994,3267670
Chad,1994,6772133
Channel Islands,1994,143384
Chile,1994,14091389
China,1994,1191835000
Colombia,1994,36823537
Comoros,1994,462277
Costa Rica,1994,3425690
Cote d'Ivoire,1994,14083611
Croatia,1994,4650000
Cuba,1994,10850585
Curacao,1994,144630
Cyprus,1994,837110
Czech Republic,1994,10333587
Denmark,1994,5206180
Djibouti,1994,622366
Dominica,1994,71373
Dominican Republic,1994,7753052
Ecuador,1994,11196479
El Salvador,1994,5544945
Equatorial Guinea,1994,487140
Eritrea,1994,3085443
Estonia,1994,1462514
Ethiopia,1994,55431123
Faroe Islands,1994,46250
Fiji,1994,765667
Finland,1994,5088333
France,1994,59327194
French Polynesia,1994,211579
Gabon,1994,1058663
Georgia,1994,4861600
Germany,1994,81438348
Ghana,1994,16330174
Gibraltar,1994,29895
Greece,1994,10512922
Greenland,1994,55500
Grenada,1994,99405
Guam,1994,142802
Guatemala,1994,10172297
Guinea,1994,7544291
Guinea-Bissau,1994,1113541
Guyana,1994,758342
Haiti,1994,7674911
Honduras,1994,5552625
Hungary,1994,10343355
Iceland,1994,266021
India,1994,942204249
Indonesia,1994,193945272
Iraq,1994,19597239
Ireland,1994,3590386
Isle of Man,1994,69818
Israel,1994,5399000
Italy,1994,56843400
Jamaica,1994,2513049
Japan,1994,124961000
Jordan,1994,4395953
Kazakhstan,1994,16095199
Kenya,1994,26548486
Kiribati,1994,76671
Kosovo,1994,1997000
Kyrgyz Republic,1994,4515100
Lao PDR,1994,4740380
Latvia,1994,2520742
Lebanon,1994,2974640
Lesotho,1994,1732257
Liberia,1994,2012885
Libya,1994,4855003
Liechtenstein,1994,30365
Lithuania,1994,3657144
Luxembourg,1994,402925
Madagascar,1994,13066543
Malawi,1994,9796976
Malaysia,1994,19986894
Maldives,1994,245000
Mali,1994,9353385
Malta,1994,374797
Marshall Islands,1994,50575
Mauritania,1994,2261403
Mauritius,1994,1112846
Mexico,1994,92349147
Moldova,1994,3691000
Monaco,1994,30427
Mongolia,1994,2280496
Montenegro,1994,611389
Morocco,1994,26667048
Mozambique,1994,15217044
Myanmar,1994,42712223
Namibia,1994,1606718
Nauru,1994,9863
Nepal,1994,20867130
Netherlands,1994,15382838
New Caledonia,1994,189482
New Zealand,1994,3620000
Nicaragua,1994,4520725
Niger,1994,9151763
Nigeria,1994,105355783
Northern Mariana Islands,1994,53380
Norway,1994,4336613
Oman,1994,2148428
Pakistan,1994,119769556
Palau,1994,16806
Panama,1994,2684183
Papua New Guinea,1994,4770606
Paraguay,1994,4651225
Peru,1994,23619356
Philippines,1994,68236230
Poland,1994,38542652
Portugal,1994,9991525
Puerto Rico,1994,3649237
Qatar,1994,507095
Romania,1994,22730211
Russian Federation,1994,148336000
Rwanda,1994,6005095
Samoa,1994,168788
San Marino,1994,25516
Sao Tome and Principe,1994,123973
Saudi Arabia,1994,18311090
Senegal,1994,8512173
Serbia,1994,7734639
Seychelles,1994,74205
Sierra Leone,1994,4283621
Singapore,1994,3419048
Slovak Republic,1994,5346331
Slovenia,1994,1989443
Solomon Islands,1994,349225
Somalia,1994,7583954
South Africa,1994,40558495
South Sudan,1994,5431738
Spain,1994,39549108
Sri Lanka,1994,17912000
St. Kitts and Nevis,1994,42373
St. Lucia,1994,145247
St. Martin (French part),1994,33098
St. Vincent and the Grenadines,1994,108129
Sudan,1994,23347885
Suriname,1994,437037
Swaziland,1994,941774
Sweden,1994,8780745
Switzerland,1994,6993795
Syrian Arab Republic,1994,13949697
Tajikistan,1994,5679832
Tanzania,1994,29070615
Thailand,1994,58901666
Timor-Leste,1994,856684
Togo,1994,4163642
Tonga,1994,95833
Trinidad and Tobago,1994,1250318
Tunisia,1994,8956596
Turkey,1994,57564132
Turkmenistan,1994,4115099
Turks and Caicos Islands,1994,14597
Tuvalu,1994,9190
Uganda,1994,19907634
Ukraine,1994,51921041
United Arab Emirates,1994,2328686
United Kingdom,1994,57865745
United States,1994,263126000
Uruguay,1994,3201607
Uzbekistan,1994,22377000
Vanuatu,1994,164208
Vietnam,1994,70824500
Virgin Islands (U.S.),1994,107317
West Bank and Gaza,1994,2366298
Zambia,1994,8896109
Zimbabwe,1994,11116948
