Afghanistan,2012,30696958
Albania,2012,2900401
Algeria,2012,37565847
American Samoa,2012,55230
Andorra,2012,82431
Angola,2012,25096150
Antigua and Barbuda,2012,96777
Argentina,2012,42096739
Armenia,2012,2881922
Aruba,2012,102577
Australia,2012,22728254
Austria,2012,8429991
Azerbaijan,2012,9295784
Bahrain,2012,1300217
Bangladesh,2012,155727053
Barbados,2012,281585
Belarus,2012,9464495
Belgium,2012,11128246
Belize,2012,336701
Benin,2012,9729160
Bermuda,2012,64798
Bhutan,2012,752967
Bolivia,2012,10239004
Bosnia and Herzegovina,2012,3648200
Botswana,2012,2089315
Brazil,2012,200560983
British Virgin Islands,2012,28509
Brunei Darussalam,2012,399748
Bulgaria,2012,7305888
Burkina Faso,2012,16571216
Burundi,2012,9319710
Cabo Verde,2012,513979
Cambodia,2012,14776866
Cameroon,2012,21082383
Canada,2012,34750545
Cayman Islands,2012,57523
Central African Republic,2012,4490416
Chad,2012,12705135
Channel Islands,2012,161358
Chile,2012,17309746
China,2012,1350695000
Colombia,2012,46881475
Comoros,2012,723868
Costa Rica,2012,4654122
Cote d'Ivoire,2012,21418603
Croatia,2012,4267558
Cuba,2012,11382146
Curacao,2012,152088
Cyprus,2012,1135062
Czech Republic,2012,10510785
Denmark,2012,5591572
Djibouti,2012,881185
Dominica,2012,72044
Dominican Republic,2012,10154950
Ecuador,2012,15419666
El Salvador,2012,6221246
Equatorial Guinea,2012,1038593
Estonia,2012,1322696
Ethiopia,2012,92444183
Faroe Islands,2012,48666
Fiji,2012,873596
Finland,2012,5413971
France,2012,65659790
French Polynesia,2012,271703
Gabon,2012,1756817
Georgia,2012,3825000
Germany,2012,80425823
Ghana,2012,25733049
Gibraltar,2012,33623
Greece,2012,11045011
Greenland,2012,56810
Grenada,2012,105481
Guam,2012,159973
Guatemala,2012,15271056
Guinea,2012,11281469
Guinea-Bissau,2012,1638139
Guyana,2012,753091
Haiti,2012,10289210
Honduras,2012,8505646
Hungary,2012,9920362
Iceland,2012,320716
India,2012,1263065852
Indonesia,2012,248883232
Iraq,2012,32776571
Ireland,2012,4586897
Isle of Man,2012,81406
Israel,2012,7910500
Italy,2012,59539717
Jamaica,2012,2840992
Japan,2012,127629000
Jordan,2012,7992573
Kazakhstan,2012,16791425
Kenya,2012,43646629
Kiribati,2012,106613
Kosovo,2012,1805200
Kuwait,2012,3395556
Kyrgyz Republic,2012,5607200
Lao PDR,2012,6415169
Latvia,2012,2034319
Lebanon,2012,4916404
Lesotho,2012,2089928
Liberia,2012,4181563
Libya,2012,6198258
Liechtenstein,2012,36545
Lithuania,2012,2987773
Luxembourg,2012,530946
Madagascar,2012,22346573
Malawi,2012,16097305
Malaysia,2012,29170456
Maldives,2012,385000
Mali,2012,16006670
Malta,2012,419455
Marshall Islands,2012,52663
Mauritania,2012,3830239
Mauritius,2012,1255882
Mexico,2012,120828307
Moldova,2012,3559519
Monaco,2012,37783
Mongolia,2012,2814226
Montenegro,2012,620601
Morocco,2012,33333789
Mozambique,2012,25676606
Myanmar,2012,50986514
Namibia,2012,2263934
Nauru,2012,10279
Nepal,2012,27649925
Netherlands,2012,16754962
New Caledonia,2012,259000
New Zealand,2012,4408100
Nicaragua,2012,5877108
Niger,2012,17731634
Nigeria,2012,167297284
Northern Mariana Islands,2012,53718
Norway,2012,5018573
Oman,2012,3464644
Pakistan,2012,177911533
Palau,2012,20758
Panama,2012,3772938
Papua New Guinea,2012,7430836
Paraguay,2012,6379219
Peru,2012,30158966
Philippines,2012,96866642
Poland,2012,38063164
Portugal,2012,10514844
Puerto Rico,2012,3634488
Qatar,2012,2109568
Romania,2012,20058035
Russian Federation,2012,143201676
Rwanda,2012,10788853
Samoa,2012,189194
San Marino,2012,31914
Sao Tome and Principe,2012,182889
Saudi Arabia,2012,29086357
Senegal,2012,13703513
Serbia,2012,7199077
Seychelles,2012,88303
Sierra Leone,2012,6766103
Singapore,2012,5312437
Sint Maarten (Dutch part),2012,34640
Slovak Republic,2012,5407579
Slovenia,2012,2057159
Solomon Islands,2012,551531
Somalia,2012,12763776
South Africa,2012,52506515.0772335
South Sudan,2012,10818258
Spain,2012,46773055
Sri Lanka,2012,20425000
St. Kitts and Nevis,2012,52591
St. Lucia,2012,174835
St. Martin (French part),2012,30959
St. Vincent and the Grenadines,2012,109328
Sudan,2012,35990192
Suriname,2012,537077
Swaziland,2012,1248158
Sweden,2012,9519374
Switzerland,2012,7996861
Syrian Arab Republic,2012,20420701
Tajikistan,2012,7995062
Tanzania,2012,49082997
Thailand,2012,67843979
Timor-Leste,2012,1156760
Togo,2012,6859482
Tonga,2012,104951
Trinidad and Tobago,2012,1341588
Tunisia,2012,10886668
Turkey,2012,74569867
Turkmenistan,2012,5267839
Turks and Caicos Islands,2012,32431
Tuvalu,2012,10725
Uganda,2012,36306796
Ukraine,2012,45593300
United Arab Emirates,2012,8900453
United Kingdom,2012,63700300
United States,2012,313998379
Uruguay,2012,3396777
Uzbekistan,2012,29774500
Vanuatu,2012,247485
Vietnam,2012,88809200
Virgin Islands (U.S.),2012,105275
West Bank and Gaza,2012,4046901
Zambia,2012,14699937
Zimbabwe,2012,14710826
