Afghanistan,1985,11783050
Albania,1985,2964762
Algeria,1985,22565905
American Samoa,1985,39241
Andorra,1985,44600
Angola,1985,10609042
Antigua and Barbuda,1985,69782
Argentina,1985,30388783
Armenia,1985,3335935
Aruba,1985,63026
Australia,1985,15758000
Austria,1985,7564985
Azerbaijan,1985,6666455
Bahrain,1985,419430
Bangladesh,1985,93199865
Barbados,1985,255924
Belarus,1985,9975000
Belgium,1985,9858308
Belize,1985,164921
Benin,1985,4278501
Bermuda,1985,56898
Bhutan,1985,467178
Bolivia,1985,6211550
Bosnia and Herzegovina,1985,4392130
Botswana,1985,1189114
Brazil,1985,135676281
British Virgin Islands,1985,13304
Brunei Darussalam,1985,224512
Bulgaria,1985,8960547
Burkina Faso,1985,7727907
Burundi,1985,4702066
Cabo Verde,1985,315069
Cambodia,1985,7712978
Cameroon,1985,10050023
Canada,1985,25942000
Cayman Islands,1985,19313
Central African Republic,1985,2634232
Chad,1985,5091535
Channel Islands,1985,133808
Chile,1985,12181028
China,1985,1051040000
Colombia,1985,31011688
Comoros,1985,355337
Costa Rica,1985,2730233
Cote d'Ivoire,1985,10222558
Croatia,1985,4701000
Cuba,1985,10082989
Curacao,1985,152711
Cyprus,1985,703687
Czech Republic,1985,10337118
Denmark,1985,5113691
Djibouti,1985,425613
Dominica,1985,73643
Dominican Republic,1985,6488856
Ecuador,1985,9045979
El Salvador,1985,4923860
Equatorial Guinea,1985,358896
Eritrea,1985,2753151
Estonia,1985,1528781
Ethiopia,1985,40800343
Faroe Islands,1985,45573
Fiji,1985,711661
Finland,1985,4902206
France,1985,56795686
French Polynesia,1985,175204
Gabon,1985,830085
Georgia,1985,4662900
Germany,1985,77684873
Ghana,1985,12716228
Gibraltar,1985,30207
Greece,1985,9934300
Greenland,1985,53200
Grenada,1985,99906
Guam,1985,116572
Guatemala,1985,8240060
Guinea,1985,5084767
Guinea-Bissau,1985,899509
Guyana,1985,770435
Haiti,1985,6384195
Honduras,1985,4281189
Hungary,1985,10648713
Iceland,1985,241405
India,1985,781666671
Indonesia,1985,165012196
Iraq,1985,15576395
Ireland,1985,3538082
Isle of Man,1985,62696
Israel,1985,4233000
Italy,1985,56593071
Jamaica,1985,2338638
Japan,1985,120754000
Jordan,1985,2895985
Kazakhstan,1985,15403006
Kenya,1985,19651225
Kiribati,1985,64003
Kosovo,1985,1682000
Kuwait,1985,1738994
Kyrgyz Republic,1985,3990300
Lao PDR,1985,3687898
Latvia,1985,2578873
Lebanon,1985,2676583
Lesotho,1985,1472192
Liberia,1985,2192555
Libya,1985,3873781
Liechtenstein,1985,27257
Lithuania,1985,3544543
Luxembourg,1985,366706
Madagascar,1985,10063495
Malawi,1985,7211105
Malaysia,1985,15598942
Maldives,1985,189637
Mali,1985,7831889
Malta,1985,336452
Marshall Islands,1985,38333
Mauritania,1985,1769942
Mauritius,1985,1020528
Mexico,1985,77360707
Moldova,1985,3570000
Monaco,1985,28835
Mongolia,1985,1921881
Montenegro,1985,605398
Morocco,1985,22537376
Mozambique,1985,12984405
Myanmar,1985,37222296
Namibia,1985,1148302
Nauru,1985,8174
Nepal,1985,16723956
Netherlands,1985,14491632
New Caledonia,1985,154450
New Zealand,1985,3247100
Nicaragua,1985,3709091
Niger,1985,6915927
Nigeria,1985,83613300
Northern Mariana Islands,1985,29092
Norway,1985,4152516
Oman,1985,1498417
Pakistan,1985,92219488
Palau,1985,13696
Panama,1985,2219276
Papua New Guinea,1985,3794720
Paraguay,1985,3671826
Peru,1985,19544956
Philippines,1985,54323648
Poland,1985,37201885
Portugal,1985,10023613
Puerto Rico,1985,3377000
Qatar,1985,371081
Romania,1985,22755427
Russian Federation,1985,143858000
Rwanda,1985,6120107
Samoa,1985,160031
San Marino,1985,22708
Sao Tome and Principe,1985,103634
Saudi Arabia,1985,13189115
Senegal,1985,6484738
Seychelles,1985,65244
Sierra Leone,1985,3799550
Singapore,1985,2735957
Slovak Republic,1985,5161768
Slovenia,1985,1941641
Solomon Islands,1985,270801
Somalia,1985,6791716
South Africa,1985,32983013
South Sudan,1985,5450424
Spain,1985,38469512
Sri Lanka,1985,15831000
St. Kitts and Nevis,1985,42013
St. Lucia,1985,126418
St. Martin (French part),1985,15392
St. Vincent and the Grenadines,1985,104477
Sudan,1985,17210187
Suriname,1985,371470
Swaziland,1985,705085
Sweden,1985,8350386
Switzerland,1985,6470365
Syrian Arab Republic,1985,10648632
Tajikistan,1985,4537789
Tanzania,1985,21836999
Thailand,1985,52041469
Timor-Leste,1985,666945
Togo,1985,3252994
Tonga,1985,93953
Trinidad and Tobago,1985,1170928
Tunisia,1985,7321876
Turkey,1985,49133883
Turkmenistan,1985,3244018
Turks and Caicos Islands,1985,9506
Tuvalu,1985,8650
Uganda,1985,14646624
Ukraine,1985,50917000
United Arab Emirates,1985,1391052
United Kingdom,1985,56550268
United States,1985,237924000
Uruguay,1985,3011908
Uzbekistan,1985,18108300
Vanuatu,1985,130027
Vietnam,1985,58868000
Virgin Islands (U.S.),1985,107000
Zambia,1985,6955212
Zimbabwe,1985,8658857
