Afghanistan,1962,9345868
Albania,1962,1711319
Algeria,1962,11690153
American Samoa,1962,21117
Andorra,1962,15370
Angola,1962,5866061
Antigua and Barbuda,1962,57144
Argentina,1962,21287682
Armenia,1962,2009526
Aruba,1962,56225
Australia,1962,10742000
Austria,1962,7129864
Azerbaijan,1962,4171425
Bahrain,1962,173144
Bangladesh,1962,51030137
Barbados,1962,232586
Belarus,1962,8351928
Belgium,1962,9220578
Belize,1962,97384
Benin,1962,2502896
Bermuda,1962,46600
Bhutan,1962,234706
Bolivia,1962,3838097
Bosnia and Herzegovina,1962,3353226
Botswana,1962,550840
Brazil,1962,76573248
British Virgin Islands,1962,8298
Brunei Darussalam,1962,89516
Bulgaria,1962,8012946
Burkina Faso,1962,4960326
Burundi,1962,2893669
Cabo Verde,1962,210867
Cambodia,1962,6028551
Cameroon,1962,5399922
Canada,1962,18614000
Cayman Islands,1962,8146
Central African Republic,1962,1556661
Chad,1962,3121216
Channel Islands,1962,111457
Chile,1962,8067136
China,1962,665770000
Colombia,1962,17500171
Comoros,1962,197198
Costa Rica,1962,1432585
Cote d'Ivoire,1962,3841071
Croatia,1962,4202104
Cuba,1962,7450402
Curacao,1962,128414
Cyprus,1962,577691
Czech Republic,1962,9624660
Denmark,1962,4647727
Djibouti,1962,94204
Dominica,1962,61982
Dominican Republic,1962,3521278
Ecuador,1962,4812890
El Salvador,1962,2927857
Equatorial Guinea,1962,262590
Eritrea,1962,1469645
Estonia,1962,1241623
Ethiopia,1962,23221389
Faroe Islands,1962,35570
Fiji,1962,421577
Finland,1962,4491443
France,1962,48119649
French Polynesia,1962,83651
Gabon,1962,509806
Georgia,1962,3760300
Germany,1962,74025784
Ghana,1962,7085464
Gibraltar,1962,24284
Greece,1962,8448233
Greenland,1962,35000
Grenada,1962,92425
Guam,1962,69604
Guatemala,1962,4464249
Guinea,1962,3690664
Guinea-Bissau,1962,629969
Guyana,1962,606285
Haiti,1962,4022593
Honduras,1962,2155652
Hungary,1962,10061734
Iceland,1962,182378
India,1962,467852537
Indonesia,1962,92558005
Iraq,1962,7674223
Ireland,1962,2836050
Isle of Man,1962,48418
Israel,1962,2293000
Italy,1962,50879450
Jamaica,1962,1676250
Japan,1962,95832000
Jordan,1962,1009733
Kazakhstan,1962,10532062
Kenya,1962,8628972
Kiribati,1962,43302
Kosovo,1962,994000
Kuwait,1962,338296
Kyrgyz Republic,1962,2333400
Lao PDR,1962,2221122
Latvia,1962,2181586
Lebanon,1962,1925276
Lesotho,1962,882170
Liberia,1962,1170480
Libya,1962,1550813
Liechtenstein,1962,17290
Lithuania,1962,2863350
Luxembourg,1962,320750
Madagascar,1962,5352503
Malawi,1962,3784439
Malaysia,1962,8692815
Maldives,1962,94938
Mali,1962,5381368
Malta,1962,323900
Marshall Islands,1962,15547
Mauritania,1962,909174
Mauritius,1962,700349
Mexico,1962,40649588
Moldova,1962,2664000
Monaco,1962,23039
Mongolia,1962,1011324
Montenegro,1962,502558
Morocco,1962,13094818
Mozambique,1962,7699139
Myanmar,1962,21898020
Namibia,1962,632654
Nauru,1962,4947
Nepal,1962,10384204
Netherlands,1962,11805689
New Caledonia,1962,83400
New Zealand,1962,2482000
Nicaragua,1962,1886562
Niger,1962,3588156
Nigeria,1962,47029140
Northern Mariana Islands,1962,10499
Norway,1962,3638918
Oman,1962,578824
Pakistan,1962,47119361
Palau,1962,10151
Panama,1962,1202373
Papua New Guinea,1962,2094687
Paraguay,1962,2005337
Peru,1962,10650667
Philippines,1962,28081231
Poland,1962,30308500
Portugal,1962,8993985
Puerto Rico,1962,2450322
Qatar,1962,56263
Romania,1962,18676550
Russian Federation,1962,122591000
Rwanda,1962,3050604
Samoa,1962,115788
San Marino,1962,16199
Sao Tome and Principe,1962,64432
Saudi Arabia,1962,4362864
Senegal,1962,3386863
Seychelles,1962,44042
Sierra Leone,1962,2363013
Singapore,1962,1750200
Slovak Republic,1962,4238188
Slovenia,1962,1603649
Solomon Islands,1962,125064
Somalia,1962,2874190
South Africa,1962,18322335
South Sudan,1962,3069913
Spain,1962,31023366
Sri Lanka,1962,10443000
St. Kitts and Nevis,1962,50966
St. Lucia,1962,92084
St. Martin (French part),1962,4566
St. Vincent and the Grenadines,1962,83206
Sudan,1962,8004121
Suriname,1962,306328
Swaziland,1962,365636
Sweden,1962,7561588
Switzerland,1962,5573815
Syrian Arab Republic,1962,4875422
Tajikistan,1962,2236559
Tanzania,1962,10683906
Thailand,1962,29081034
Timor-Leste,1962,518107
Togo,1962,1612755
Tonga,1962,66259
Trinidad and Tobago,1962,880023
Tunisia,1962,4303131
Turkey,1962,28832805
Turkmenistan,1962,1715408
Turks and Caicos Islands,1962,5763
Tuvalu,1962,6389
Uganda,1962,7240174
Ukraine,1962,43749470
United Arab Emirates,1962,112472
United Kingdom,1962,53250000
United States,1962,186538000
Uruguay,1962,2603887
Uzbekistan,1962,9138097
Vanuatu,1962,67808
Vietnam,1962,36123000
Virgin Islands (U.S.),1962,36300
Zambia,1962,3240587
Zimbabwe,1962,3999419
