Afghanistan,1979,13306695
Albania,1979,2617832
Algeria,1979,18760761
American Samoa,1979,31673
Andorra,1979,34818
Angola,1979,8641521
Antigua and Barbuda,1979,73528
Argentina,1979,27684534
Armenia,1979,3049105
Aruba,1979,59980
Australia,1979,14514000
Austria,1979,7549425
Azerbaijan,1979,6053645
Bahrain,1979,342798
Bangladesh,1979,79236776
Barbados,1979,251177
Belarus,1979,9584000
Belgium,1979,9848382
Belize,1979,141305
Benin,1979,3618526
Bermuda,1979,53800
Bhutan,1979,397390
Bolivia,1979,5469123
Bosnia and Herzegovina,1979,4138819
Botswana,1979,964166
Brazil,1979,118342626
British Virgin Islands,1979,10792
Brunei Darussalam,1979,187656
Bulgaria,1979,8825940
Burkina Faso,1979,6671656
Burundi,1979,4013310
Cabo Verde,1979,282415
Cambodia,1979,6768724
Cameroon,1979,8364835
Canada,1979,24277000
Cayman Islands,1979,15444
Central African Republic,1979,2218575
Chad,1979,4420716
Channel Islands,1979,127692
Chile,1979,11096868
China,1979,969005000
Colombia,1979,27113512
Comoros,1979,297447
Costa Rica,1979,2326704
Cote d'Ivoire,1979,7934279
Croatia,1979,4571000
Cuba,1979,9777290
Curacao,1979,147851
Cyprus,1979,680011
Czech Republic,1979,10292341
Denmark,1979,5116801
Djibouti,1979,336085
Dominica,1979,74925
Dominican Republic,1979,5675931
Ecuador,1979,7772653
El Salvador,1979,4501316
Equatorial Guinea,1979,247078
Eritrea,1979,2318495
Estonia,1979,1468333
Ethiopia,1979,34590226
Faroe Islands,1979,43101
Fiji,1979,621538
Finland,1979,4764690
France,1979,55130594
French Polynesia,1979,147296
Gabon,1979,711533
Georgia,1979,4430200
Germany,1979,78126350
Ghana,1979,10550777
Gibraltar,1979,30177
Greece,1979,9548258
Greenland,1979,49600
Grenada,1979,88568
Guam,1979,101844
Guatemala,1979,7106145
Guinea,1979,4457078
Guinea-Bissau,1979,792462
Guyana,1979,776254
Haiti,1979,5566266
Honduras,1979,3566665
Hungary,1979,10704152
Iceland,1979,225735
India,1979,680915804
Indonesia,1979,144053518
Iraq,1979,13257799
Ireland,1979,3373750
Isle of Man,1979,63151
Israel,1979,3786000
Italy,1979,56317749
Jamaica,1979,2132690
Japan,1979,115870000
Jordan,1979,2299655
Kazakhstan,1979,14362417
Kenya,1979,15662852
Kiribati,1979,58506
Kosovo,1979,1491000
Kuwait,1979,1299683
Kyrgyz Republic,1979,3552000
Lao PDR,1979,3207328
Latvia,1979,2505953
Lebanon,1979,2602566
Lesotho,1979,1276663
Liberia,1979,1826881
Libya,1979,3096729
Liechtenstein,1979,25447
Lithuania,1979,3397842
Luxembourg,1979,362856
Madagascar,1979,8469672
Malawi,1979,5986332
Malaysia,1979,13460201
Maldives,1979,153386
Mali,1979,6956579
Malta,1979,313342
Marshall Islands,1979,29418
Mauritania,1979,1490603
Mauritius,1979,949888
Mexico,1979,67709689
Moldova,1979,3366000
Monaco,1979,26395
Mongolia,1979,1646291
Montenegro,1979,566888
Morocco,1979,19543347
Mozambique,1979,11554979
Myanmar,1979,32613888
Namibia,1979,991226
Nauru,1979,7393
Nepal,1979,14566691
Netherlands,1979,14038270
New Caledonia,1979,138500
New Zealand,1979,3109000
Nicaragua,1979,3157355
Niger,1979,5818506
Nigeria,1979,71391290
Northern Mariana Islands,1979,15862
Norway,1979,4072517
Oman,1979,1091853
Pakistan,1979,75567682
Palau,1979,12124
Panama,1979,1931389
Papua New Guinea,1979,3213360
Paraguay,1979,3094482
Peru,1979,16924753
Philippines,1979,46113995
Poland,1979,35247217
Portugal,1979,9661265
Puerto Rico,1979,3168088
Qatar,1979,205313
Romania,1979,22090488
Russian Federation,1979,138027000
Rwanda,1979,4968074
Samoa,1979,154760
San Marino,1979,21030
Sao Tome and Principe,1979,92649
Saudi Arabia,1979,9179621
Senegal,1979,5448110
Seychelles,1979,62686
Sierra Leone,1979,3286179
Singapore,1979,2383500
Slovak Republic,1979,4938973
Slovenia,1979,1882599
Solomon Islands,1979,222897
Somalia,1979,5953615
South Africa,1979,28360820
South Sudan,1979,4569423
Spain,1979,37191330
Sri Lanka,1979,14472000
St. Kitts and Nevis,1979,43457
St. Lucia,1979,116290
St. Martin (French part),1979,7303
St. Vincent and the Grenadines,1979,99590
Sudan,1979,14002303
Suriname,1979,362125
Swaziland,1979,585344
Sweden,1979,8293678
Switzerland,1979,6294365
Syrian Arab Republic,1979,8625690
Tajikistan,1979,3794420
Tanzania,1979,18109884
Thailand,1979,46412307
Timor-Leste,1979,595872
Togo,1979,2642846
Tonga,1979,92300
Trinidad and Tobago,1979,1069202
Tunisia,1979,6205212
Turkey,1979,42993991
Turkmenistan,1979,2805818
Turks and Caicos Islands,1979,7264
Tuvalu,1979,7962
Uganda,1979,12178544
Ukraine,1979,49751257
United Arab Emirates,1979,952040
United Kingdom,1979,56246951
United States,1979,225055000
Uruguay,1979,2896023
Uzbekistan,1979,15516862
Vanuatu,1979,112580
Vietnam,1979,52574000
Virgin Islands (U.S.),1979,96000
Zambia,1979,5691749
Zimbabwe,1979,6921790
