Afghanistan,1999,19403676
Albania,1999,3108778
Algeria,1999,30765613
American Samoa,1999,56770
Andorra,1999,64370
Angola,1999,15949766
Antigua and Barbuda,1999,81831
Argentina,1999,36648068
Armenia,1999,3089017
Aruba,1999,89005
Australia,1999,18926000
Austria,1999,7992324
Azerbaijan,1999,7982750
Bahrain,1999,636545
Bangladesh,1999,129029691
Barbados,1999,268922
Belarus,1999,10026738
Belgium,1999,10226419
Belize,1999,239026
Benin,1999,6664098
Bermuda,1999,61285
Bhutan,1999,557543
Bolivia,1999,8182712
Bosnia and Herzegovina,1999,3759118
Botswana,1999,1699862
Brazil,1999,172759243
British Virgin Islands,1999,20188
Brunei Darussalam,1999,326289
Bulgaria,1999,8210624
Burkina Faso,1999,11282701
Burundi,1999,6278940
Cabo Verde,1999,426285
Cambodia,1999,11883636
Cameroon,1999,14891891
Canada,1999,30499200
Cayman Islands,1999,39808
Central African Republic,1999,3676508
Chad,1999,8041846
Channel Islands,1999,147687
Chile,1999,15076952
China,1999,1252735000
Colombia,1999,39819279
Comoros,1999,528848
Costa Rica,1999,3848723
Cote d'Ivoire,1999,16300233
Croatia,1999,4554000
Cuba,1999,11110004
Curacao,1999,139428
Cyprus,1999,926050
Czech Republic,1999,10283860
Denmark,1999,5321799
Djibouti,1999,700099
Dominica,1999,69903
Dominican Republic,1999,8429112
Ecuador,1999,12398691
El Salvador,1999,5825187
Equatorial Guinea,1999,589938
Eritrea,1999,3302263
Estonia,1999,1390244
Ethiopia,1999,64640054
Faroe Islands,1999,46937
Fiji,1999,806494
Finland,1999,5165474
France,1999,60496715
French Polynesia,1999,232952
Gabon,1999,1200773
Georgia,1999,4452500
Germany,1999,82100243
Ghana,1999,18477612
Gibraltar,1999,30991
Greece,1999,10761698
Greenland,1999,56100
Grenada,1999,101442
Guam,1999,153953
Guatemala,1999,11387203
Guinea,1999,8653769
Guinea-Bissau,1999,1220794
Guyana,1999,755278
Haiti,1999,8404398
Honduras,1999,6357221
Hungary,1999,10237530
Iceland,1999,277381
India,1999,1034539214
Indonesia,1999,208612556
Iraq,1999,22878156
Ireland,1999,3754786
Isle of Man,1999,71952
Israel,1999,6125000
Italy,1999,56916317
Jamaica,1999,2634882
Japan,1999,126631000
Jordan,1999,5014899
Kazakhstan,1999,14928426
Kenya,1999,30600397
Kiribati,1999,82966
Kosovo,1999,1762000
Kuwait,1999,1957066
Kyrgyz Republic,1999,4840400
Lao PDR,1999,5241284
Latvia,1999,2390482
Lebanon,1999,3156646
Lesotho,1999,1850527
Liberia,1999,2734518
Libya,1999,5274163
Liechtenstein,1999,32842
Lithuania,1999,3524238
Luxembourg,1999,430475
Madagascar,1999,15282521
Malawi,1999,11044356
Malaysia,1999,22656286
Maldives,1999,280000
Mali,1999,10663723
Malta,1999,387578
Marshall Islands,1999,52079
Mauritania,1999,2628803
Mauritius,1999,1175267
Mexico,1999,100300579
Moldova,1999,3647001
Monaco,1999,31800
Mongolia,1999,2376162
Montenegro,1999,606001
Morocco,1999,28514798
Mozambique,1999,17584869
Myanmar,1999,45539435
Namibia,1999,1858042
Nauru,1999,10044
Nepal,1999,23305994
Netherlands,1999,15812088
New Caledonia,1999,209214
New Zealand,1999,3835100
Nicaragua,1999,4949660
Niger,1999,10947829
Nigeria,1999,119327073
Northern Mariana Islands,1999,67755
Norway,1999,4461913
Oman,1999,2254918
Pakistan,1999,135405584
Palau,1999,18879
Panama,1999,2971197
Papua New Guinea,1999,5430479
Paraguay,1999,5196937
Peru,1999,25561299
Philippines,1999,76335812
Poland,1999,38660271
Portugal,1999,10217828
Puerto Rico,1999,3800081
Qatar,1999,569447
Romania,1999,22472040
Russian Federation,1999,147214392
Rwanda,1999,7593239
Samoa,1999,173755
San Marino,1999,27096
Sao Tome and Principe,1999,135886
Saudi Arabia,1999,20294406
Senegal,1999,9645957
Serbia,1999,7540401
Seychelles,1999,80410
Sierra Leone,1999,4437803
Singapore,1999,3958723
Sint Maarten (Dutch part),1999,31084
Slovak Republic,1999,5396020
Slovenia,1999,1983045
Solomon Islands,1999,401538
Somalia,1999,8720231
South Africa,1999,44233730
South Sudan,1999,6405864
Spain,1999,40386875
Sri Lanka,1999,18532000
St. Kitts and Nevis,1999,44824
St. Lucia,1999,155172
St. Martin (French part),1999,29305
St. Vincent and the Grenadines,1999,107880
Sudan,1999,26607042
Suriname,1999,467003
Swaziland,1999,1045629
Sweden,1999,8857874
Switzerland,1999,7143991
Syrian Arab Republic,1999,16016092
Tajikistan,1999,6114886
Tanzania,1999,33291540
Thailand,1999,62306651
Timor-Leste,1999,863269
Togo,1999,4825704
Tonga,1999,97591
Trinidad and Tobago,1999,1264775
Tunisia,1999,9603742
Turkey,1999,62287326
Turkmenistan,1999,4466132
Turks and Caicos Islands,1999,17864
Tuvalu,1999,9345
Uganda,1999,23272995
Ukraine,1999,49673350
United Arab Emirates,1999,2988162
United Kingdom,1999,58682466
United States,1999,279040000
Uruguay,1999,3309318
Uzbekistan,1999,24311650
Vanuatu,1999,181345
Vietnam,1999,76596700
Virgin Islands (U.S.),1999,108596
West Bank and Gaza,1999,2848431
Zambia,1999,10239714
Zimbabwe,1999,12064537
