Afghanistan,1980,13248370
Albania,1980,2671997
Algeria,1980,19337715
American Samoa,1980,32457
Andorra,1980,36067
Angola,1980,8929900
Antigua and Barbuda,1980,73442
Argentina,1980,28105888
Armenia,1980,3099751
Aruba,1980,60096
Australia,1980,14692000
Austria,1980,7549433
Azerbaijan,1980,6150738
Bahrain,1980,359888
Bangladesh,1980,81470860
Barbados,1980,252194
Belarus,1980,9643000
Belgium,1980,9859242
Belize,1980,144155
Benin,1980,3717165
Bermuda,1980,54670
Bhutan,1980,409172
Bolivia,1980,5589575
Bosnia and Herzegovina,1980,4179855
Botswana,1980,1001158
Brazil,1980,121159761
British Virgin Islands,1980,11002
Brunei Darussalam,1980,193949
Bulgaria,1980,8861535
Burkina Faso,1980,6822843
Burundi,1980,4116817
Cabo Verde,1980,286657
Cambodia,1980,6692107
Cameroon,1980,8618354
Canada,1980,24593000
Cayman Islands,1980,16162
Central African Republic,1980,2279821
Chad,1980,4512042
Channel Islands,1980,128212
Chile,1980,11266226
China,1980,981235000
Colombia,1980,27737900
Comoros,1980,307829
Costa Rica,1980,2389310
Cote d'Ivoire,1980,8293675
Croatia,1980,4588000
Cuba,1980,9835177
Curacao,1980,148041
Cyprus,1980,685406
Czech Republic,1980,10304193
Denmark,1980,5123027
Djibouti,1980,358960
Dominica,1980,75314
Dominican Republic,1980,5809269
Ecuador,1980,7976445
El Salvador,1980,4580704
Equatorial Guinea,1980,255325
Eritrea,1980,2385540
Estonia,1980,1477219
Ethiopia,1980,35264898
Faroe Islands,1980,43514
Fiji,1980,635255
Finland,1980,4779535
France,1980,55340782
French Polynesia,1980,151708
Gabon,1980,729159
Georgia,1980,4467700
Germany,1980,78288576
Ghana,1980,10802028
Gibraltar,1980,30272
Greece,1980,9642505
Greenland,1980,50200
Grenada,1980,89005
Guam,1980,104133
Guatemala,1980,7283459
Guinea,1980,4511902
Guinea-Bissau,1980,800854
Guyana,1980,780153
Haiti,1980,5688836
Honduras,1980,3678286
Hungary,1980,10711122
Iceland,1980,228138
India,1980,696783517
Indonesia,1980,147490365
Iraq,1980,13653356
Ireland,1980,3412800
Isle of Man,1980,63551
Israel,1980,3878000
Italy,1980,56433883
Jamaica,1980,2163045
Japan,1980,116782000
Jordan,1980,2374422
Kazakhstan,1980,14518924
Kenya,1980,16268990
Kiribati,1980,59339
Kosovo,1980,1521000
Kuwait,1980,1372318
Kyrgyz Republic,1980,3617400
Lao PDR,1980,3258144
Latvia,1980,2511701
Lebanon,1980,2605293
Lesotho,1980,1310118
Liberia,1980,1888314
Libya,1980,3219466
Liechtenstein,1980,25866
Lithuania,1980,3413202
Luxembourg,1980,364150
Madagascar,1980,8716553
Malawi,1980,6163080
Malaysia,1980,13798125
Maldives,1980,158385
Mali,1980,7090126
Malta,1980,316645
Marshall Islands,1980,30576
Mauritania,1980,1534085
Mauritius,1980,966039
Mexico,1980,69360871
Moldova,1980,3396000
Monaco,1980,26745
Mongolia,1980,1689622
Montenegro,1980,572608
Morocco,1980,20019847
Mozambique,1980,11848331
Myanmar,1980,33369712
Namibia,1980,1012672
Nauru,1980,7488
Nepal,1980,14902163
Netherlands,1980,14149800
New Caledonia,1980,140050
New Zealand,1980,3112900
Nicaragua,1980,3249910
Niger,1980,5988904
Nigeria,1980,73460724
Northern Mariana Islands,1980,16920
Norway,1980,4085620
Oman,1980,1154379
Pakistan,1980,78068144
Palau,1980,12194
Panama,1980,1978578
Papua New Guinea,1980,3304473
Paraguay,1980,3180630
Peru,1980,17359120
Philippines,1980,47396968
Poland,1980,35574150
Portugal,1980,9766312
Puerto Rico,1980,3206000
Qatar,1980,223775
Romania,1980,22242653
Russian Federation,1980,139010000
Rwanda,1980,5140716
Samoa,1980,155557
San Marino,1980,21361
Sao Tome and Principe,1980,94949
Saudi Arabia,1980,9740599
Senegal,1980,5592646
Seychelles,1980,63261
Sierra Leone,1980,3365441
Singapore,1980,2413945
Slovak Republic,1980,4979815
Slovenia,1980,1901315
Solomon Islands,1980,230607
Somalia,1980,6359126
South Africa,1980,29077143
South Sudan,1980,4705224
Spain,1980,37491165
Sri Lanka,1980,14747000
St. Kitts and Nevis,1980,43210
St. Lucia,1980,117987
St. Martin (French part),1980,7580
St. Vincent and the Grenadines,1980,100505
Sudan,1980,14507468
Suriname,1980,362777
Swaziland,1980,603372
Sweden,1980,8310531
Switzerland,1980,6319408
Syrian Arab Republic,1980,8930774
Tajikistan,1980,3905413
Tanzania,1980,18683157
Thailand,1980,47385323
Timor-Leste,1980,587563
Togo,1980,2720839
Tonga,1980,93007
Trinidad and Tobago,1980,1085308
Tunisia,1980,6368167
Turkey,1980,43975921
Turkmenistan,1980,2876808
Turks and Caicos Islands,1980,7519
Tuvalu,1980,8052
Uganda,1980,12549540
Ukraine,1980,49968812
United Arab Emirates,1980,1042384
United Kingdom,1980,56314216
United States,1980,227225000
Uruguay,1980,2915778
Uzbekistan,1980,15939744
Vanuatu,1980,115632
Vietnam,1980,53700000
Virgin Islands (U.S.),1980,97000
Zambia,1980,5889230
Zimbabwe,1980,7164172
